var urls=$$('a');
for(url in urls)
 console.log(urls[url].href);
https://www.behance.net/
https://www.behance.net/search
https://www.behance.net/galleries
https://www.behance.net/poweredby
https://www.behance.net/joblist
https://www.behance.net/adobetalent?tracking_source=nav_button
https://www.behance.net/adobetalent?tracking_source=nav_button_logged_out

https://www.behance.net/adobetalent?tracking_source=nav_button_logged_out
https://www.adobe.com/

https://www.behance.net/

https://www.behance.net/

https://www.behance.net/search?sort=featured_date
https://www.behance.net/search?sort=appreciations
https://www.behance.net/search?sort=views
https://www.behance.net/search?sort=comments
https://www.behance.net/search?sort=published_date
https://www.behance.net/search?sort=followed
https://www.behance.net/search?time=all
https://www.behance.net/search?time=today
https://www.behance.net/search?time=week
https://www.behance.net/search?time=month

https://www.behance.net/kaushalpanchal
https://www.behance.net/search?content=users&sort=appreciations&country=IN&city=Ahmedabad
https://www.behance.net/search?field=132
https://www.behance.net/search?field=44
https://www.behance.net/search?field=109

https://www.behance.net/kaushalpanchal
https://www.behance.net/maulikjani
https://www.behance.net/search?content=users&sort=appreciations&country=IN&city=Ahmedabad
https://www.behance.net/search?field=86
https://www.behance.net/search?field=124
https://www.behance.net/search?field=122

https://www.behance.net/maulikjani
https://www.behance.net/72pxdesigns
https://www.behance.net/search?content=users&sort=appreciations&country=IN&city=Ahmedabad
https://www.behance.net/search?field=132
https://www.behance.net/search?field=102
https://www.behance.net/search?field=73

https://www.behance.net/72pxdesigns
https://www.behance.net/proarch3d
https://www.behance.net/search?content=users&sort=appreciations&country=IN&city=Ahmedabad
https://www.behance.net/search?field=4
https://www.behance.net/search?field=36
https://www.behance.net/search?field=44

https://www.behance.net/proarch3d
https://www.behance.net/bouncy
https://www.behance.net/search?content=users&sort=appreciations&country=IN&city=Ahmedabad
https://www.behance.net/search?field=44
https://www.behance.net/search?field=132
https://www.behance.net/search?field=78

https://www.behance.net/bouncy
https://www.behance.net/agileinfoways
https://www.behance.net/search?content=users&sort=appreciations&country=IN&city=Ahmedabad
https://www.behance.net/search?field=132
https://www.behance.net/search?field=102
https://www.behance.net/search?field=131

https://www.behance.net/agileinfoways
https://www.behance.net/sahilvhora
https://www.behance.net/search?content=users&sort=appreciations&country=IN&city=Ahmedabad
https://www.behance.net/search?field=132
https://www.behance.net/search?field=109
https://www.behance.net/search?field=102

https://www.behance.net/sahilvhora
https://www.behance.net/neha_1022
https://www.behance.net/search?content=users&sort=appreciations&country=IN&city=Ahmedabad
https://www.behance.net/search?field=53
https://www.behance.net/search?field=66
https://www.behance.net/search?field=51

https://www.behance.net/neha_1022
https://www.behance.net/kuduchkar
https://www.behance.net/search?content=users&sort=appreciations&country=IN&city=Ahmedabad
https://www.behance.net/search?field=44
https://www.behance.net/search?field=5
https://www.behance.net/search?field=97

https://www.behance.net/kuduchkar
https://www.behance.net/akrutichhatbar
https://www.behance.net/search?content=users&sort=appreciations&country=IN&city=Ahmedabad
https://www.behance.net/search?field=48
https://www.behance.net/search?field=109
https://www.behance.net/search?field=132

https://www.behance.net/akrutichhatbar
https://www.behance.net/chintan-pokiya
https://www.behance.net/search?content=users&sort=appreciations&country=IN&city=Ahmedabad
https://www.behance.net/search?field=132
https://www.behance.net/search?field=102
https://www.behance.net/search?field=79

https://www.behance.net/chintan-pokiya
https://www.behance.net/misalmehta
https://www.behance.net/search?content=users&sort=appreciations&country=IN&city=Ahmedabad
https://www.behance.net/search?field=44
https://www.behance.net/search?field=67
https://www.behance.net/search?field=48

https://www.behance.net/misalmehta
https://www.behance.net/indiaartist
https://www.behance.net/search?content=users&sort=appreciations&country=IN&city=Ahmedabad
https://www.behance.net/search?field=67
https://www.behance.net/search?field=112
https://www.behance.net/search?field=110

https://www.behance.net/indiaartist
https://www.behance.net/SnehaRane
https://www.behance.net/search?content=users&sort=appreciations&country=IN&city=Ahmedabad
https://www.behance.net/search?field=73
https://www.behance.net/search?field=74
https://www.behance.net/search?field=4

https://www.behance.net/SnehaRane
https://www.behance.net/rrbthe1
https://www.behance.net/search?content=users&sort=appreciations&country=IN&city=Ahmedabad
https://www.behance.net/search?field=132
https://www.behance.net/search?field=44
https://www.behance.net/search?field=109

https://www.behance.net/rrbthe1
https://www.behance.net/pixshub
https://www.behance.net/search?content=users&sort=appreciations&country=IN&city=Ahmedabad
https://www.behance.net/search?field=132
https://www.behance.net/search?field=102
https://www.behance.net/search?field=131

https://www.behance.net/pixshub
https://www.behance.net/peerbits
https://www.behance.net/search?content=users&sort=appreciations&country=IN&city=Ahmedabad
https://www.behance.net/search?field=132
https://www.behance.net/search?field=44
https://www.behance.net/search?field=102

https://www.behance.net/peerbits
https://www.behance.net/heritagei
https://www.behance.net/search?content=users&sort=appreciations&country=IN&city=Ahmedabad
https://www.behance.net/search?field=132
https://www.behance.net/search?field=131
https://www.behance.net/search?field=44

https://www.behance.net/heritagei
https://www.behance.net/kenil
https://www.behance.net/search?content=users&sort=appreciations&country=IN&city=Ahmedabad
https://www.behance.net/search?field=132
https://www.behance.net/search?field=5
https://www.behance.net/search?field=102

https://www.behance.net/kenil
https://www.behance.net/purvaja
https://www.behance.net/search?content=users&sort=appreciations&country=IN&city=Ahmedabad
https://www.behance.net/search?field=44
https://www.behance.net/search?field=78
https://www.behance.net/search?field=5

https://www.behance.net/purvaja
https://www.behance.net/praxisstudio
https://www.behance.net/search?content=users&sort=appreciations&country=IN&city=Ahmedabad
https://www.behance.net/search?field=4
https://www.behance.net/search?field=51
https://www.behance.net/search?field=44

https://www.behance.net/praxisstudio
https://www.behance.net/hardikgodhaniya
https://www.behance.net/search?content=users&sort=appreciations&country=IN&city=Ahmedabad
https://www.behance.net/search?field=132
https://www.behance.net/search?field=102
https://www.behance.net/search?field=51

https://www.behance.net/hardikgodhaniya
https://www.behance.net/sreenihal
https://www.behance.net/search?content=users&sort=appreciations&country=IN&city=Ahmedabad
https://www.behance.net/search?field=48
https://www.behance.net/search?field=67
https://www.behance.net/search?field=112

https://www.behance.net/sreenihal
https://www.behance.net/samsu
https://www.behance.net/search?content=users&sort=appreciations&country=IN&city=Ahmedabad
https://www.behance.net/search?field=132
https://www.behance.net/search?field=131
https://www.behance.net/search?field=44

https://www.behance.net/samsu
https://www.behance.net/stwi
https://www.behance.net/search?content=users&sort=appreciations&country=IN&city=Ahmedabad
https://www.behance.net/search?field=102
https://www.behance.net/search?field=109
https://www.behance.net/search?field=132

https://www.behance.net/stwi
https://www.behance.net/softqube
https://www.behance.net/search?content=users&sort=appreciations&country=IN&city=Ahmedabad
https://www.behance.net/search?field=44
https://www.behance.net/search?field=102
https://www.behance.net/search?field=48

https://www.behance.net/softqube
https://www.behance.net/appixshot
https://www.behance.net/search?content=users&sort=appreciations&country=IN&city=Ahmedabad
https://www.behance.net/search?field=132
https://www.behance.net/search?field=44
https://www.behance.net/search?field=102

https://www.behance.net/appixshot
https://www.behance.net/imanand
https://www.behance.net/search?content=users&sort=appreciations&country=IN&city=Ahmedabad
https://www.behance.net/search?field=102
https://www.behance.net/search?field=132
https://www.behance.net/search?field=44

https://www.behance.net/imanand
https://www.behance.net/anupshah154fe31
https://www.behance.net/search?content=users&sort=appreciations&country=IN&city=Ahmedabad
https://www.behance.net/search?field=133
https://www.behance.net/search?field=97
https://www.behance.net/search?field=44

https://www.behance.net/anupshah154fe31
https://www.behance.net/vishnuchandran
https://www.behance.net/search?content=users&sort=appreciations&country=IN&city=Ahmedabad
https://www.behance.net/search?field=3
https://www.behance.net/search?field=44
https://www.behance.net/search?field=63

https://www.behance.net/vishnuchandran
https://www.behance.net/swiftstudi7bd1
https://www.behance.net/search?content=users&sort=appreciations&country=IN&city=Ahmedabad
https://www.behance.net/search?field=102
https://www.behance.net/search?field=44
https://www.behance.net/search?field=132

https://www.behance.net/swiftstudi7bd1
https://www.behance.net/threedot
https://www.behance.net/search?content=users&sort=appreciations&country=IN&city=Ahmedabad
https://www.behance.net/search?field=44
https://www.behance.net/search?field=109
https://www.behance.net/search?field=5

https://www.behance.net/threedot
https://www.behance.net/dhavalartist
https://www.behance.net/search?content=users&sort=appreciations&country=IN&city=Ahmedabad
https://www.behance.net/search?field=44
https://www.behance.net/search?field=48
https://www.behance.net/search?field=110

https://www.behance.net/dhavalartist
https://www.behance.net/coderthemes
https://www.behance.net/search?content=users&sort=appreciations&country=IN&city=Ahmedabad
https://www.behance.net/search?field=132
https://www.behance.net/search?field=102

https://www.behance.net/coderthemes
https://www.behance.net/awns
https://www.behance.net/search?content=users&sort=appreciations&country=IN&city=Ahmedabad
https://www.behance.net/search?field=44
https://www.behance.net/search?field=102
https://www.behance.net/search?field=5

https://www.behance.net/awns
https://www.behance.net/makasanasd65c
https://www.behance.net/search?content=users&sort=appreciations&country=IN&city=Ahmedabad
https://www.behance.net/search?field=132
https://www.behance.net/search?field=102
https://www.behance.net/search?field=44

https://www.behance.net/makasanasd65c
https://www.behance.net/rddesigner91
https://www.behance.net/search?content=users&sort=appreciations&country=IN&city=Ahmedabad
https://www.behance.net/search?field=44
https://www.behance.net/search?field=109
https://www.behance.net/search?field=78

https://www.behance.net/rddesigner91
https://www.behance.net/aakashkiri
https://www.behance.net/search?content=users&sort=appreciations&country=IN&city=Ahmedabad
https://www.behance.net/search?field=44
https://www.behance.net/search?field=132
https://www.behance.net/search?field=51

https://www.behance.net/aakashkiri
https://www.behance.net/pratikagrawal
https://www.behance.net/search?content=users&sort=appreciations&country=IN&city=Ahmedabad
https://www.behance.net/search?field=44
https://www.behance.net/search?field=132

https://www.behance.net/pratikagrawal
https://www.behance.net/PranavNiranjani
https://www.behance.net/search?content=users&sort=appreciations&country=IN&city=Ahmedabad
https://www.behance.net/search?field=44
https://www.behance.net/search?field=109
https://www.behance.net/search?field=5

https://www.behance.net/PranavNiranjani
https://www.behance.net/brijmohan
https://www.behance.net/search?content=users&sort=appreciations&country=IN&city=Ahmedabad
https://www.behance.net/search?field=109
https://www.behance.net/search?field=102
https://www.behance.net/search?field=44

https://www.behance.net/brijmohan
https://www.behance.net/Shatul
https://www.behance.net/search?content=users&sort=appreciations&country=IN&city=Ahmedabad
https://www.behance.net/search?field=95
https://www.behance.net/search?field=49
https://www.behance.net/search?field=48

https://www.behance.net/Shatul
https://www.behance.net/dimplebhavsar
https://www.behance.net/search?content=users&sort=appreciations&country=IN&city=Ahmedabad
https://www.behance.net/search?field=132
https://www.behance.net/search?field=102
https://www.behance.net/search?field=44

https://www.behance.net/dimplebhavsar
https://www.behance.net/prayasrokde
https://www.behance.net/search?content=users&sort=appreciations&country=IN&city=Ahmedabad
https://www.behance.net/search?field=49
https://www.behance.net/search?field=79
https://www.behance.net/search?field=130

https://www.behance.net/prayasrokde
https://www.behance.net/anilchavda
https://www.behance.net/search?content=users&sort=appreciations&country=IN&city=Ahmedabad
https://www.behance.net/search?field=102
https://www.behance.net/search?field=132
https://www.behance.net/search?field=48

https://www.behance.net/anilchavda
https://www.behance.net/Meghna_De
https://www.behance.net/search?content=users&sort=appreciations&country=IN&city=Ahmedabad
https://www.behance.net/search?field=95
https://www.behance.net/search?field=21
https://www.behance.net/search?field=52

https://www.behance.net/Meghna_De
https://www.behance.net/arjunkdas
https://www.behance.net/search?content=users&sort=appreciations&country=IN&city=Ahmedabad
https://www.behance.net/search?field=48
https://www.behance.net/search?field=122
https://www.behance.net/search?field=43

https://www.behance.net/arjunkdas
https://www.behance.net/aakashsoneri
https://www.behance.net/search?content=users&sort=appreciations&country=IN&city=Ahmedabad
https://www.behance.net/search?field=97
https://www.behance.net/search?field=44

https://www.behance.net/aakashsoneri
https://www.behance.net/parvati
https://www.behance.net/search?content=users&sort=appreciations&country=IN&city=Ahmedabad
https://www.behance.net/search?field=48
https://www.behance.net/search?field=122
https://www.behance.net/search?field=5

https://www.behance.net/parvati
https://www.behance.net/mokshasd
https://www.behance.net/search?content=users&sort=appreciations&country=IN&city=Ahmedabad
https://www.behance.net/search?field=132
https://www.behance.net/search?field=44
https://www.behance.net/search?field=131

https://www.behance.net/mokshasd
https://www.behance.net/khushik2168
https://www.behance.net/search?content=users&sort=appreciations&country=IN&city=Ahmedabad
https://www.behance.net/search?field=44
https://www.behance.net/search?field=48
https://www.behance.net/search?field=109

https://www.behance.net/khushik2168
https://www.behance.net/visakhviswam
https://www.behance.net/search?content=users&sort=appreciations&country=IN&city=Ahmedabad
https://www.behance.net/search?field=36
https://www.behance.net/search?field=52
https://www.behance.net/search?field=112

https://www.behance.net/visakhviswam
https://www.behance.net/d3freelance
https://www.behance.net/search?content=users&sort=appreciations&country=IN&city=Ahmedabad
https://www.behance.net/search?field=44
https://www.behance.net/search?field=109
https://www.behance.net/search?field=78

https://www.behance.net/d3freelance
https://www.behance.net/nili_b
https://www.behance.net/search?content=users&sort=appreciations&country=IN&city=Ahmedabad
https://www.behance.net/search?field=48
https://www.behance.net/search?field=15
https://www.behance.net/search?field=122

https://www.behance.net/nili_b
https://www.behance.net/wildchildstudios
https://www.behance.net/search?content=users&sort=appreciations&country=IN&city=Ahmedabad
https://www.behance.net/search?field=3
https://www.behance.net/search?field=63
https://www.behance.net/search?field=120

https://www.behance.net/wildchildstudios
https://www.behance.net/davekrutik9c3c
https://www.behance.net/search?content=users&sort=appreciations&country=IN&city=Ahmedabad

https://www.behance.net/davekrutik9c3c
https://www.behance.net/cosire
https://www.behance.net/search?content=users&sort=appreciations&country=IN&city=Ahmedabad
https://www.behance.net/search?field=79
https://www.behance.net/search?field=109
https://www.behance.net/search?field=44

https://www.behance.net/cosire
https://www.behance.net/fungusdesign
https://www.behance.net/search?content=users&sort=appreciations&country=IN&city=Ahmedabad
https://www.behance.net/search?field=43
https://www.behance.net/search?field=67
https://www.behance.net/search?field=48

https://www.behance.net/fungusdesign
https://www.behance.net/prk
https://www.behance.net/search?content=users&sort=appreciations&country=IN&city=Ahmedabad
https://www.behance.net/search?field=37
https://www.behance.net/search?field=44
https://www.behance.net/search?field=93

https://www.behance.net/prk
https://www.behance.net/vishal09
https://www.behance.net/search?content=users&sort=appreciations&country=IN&city=Ahmedabad
https://www.behance.net/search?field=132
https://www.behance.net/search?field=51
https://www.behance.net/search?field=126

https://www.behance.net/vishal09
https://www.behance.net/aashishkumar
https://www.behance.net/search?content=users&sort=appreciations&country=IN&city=Ahmedabad
https://www.behance.net/search?field=48
https://www.behance.net/search?field=95
https://www.behance.net/search?field=78

https://www.behance.net/aashishkumar
https://www.behance.net/maurvishah
https://www.behance.net/search?content=users&sort=appreciations&country=IN&city=Ahmedabad
https://www.behance.net/search?field=44
https://www.behance.net/search?field=109
https://www.behance.net/search?field=78

https://www.behance.net/maurvishah
https://www.behance.net/samip123
https://www.behance.net/search?content=users&sort=appreciations&country=IN&city=Ahmedabad
https://www.behance.net/search?field=79
https://www.behance.net/search?field=49
https://www.behance.net/search?field=66

https://www.behance.net/samip123
https://www.behance.net/GargiSwami
https://www.behance.net/search?content=users&sort=appreciations&country=IN&city=Ahmedabad
https://www.behance.net/search?field=49
https://www.behance.net/search?field=40
https://www.behance.net/search?field=79

https://www.behance.net/GargiSwami
https://www.behance.net/daisydutta
https://www.behance.net/search?content=users&sort=appreciations&country=IN&city=Ahmedabad
https://www.behance.net/search?field=44
https://www.behance.net/search?field=97
https://www.behance.net/search?field=109

https://www.behance.net/daisydutta
https://www.behance.net/tanzyh
https://www.behance.net/search?content=users&sort=appreciations&country=IN&city=Ahmedabad
https://www.behance.net/search?field=109
https://www.behance.net/search?field=44
https://www.behance.net/search?field=97

https://www.behance.net/tanzyh
https://www.behance.net/RadhikaSarraf
https://www.behance.net/search?content=users&sort=appreciations&country=IN&city=Ahmedabad
https://www.behance.net/search?field=49
https://www.behance.net/search?field=40
https://www.behance.net/search?field=79

https://www.behance.net/RadhikaSarraf
https://www.behance.net/thedeeps
https://www.behance.net/search?content=users&sort=appreciations&country=IN&city=Ahmedabad
https://www.behance.net/search?field=132
https://www.behance.net/search?field=44
https://www.behance.net/search?field=73

https://www.behance.net/thedeeps
https://www.behance.net/AmiAdeshra
https://www.behance.net/search?content=users&sort=appreciations&country=IN&city=Ahmedabad
https://www.behance.net/search?field=3
https://www.behance.net/search?field=44
https://www.behance.net/search?field=63

https://www.behance.net/AmiAdeshra
https://www.behance.net/rebirthpixel
https://www.behance.net/search?content=users&sort=appreciations&country=IN&city=Ahmedabad
https://www.behance.net/search?field=44
https://www.behance.net/search?field=132
https://www.behance.net/search?field=48

https://www.behance.net/rebirthpixel
https://www.behance.net/sonaldartist
https://www.behance.net/search?content=users&sort=appreciations&country=IN&city=Ahmedabad
https://www.behance.net/search?field=67
https://www.behance.net/search?field=135
https://www.behance.net/search?field=21

https://www.behance.net/sonaldartist
https://www.behance.net/jayneel
https://www.behance.net/search?content=users&sort=appreciations&country=IN&city=Ahmedabad
https://www.behance.net/search?field=122
https://www.behance.net/search?field=79
https://www.behance.net/search?field=49

https://www.behance.net/jayneel
https://www.behance.net/kalyanit
https://www.behance.net/search?content=users&sort=appreciations&country=IN&city=Ahmedabad
https://www.behance.net/search?field=49
https://www.behance.net/search?field=79
https://www.behance.net/search?field=48

https://www.behance.net/kalyanit
https://www.behance.net/designer_IND
https://www.behance.net/search?content=users&sort=appreciations&country=IN&city=Ahmedabad
https://www.behance.net/search?field=132
https://www.behance.net/search?field=131
https://www.behance.net/search?field=44

https://www.behance.net/designer_IND
https://www.behance.net/sonika_design
https://www.behance.net/search?content=users&sort=appreciations&country=IN&city=Ahmedabad
https://www.behance.net/search?field=95
https://www.behance.net/search?field=49
https://www.behance.net/search?field=48

https://www.behance.net/sonika_design
https://www.behance.net/ZeroGravityComm
https://www.behance.net/search?content=users&sort=appreciations&country=IN&city=Ahmedabad
https://www.behance.net/search?field=109
https://www.behance.net/search?field=108
https://www.behance.net/search?field=44

https://www.behance.net/ZeroGravityComm
https://www.behance.net/emilybrown12
https://www.behance.net/search?content=users&sort=appreciations&country=IN&city=Ahmedabad
https://www.behance.net/search?field=108
https://www.behance.net/search?field=109
https://www.behance.net/search?field=130

https://www.behance.net/emilybrown12
https://www.behance.net/ishaand
https://www.behance.net/search?content=users&sort=appreciations&country=IN&city=Ahmedabad
https://www.behance.net/search?field=49
https://www.behance.net/search?field=79
https://www.behance.net/search?field=44

https://www.behance.net/ishaand
https://www.behance.net/nimblechapps
https://www.behance.net/search?content=users&sort=appreciations&country=IN&city=Ahmedabad
https://www.behance.net/search?field=44
https://www.behance.net/search?field=132
https://www.behance.net/search?field=109

https://www.behance.net/nimblechapps
https://www.behance.net/Flamebirds
https://www.behance.net/search?content=users&sort=appreciations&country=IN&city=Ahmedabad
https://www.behance.net/search?field=4
https://www.behance.net/search?field=122
https://www.behance.net/search?field=73

https://www.behance.net/Flamebirds
https://www.behance.net/maitrik
https://www.behance.net/search?content=users&sort=appreciations&country=IN&city=Ahmedabad
https://www.behance.net/search?field=132
https://www.behance.net/search?field=51
https://www.behance.net/search?field=44

https://www.behance.net/maitrik
https://www.behance.net/hirenp
https://www.behance.net/search?content=users&sort=appreciations&country=IN&city=Ahmedabad
https://www.behance.net/search?field=102
https://www.behance.net/search?field=132
https://www.behance.net/search?field=44

https://www.behance.net/hirenp
https://www.behance.net/magespider
https://www.behance.net/search?content=users&sort=appreciations&country=IN&city=Ahmedabad
https://www.behance.net/search?field=44
https://www.behance.net/search?field=132
https://www.behance.net/search?field=51

https://www.behance.net/magespider
https://www.behance.net/grafico
https://www.behance.net/search?content=users&sort=appreciations&country=IN&city=Ahmedabad
https://www.behance.net/search?field=73
https://www.behance.net/search?field=37
https://www.behance.net/search?field=78

https://www.behance.net/grafico
https://www.behance.net/adobetalent?tracking_source=discover_location_upsell
https://www.behance.net/search?field=44
https://www.behance.net/search?field=73
https://www.behance.net/search?field=51
https://www.behance.net/search?field=5
https://www.behance.net/search?field=48
https://www.behance.net/galleries
https://www.behance.net/about
http://blog.behance.net/
https://www.behance.net/dev
https://www.behance.net/reviews
https://www.behance.net/testimonials
http://99u.com/?utm_source=network&utm_medium=activity_feed_footer&utm_campaign=network_footer_references
https://www.behance.net/apps

https://www.behance.net/misc/terms
http://behancenetwork.zendesk.com/anonymous_requests/new
http://adobe.com/
https://www.behance.net/search?content=users&sort=views&time=week&location_id=245711197-en&country=IN&city=Ahmedabad#
https://www.behance.net/search
https://www.behance.net/galleries
https://www.behance.net/poweredby
https://www.behance.net/joblist
https://www.behance.net/apps
undefined
