nbd/View/Entity is deprecated. Use nbd/View
nbd/Controller/Entity is deprecated. Use nbd/Controller
nbd/Controller/Responsive is deprecated. Use nbd/Controller with nbd/trait/responsive
Promise Unhandled rejection undefined
GET https://ad.doubleclick.net/ddm/activity/src=1295336;type=RTPoo0;cat=RTPoo0 net::ERR_BLOCKED_BY_CLIENT
GET https://ad.doubleclick.net/ddm/activity/src=1295336;type=adobe994;cat=aamuu…635292654754321920;dc_lat=;dc_rdid=;tag_for_child_directed_treatment=;ord= net::ERR_BLOCKED_BY_CLIENT
var urls=$$('a');
for(url in urls)
 console.log(urls[url].href);
https://www.behance.net/
https://www.behance.net/search
https://www.behance.net/galleries
https://www.behance.net/poweredby
https://www.behance.net/joblist
https://www.behance.net/adobetalent?tracking_source=nav_button
https://www.behance.net/adobetalent?tracking_source=nav_button_logged_out

https://www.behance.net/adobetalent?tracking_source=nav_button_logged_out
https://www.adobe.com/

https://www.behance.net/

https://www.behance.net/

https://www.behance.net/uikreative
https://www.behance.net/search?content=users&sort=appreciations&country=IN&city=Chandigarh
https://www.behance.net/search?field=51
https://www.behance.net/search?field=132
https://www.behance.net/search?field=102

https://www.behance.net/uikreative
https://www.behance.net/vijayrana
https://www.behance.net/search?content=users&sort=appreciations&country=IN&city=Chandigarh
https://www.behance.net/search?field=44
https://www.behance.net/search?field=132
https://www.behance.net/search?field=102

https://www.behance.net/vijayrana
https://www.behance.net/f1digitals
https://www.behance.net/search?content=users&sort=appreciations&country=IN&city=Chandigarh
https://www.behance.net/search?field=44
https://www.behance.net/search?field=109
https://www.behance.net/search?field=102

https://www.behance.net/f1digitals
https://www.behance.net/shallunarula
https://www.behance.net/search?content=users&sort=appreciations&country=IN&city=Chandigarh
https://www.behance.net/search?field=44
https://www.behance.net/search?field=109
https://www.behance.net/search?field=102

https://www.behance.net/shallunarula
https://www.behance.net/Shreya_Pokhriyal
https://www.behance.net/search?content=users&sort=appreciations&country=IN&city=Chandigarh
https://www.behance.net/search?field=44
https://www.behance.net/search?field=109
https://www.behance.net/search?field=48

https://www.behance.net/Shreya_Pokhriyal
https://www.behance.net/uiuxstudio
https://www.behance.net/search?content=users&sort=appreciations&country=IN&city=Chandigarh
https://www.behance.net/search?field=51
https://www.behance.net/search?field=5
https://www.behance.net/search?field=132

https://www.behance.net/uiuxstudio
https://www.behance.net/ImmenseArt
https://www.behance.net/search?content=users&sort=appreciations&country=IN&city=Chandigarh
https://www.behance.net/search?field=44
https://www.behance.net/search?field=132
https://www.behance.net/search?field=102

https://www.behance.net/ImmenseArt
https://www.behance.net/RidhaSekhri
https://www.behance.net/search?content=users&sort=appreciations&country=IN&city=Chandigarh
https://www.behance.net/search?field=44
https://www.behance.net/search?field=132
https://www.behance.net/search?field=109

https://www.behance.net/RidhaSekhri
https://www.behance.net/baljit-s
https://www.behance.net/search?content=users&sort=appreciations&country=IN&city=Chandigarh
https://www.behance.net/search?field=132
https://www.behance.net/search?field=102
https://www.behance.net/search?field=109

https://www.behance.net/baljit-s
https://www.behance.net/pawankumar8936
https://www.behance.net/search?content=users&sort=appreciations&country=IN&city=Chandigarh
https://www.behance.net/search?field=44
https://www.behance.net/search?field=109
https://www.behance.net/search?field=49

https://www.behance.net/pawankumar8936
https://www.behance.net/f1-freebies
https://www.behance.net/search?content=users&sort=appreciations&country=IN&city=Chandigarh
https://www.behance.net/search?field=44
https://www.behance.net/search?field=132
https://www.behance.net/search?field=102

https://www.behance.net/f1-freebies
https://www.behance.net/AmarBawa
https://www.behance.net/search?content=users&sort=appreciations&country=IN&city=Chandigarh
https://www.behance.net/search?field=44
https://www.behance.net/search?field=48
https://www.behance.net/search?field=136

https://www.behance.net/AmarBawa
https://www.behance.net/tomar
https://www.behance.net/search?content=users&sort=appreciations&country=IN&city=Chandigarh
https://www.behance.net/search?field=132
https://www.behance.net/search?field=44
https://www.behance.net/search?field=102

https://www.behance.net/tomar
https://www.behance.net/nishamehta8936
https://www.behance.net/search?content=users&sort=appreciations&country=IN&city=Chandigarh
https://www.behance.net/search?field=44
https://www.behance.net/search?field=49
https://www.behance.net/search?field=109

https://www.behance.net/nishamehta8936
https://www.behance.net/mdhull
https://www.behance.net/search?content=users&sort=appreciations&country=IN&city=Chandigarh
https://www.behance.net/search?field=66
https://www.behance.net/search?field=44
https://www.behance.net/search?field=5

https://www.behance.net/mdhull
https://www.behance.net/uikraft
https://www.behance.net/search?content=users&sort=appreciations&country=IN&city=Chandigarh
https://www.behance.net/search?field=132
https://www.behance.net/search?field=102
https://www.behance.net/search?field=51

https://www.behance.net/uikraft
https://www.behance.net/princepal
https://www.behance.net/search?content=users&sort=appreciations&country=IN&city=Chandigarh
https://www.behance.net/search?field=44
https://www.behance.net/search?field=102
https://www.behance.net/search?field=132

https://www.behance.net/princepal
https://www.behance.net/goteso
https://www.behance.net/search?content=users&sort=appreciations&country=IN&city=Chandigarh
https://www.behance.net/search?field=44
https://www.behance.net/search?field=48
https://www.behance.net/search?field=132

https://www.behance.net/goteso
https://www.behance.net/designstreet61
https://www.behance.net/search?content=users&sort=appreciations&country=IN&city=Chandigarh
https://www.behance.net/search?field=102
https://www.behance.net/search?field=132
https://www.behance.net/search?field=44

https://www.behance.net/designstreet61
https://www.behance.net/MeEyelDesigner
https://www.behance.net/search?content=users&sort=appreciations&country=IN&city=Chandigarh
https://www.behance.net/search?field=44
https://www.behance.net/search?field=102
https://www.behance.net/search?field=132

https://www.behance.net/MeEyelDesigner
https://www.behance.net/harpreetdesigner
https://www.behance.net/search?content=users&sort=appreciations&country=IN&city=Chandigarh
https://www.behance.net/search?field=44
https://www.behance.net/search?field=102
https://www.behance.net/search?field=109

https://www.behance.net/harpreetdesigner
https://www.behance.net/imharjap
https://www.behance.net/search?content=users&sort=appreciations&country=IN&city=Chandigarh
https://www.behance.net/search?field=132
https://www.behance.net/search?field=44
https://www.behance.net/search?field=109

https://www.behance.net/imharjap
https://www.behance.net/BlacklistedStudio
https://www.behance.net/search?content=users&sort=appreciations&country=IN&city=Chandigarh
https://www.behance.net/search?field=109
https://www.behance.net/search?field=51
https://www.behance.net/search?field=5

https://www.behance.net/BlacklistedStudio
https://www.behance.net/supreetstation
https://www.behance.net/search?content=users&sort=appreciations&country=IN&city=Chandigarh
https://www.behance.net/search?field=102
https://www.behance.net/search?field=109
https://www.behance.net/search?field=44

https://www.behance.net/supreetstation
https://www.behance.net/creativeheadsin
https://www.behance.net/search?content=users&sort=appreciations&country=IN&city=Chandigarh
https://www.behance.net/search?field=109
https://www.behance.net/search?field=108
https://www.behance.net/search?field=102

https://www.behance.net/creativeheadsin
https://www.behance.net/mandy007
https://www.behance.net/search?content=users&sort=appreciations&country=IN&city=Chandigarh
https://www.behance.net/search?field=5
https://www.behance.net/search?field=122
https://www.behance.net/search?field=108

https://www.behance.net/mandy007
https://www.behance.net/thatboynavvy
https://www.behance.net/search?content=users&sort=appreciations&country=IN&city=Chandigarh
https://www.behance.net/search?field=132
https://www.behance.net/search?field=44
https://www.behance.net/search?field=102

https://www.behance.net/thatboynavvy
https://www.behance.net/anilinsharma
https://www.behance.net/search?content=users&sort=appreciations&country=IN&city=Chandigarh
https://www.behance.net/search?field=132
https://www.behance.net/search?field=48
https://www.behance.net/search?field=44

https://www.behance.net/anilinsharma
https://www.behance.net/Scorpsoft
https://www.behance.net/search?content=users&sort=appreciations&country=IN&city=Chandigarh
https://www.behance.net/search?field=102
https://www.behance.net/search?field=132
https://www.behance.net/search?field=109

https://www.behance.net/Scorpsoft
https://www.behance.net/primosenso
https://www.behance.net/search?content=users&sort=appreciations&country=IN&city=Chandigarh
https://www.behance.net/search?field=44
https://www.behance.net/search?field=122
https://www.behance.net/search?field=109

https://www.behance.net/primosenso
https://www.behance.net/amandesigner
https://www.behance.net/search?content=users&sort=appreciations&country=IN&city=Chandigarh
https://www.behance.net/search?field=109
https://www.behance.net/search?field=44
https://www.behance.net/search?field=63

https://www.behance.net/amandesigner
https://www.behance.net/sunny4812
https://www.behance.net/search?content=users&sort=appreciations&country=IN&city=Chandigarh
https://www.behance.net/search?field=132
https://www.behance.net/search?field=44
https://www.behance.net/search?field=102

https://www.behance.net/sunny4812
https://www.behance.net/artyfartybob
https://www.behance.net/search?content=users&sort=appreciations&country=IN&city=Chandigarh
https://www.behance.net/search?field=44
https://www.behance.net/search?field=48
https://www.behance.net/search?field=132

https://www.behance.net/artyfartybob
https://www.behance.net/shny
https://www.behance.net/search?content=users&sort=appreciations&country=IN&city=Chandigarh
https://www.behance.net/search?field=109
https://www.behance.net/search?field=44
https://www.behance.net/search?field=37

https://www.behance.net/shny
https://www.behance.net/vikaswahi
https://www.behance.net/search?content=users&sort=appreciations&country=IN&city=Chandigarh
https://www.behance.net/search?field=44
https://www.behance.net/search?field=5
https://www.behance.net/search?field=109

https://www.behance.net/vikaswahi
https://www.behance.net/balkar_kalsi
https://www.behance.net/search?content=users&sort=appreciations&country=IN&city=Chandigarh
https://www.behance.net/search?field=44
https://www.behance.net/search?field=132
https://www.behance.net/search?field=5

https://www.behance.net/balkar_kalsi
https://www.behance.net/Sakshi_Jain
https://www.behance.net/search?content=users&sort=appreciations&country=IN&city=Chandigarh
https://www.behance.net/search?field=44
https://www.behance.net/search?field=73
https://www.behance.net/search?field=109

https://www.behance.net/Sakshi_Jain
https://www.behance.net/yovanverma
https://www.behance.net/search?content=users&sort=appreciations&country=IN&city=Chandigarh
https://www.behance.net/search?field=44
https://www.behance.net/search?field=109
https://www.behance.net/search?field=132

https://www.behance.net/yovanverma
https://www.behance.net/omenofanopheliac
https://www.behance.net/search?content=users&sort=appreciations&country=IN&city=Chandigarh
https://www.behance.net/search?field=73
https://www.behance.net/search?field=5
https://www.behance.net/search?field=137

https://www.behance.net/omenofanopheliac
https://www.behance.net/maanasdesign
https://www.behance.net/search?content=users&sort=appreciations&country=IN&city=Chandigarh
https://www.behance.net/search?field=132
https://www.behance.net/search?field=102
https://www.behance.net/search?field=44

https://www.behance.net/maanasdesign
https://www.behance.net/click4manoj
https://www.behance.net/search?content=users&sort=appreciations&country=IN&city=Chandigarh
https://www.behance.net/search?field=48
https://www.behance.net/search?field=102

https://www.behance.net/click4manoj
https://www.behance.net/JasleenThethi
https://www.behance.net/search?content=users&sort=appreciations&country=IN&city=Chandigarh
https://www.behance.net/search?field=44
https://www.behance.net/search?field=48
https://www.behance.net/search?field=78

https://www.behance.net/JasleenThethi
https://www.behance.net/Rohit09
https://www.behance.net/search?content=users&sort=appreciations&country=IN&city=Chandigarh
https://www.behance.net/search?field=132
https://www.behance.net/search?field=102
https://www.behance.net/search?field=44

https://www.behance.net/Rohit09
https://www.behance.net/SanjayBhatt092
https://www.behance.net/search?content=users&sort=appreciations&country=IN&city=Chandigarh
https://www.behance.net/search?field=132

https://www.behance.net/SanjayBhatt092
https://www.behance.net/wingsonnfire
https://www.behance.net/search?content=users&sort=appreciations&country=IN&city=Chandigarh
https://www.behance.net/search?field=44
https://www.behance.net/search?field=51
https://www.behance.net/search?field=132

https://www.behance.net/wingsonnfire
https://www.behance.net/VaibhavSumanSingh
https://www.behance.net/search?content=users&sort=appreciations&country=IN&city=Chandigarh
https://www.behance.net/search?field=109
https://www.behance.net/search?field=44
https://www.behance.net/search?field=132

https://www.behance.net/VaibhavSumanSingh
https://www.behance.net/rishabhsharma
https://www.behance.net/search?content=users&sort=appreciations&country=IN&city=Chandigarh
https://www.behance.net/search?field=132
https://www.behance.net/search?field=102

https://www.behance.net/rishabhsharma
https://www.behance.net/bhanupratapsingh
https://www.behance.net/search?content=users&sort=appreciations&country=IN&city=Chandigarh
https://www.behance.net/search?field=44
https://www.behance.net/search?field=48
https://www.behance.net/search?field=109

https://www.behance.net/bhanupratapsingh
https://www.behance.net/jatinderjeetu
https://www.behance.net/search?content=users&sort=appreciations&country=IN&city=Chandigarh
https://www.behance.net/search?field=73
https://www.behance.net/search?field=108
https://www.behance.net/search?field=93

https://www.behance.net/jatinderjeetu
https://www.behance.net/anjmangill
https://www.behance.net/search?content=users&sort=appreciations&country=IN&city=Chandigarh
https://www.behance.net/search?field=44
https://www.behance.net/search?field=78
https://www.behance.net/search?field=109

https://www.behance.net/anjmangill
https://www.behance.net/yellowcursor
https://www.behance.net/search?content=users&sort=appreciations&country=IN&city=Chandigarh
https://www.behance.net/search?field=44
https://www.behance.net/search?field=109
https://www.behance.net/search?field=70

https://www.behance.net/yellowcursor
https://www.behance.net/evtsindia
https://www.behance.net/search?content=users&sort=appreciations&country=IN&city=Chandigarh
https://www.behance.net/search?field=102
https://www.behance.net/search?field=132
https://www.behance.net/search?field=44

https://www.behance.net/evtsindia
https://www.behance.net/jonyvats417441
https://www.behance.net/search?content=users&sort=appreciations&country=IN&city=Chandigarh
https://www.behance.net/search?field=48
https://www.behance.net/search?field=3
https://www.behance.net/search?field=9

https://www.behance.net/jonyvats417441
https://www.behance.net/itmatic
https://www.behance.net/search?content=users&sort=appreciations&country=IN&city=Chandigarh
https://www.behance.net/search?field=44
https://www.behance.net/search?field=132
https://www.behance.net/search?field=109

https://www.behance.net/itmatic
https://www.behance.net/JLabsCentral
https://www.behance.net/search?content=users&sort=appreciations&country=IN&city=Chandigarh
https://www.behance.net/search?field=48
https://www.behance.net/search?field=122
https://www.behance.net/search?field=44

https://www.behance.net/JLabsCentral
https://www.behance.net/arrkay
https://www.behance.net/search?content=users&sort=appreciations&country=IN&city=Chandigarh
https://www.behance.net/search?field=44
https://www.behance.net/search?field=132
https://www.behance.net/search?field=109

https://www.behance.net/arrkay
https://www.behance.net/arashbal
https://www.behance.net/search?content=users&sort=appreciations&country=IN&city=Chandigarh
https://www.behance.net/search?field=48
https://www.behance.net/search?field=73
https://www.behance.net/search?field=51

https://www.behance.net/arashbal
https://www.behance.net/Bonkersart
https://www.behance.net/search?content=users&sort=appreciations&country=IN&city=Chandigarh
https://www.behance.net/search?field=108
https://www.behance.net/search?field=44
https://www.behance.net/search?field=78

https://www.behance.net/Bonkersart
https://www.behance.net/kanwalpreetwahi
https://www.behance.net/search?content=users&sort=appreciations&country=IN&city=Chandigarh
https://www.behance.net/search?field=44
https://www.behance.net/search?field=5
https://www.behance.net/search?field=109

https://www.behance.net/kanwalpreetwahi
https://www.behance.net/akashbains
https://www.behance.net/search?content=users&sort=appreciations&country=IN&city=Chandigarh
https://www.behance.net/search?field=44
https://www.behance.net/search?field=48
https://www.behance.net/search?field=132

https://www.behance.net/akashbains
https://www.behance.net/gswebdesign
https://www.behance.net/search?content=users&sort=appreciations&country=IN&city=Chandigarh
https://www.behance.net/search?field=102
https://www.behance.net/search?field=44

https://www.behance.net/gswebdesign
https://www.behance.net/bhanudhiman
https://www.behance.net/search?content=users&sort=appreciations&country=IN&city=Chandigarh
https://www.behance.net/search?field=78
https://www.behance.net/search?field=44
https://www.behance.net/search?field=109

https://www.behance.net/bhanudhiman
https://www.behance.net/SuhailM
https://www.behance.net/search?content=users&sort=appreciations&country=IN&city=Chandigarh
https://www.behance.net/search?field=102
https://www.behance.net/search?field=44
https://www.behance.net/search?field=132

https://www.behance.net/SuhailM
https://www.behance.net/smashtheshell
https://www.behance.net/search?content=users&sort=appreciations&country=IN&city=Chandigarh
https://www.behance.net/search?field=132
https://www.behance.net/search?field=102
https://www.behance.net/search?field=103

https://www.behance.net/smashtheshell
https://www.behance.net/shraddha_b
https://www.behance.net/search?content=users&sort=appreciations&country=IN&city=Chandigarh
https://www.behance.net/search?field=44
https://www.behance.net/search?field=109
https://www.behance.net/search?field=97

https://www.behance.net/shraddha_b
https://www.behance.net/yogdan
https://www.behance.net/search?content=users&sort=appreciations&country=IN&city=Chandigarh
https://www.behance.net/search?field=48
https://www.behance.net/search?field=5
https://www.behance.net/search?field=44

https://www.behance.net/yogdan
https://www.behance.net/rsbhinder
https://www.behance.net/search?content=users&sort=appreciations&country=IN&city=Chandigarh
https://www.behance.net/search?field=44
https://www.behance.net/search?field=131
https://www.behance.net/search?field=132

https://www.behance.net/rsbhinder
https://www.behance.net/Ravidhindsa
https://www.behance.net/search?content=users&sort=appreciations&country=IN&city=Chandigarh
https://www.behance.net/search?field=122
https://www.behance.net/search?field=44
https://www.behance.net/search?field=136

https://www.behance.net/Ravidhindsa
https://www.behance.net/aawasthigd
https://www.behance.net/search?content=users&sort=appreciations&country=IN&city=Chandigarh
https://www.behance.net/search?field=110
https://www.behance.net/search?field=108
https://www.behance.net/search?field=48

https://www.behance.net/aawasthigd
https://www.behance.net/sweetsandynarwal609f
https://www.behance.net/search?content=users&sort=appreciations&country=IN&city=Chandigarh
https://www.behance.net/search?field=109
https://www.behance.net/search?field=78
https://www.behance.net/search?field=137

https://www.behance.net/sweetsandynarwal609f
https://www.behance.net/dakkshnagpal
https://www.behance.net/search?content=users&sort=appreciations&country=IN&city=Chandigarh
https://www.behance.net/search?field=4
https://www.behance.net/search?field=73
https://www.behance.net/search?field=48

https://www.behance.net/dakkshnagpal
https://www.behance.net/chapmanjeff
https://www.behance.net/search?content=users&sort=appreciations&country=IN&city=Chandigarh
https://www.behance.net/search?field=109
https://www.behance.net/search?field=37
https://www.behance.net/search?field=49

https://www.behance.net/chapmanjeff
https://www.behance.net/smjdesigns
https://www.behance.net/search?content=users&sort=appreciations&country=IN&city=Chandigarh
https://www.behance.net/search?field=44
https://www.behance.net/search?field=109
https://www.behance.net/search?field=102

https://www.behance.net/smjdesigns
https://www.behance.net/ripanbajaj
https://www.behance.net/search?content=users&sort=appreciations&country=IN&city=Chandigarh
https://www.behance.net/search?field=44
https://www.behance.net/search?field=108
https://www.behance.net/search?field=78

https://www.behance.net/ripanbajaj
https://www.behance.net/creativenerd
https://www.behance.net/search?content=users&sort=appreciations&country=IN&city=Chandigarh
https://www.behance.net/search?field=102
https://www.behance.net/search?field=132
https://www.behance.net/search?field=78

https://www.behance.net/creativenerd
https://www.behance.net/soorajcoolboy
https://www.behance.net/search?content=users&sort=appreciations&country=IN&city=Chandigarh
https://www.behance.net/search?field=109
https://www.behance.net/search?field=44
https://www.behance.net/search?field=49

https://www.behance.net/soorajcoolboy
https://www.behance.net/nitineuphoria
https://www.behance.net/search?content=users&sort=appreciations&country=IN&city=Chandigarh
https://www.behance.net/search?field=44
https://www.behance.net/search?field=78
https://www.behance.net/search?field=109

https://www.behance.net/nitineuphoria
https://www.behance.net/YoungCreativeArt
https://www.behance.net/search?content=users&sort=appreciations&country=IN&city=Chandigarh
https://www.behance.net/search?field=44
https://www.behance.net/search?field=132
https://www.behance.net/search?field=131

https://www.behance.net/YoungCreativeArt
https://www.behance.net/DavinderAulakh
https://www.behance.net/search?content=users&sort=appreciations&country=IN&city=Chandigarh
https://www.behance.net/search?field=44
https://www.behance.net/search?field=48
https://www.behance.net/search?field=122

https://www.behance.net/DavinderAulakh
https://www.behance.net/shamsheerbali
https://www.behance.net/search?content=users&sort=appreciations&country=IN&city=Chandigarh
https://www.behance.net/search?field=109
https://www.behance.net/search?field=102
https://www.behance.net/search?field=137

https://www.behance.net/shamsheerbali
https://www.behance.net/rajmoogles
https://www.behance.net/search?content=users&sort=appreciations&country=IN&city=Chandigarh
https://www.behance.net/search?field=102
https://www.behance.net/search?field=132
https://www.behance.net/search?field=44

https://www.behance.net/rajmoogles
https://www.behance.net/jagmohankrishan
https://www.behance.net/search?content=users&sort=appreciations&country=IN&city=Chandigarh
https://www.behance.net/search?field=102
https://www.behance.net/search?field=132
https://www.behance.net/search?field=44

https://www.behance.net/jagmohankrishan
https://www.behance.net/avtarsingh
https://www.behance.net/search?content=users&sort=appreciations&country=IN&city=Chandigarh

https://www.behance.net/avtarsingh
https://www.behance.net/urmilakasana
https://www.behance.net/search?content=users&sort=appreciations&country=IN&city=Chandigarh
https://www.behance.net/search?field=44
https://www.behance.net/search?field=132
https://www.behance.net/search?field=102

https://www.behance.net/urmilakasana
https://www.behance.net/adobetalent?tracking_source=discover_location_upsell
https://www.behance.net/search?field=44
https://www.behance.net/search?field=73
https://www.behance.net/search?field=51
https://www.behance.net/search?field=5
https://www.behance.net/search?field=48
https://www.behance.net/galleries
https://www.behance.net/about
http://blog.behance.net/
https://www.behance.net/dev
https://www.behance.net/reviews
https://www.behance.net/testimonials
http://99u.com/?utm_source=network&utm_medium=activity_feed_footer&utm_campaign=network_footer_references
https://www.behance.net/apps

https://www.behance.net/misc/terms
http://behancenetwork.zendesk.com/anonymous_requests/new
http://adobe.com/
https://www.behance.net/search?content=users&sort=views&time=week&location_id=342117043-en&country=IN&city=Chandigarh#
https://www.behance.net/search
https://www.behance.net/galleries
https://www.behance.net/poweredby
https://www.behance.net/joblist
https://www.behance.net/apps
undefined
