nbd/View/Entity is deprecated. Use nbd/View
nbd/Controller/Entity is deprecated. Use nbd/Controller
nbd/Controller/Responsive is deprecated. Use nbd/Controller with nbd/trait/responsive
Failed to load resource: net::ERR_BLOCKED_BY_CLIENT
Failed to load resource: net::ERR_BLOCKED_BY_CLIENT
Promise Unhandled rejection undefined
var urls=$$('a');
for(url in urls)
 console.log(urls[url].href);
https://www.behance.net/
https://www.behance.net/search
https://www.behance.net/galleries
https://www.behance.net/poweredby
https://www.behance.net/joblist
https://www.behance.net/adobetalent?tracking_source=nav_button
https://www.behance.net/adobetalent?tracking_source=nav_button_logged_out

https://www.behance.net/adobetalent?tracking_source=nav_button_logged_out
https://www.adobe.com/

https://www.behance.net/

https://www.behance.net/

https://www.behance.net/search?sort=featured_date
https://www.behance.net/search?sort=appreciations
https://www.behance.net/search?sort=views
https://www.behance.net/search?sort=comments
https://www.behance.net/search?sort=published_date
https://www.behance.net/search?sort=followed
https://www.behance.net/search?time=all
https://www.behance.net/search?time=today
https://www.behance.net/search?time=week
https://www.behance.net/search?time=month

https://www.behance.net/vadivel_ui
https://www.behance.net/search?content=users&sort=appreciations&country=IN&city=Chennai
https://www.behance.net/search?field=44
https://www.behance.net/search?field=132
https://www.behance.net/search?field=109

https://www.behance.net/vadivel_ui
https://www.behance.net/ArvindiRoute
https://www.behance.net/search?content=users&sort=appreciations&country=IN&city=Chennai
https://www.behance.net/search?field=44
https://www.behance.net/search?field=48
https://www.behance.net/search?field=131

https://www.behance.net/ArvindiRoute
https://www.behance.net/designerchennai
https://www.behance.net/search?content=users&sort=appreciations&country=IN&city=Chennai
https://www.behance.net/search?field=44
https://www.behance.net/search?field=102
https://www.behance.net/search?field=132

https://www.behance.net/designerchennai
https://www.behance.net/kather_bfa
https://www.behance.net/search?content=users&sort=appreciations&country=IN&city=Chennai
https://www.behance.net/search?field=48
https://www.behance.net/search?field=132
https://www.behance.net/search?field=44

https://www.behance.net/kather_bfa
https://www.behance.net/webneel
https://www.behance.net/search?content=users&sort=appreciations&country=IN&city=Chennai
https://www.behance.net/search?field=108
https://www.behance.net/search?field=5
https://www.behance.net/search?field=112

https://www.behance.net/webneel
https://www.behance.net/itsaravind
https://www.behance.net/search?content=users&sort=appreciations&country=IN&city=Chennai
https://www.behance.net/search?field=44
https://www.behance.net/search?field=132
https://www.behance.net/search?field=102

https://www.behance.net/itsaravind
https://www.behance.net/minewebdesign
https://www.behance.net/search?content=users&sort=appreciations&country=IN&city=Chennai
https://www.behance.net/search?field=132
https://www.behance.net/search?field=103
https://www.behance.net/search?field=102

https://www.behance.net/minewebdesign
https://www.behance.net/ynthemes
https://www.behance.net/search?content=users&sort=appreciations&country=IN&city=Chennai
https://www.behance.net/search?field=103
https://www.behance.net/search?field=102
https://www.behance.net/search?field=105

https://www.behance.net/ynthemes
https://www.behance.net/bmahesh
https://www.behance.net/search?content=users&sort=appreciations&country=IN&city=Chennai
https://www.behance.net/search?field=73
https://www.behance.net/search?field=27
https://www.behance.net/search?field=112

https://www.behance.net/bmahesh
https://www.behance.net/kapilganesh
https://www.behance.net/search?content=users&sort=appreciations&country=IN&city=Chennai
https://www.behance.net/search?field=73
https://www.behance.net/search?field=27
https://www.behance.net/search?field=5

https://www.behance.net/kapilganesh
https://www.behance.net/karthik_kars
https://www.behance.net/search?content=users&sort=appreciations&country=IN&city=Chennai
https://www.behance.net/search?field=132
https://www.behance.net/search?field=109
https://www.behance.net/search?field=51

https://www.behance.net/karthik_kars
https://www.behance.net/tnesa07
https://www.behance.net/search?content=users&sort=appreciations&country=IN&city=Chennai
https://www.behance.net/search?field=132
https://www.behance.net/search?field=102
https://www.behance.net/search?field=51

https://www.behance.net/tnesa07
https://www.behance.net/alexsam986
https://www.behance.net/search?content=users&sort=appreciations&country=IN&city=Chennai
https://www.behance.net/search?field=102
https://www.behance.net/search?field=103
https://www.behance.net/search?field=79

https://www.behance.net/alexsam986
https://www.behance.net/vaithee
https://www.behance.net/search?content=users&sort=appreciations&country=IN&city=Chennai
https://www.behance.net/search?field=136
https://www.behance.net/search?field=73
https://www.behance.net/search?field=27

https://www.behance.net/vaithee
https://www.behance.net/creative-idea
https://www.behance.net/search?content=users&sort=appreciations&country=IN&city=Chennai
https://www.behance.net/search?field=44
https://www.behance.net/search?field=48
https://www.behance.net/search?field=109

https://www.behance.net/creative-idea
https://www.behance.net/since85ive
https://www.behance.net/search?content=users&sort=appreciations&country=IN&city=Chennai
https://www.behance.net/search?field=44
https://www.behance.net/search?field=48
https://www.behance.net/search?field=5

https://www.behance.net/since85ive
https://www.behance.net/shaundsa
https://www.behance.net/search?content=users&sort=appreciations&country=IN&city=Chennai
https://www.behance.net/search?field=122
https://www.behance.net/search?field=37
https://www.behance.net/search?field=44

https://www.behance.net/shaundsa
https://www.behance.net/gauthamkludacc
https://www.behance.net/search?content=users&sort=appreciations&country=IN&city=Chennai
https://www.behance.net/search?field=44
https://www.behance.net/search?field=5
https://www.behance.net/search?field=122

https://www.behance.net/gauthamkludacc
https://www.behance.net/Sivadigitalart
https://www.behance.net/search?content=users&sort=appreciations&country=IN&city=Chennai
https://www.behance.net/search?field=48
https://www.behance.net/search?field=122
https://www.behance.net/search?field=44

https://www.behance.net/Sivadigitalart
https://www.behance.net/sksarath5
https://www.behance.net/search?content=users&sort=appreciations&country=IN&city=Chennai
https://www.behance.net/search?field=132
https://www.behance.net/search?field=4
https://www.behance.net/search?field=102

https://www.behance.net/sksarath5
https://www.behance.net/manojshakar
https://www.behance.net/search?content=users&sort=appreciations&country=IN&city=Chennai
https://www.behance.net/search?field=44
https://www.behance.net/search?field=51
https://www.behance.net/search?field=132

https://www.behance.net/manojshakar
https://www.behance.net/mohammedhazarudin
https://www.behance.net/search?content=users&sort=appreciations&country=IN&city=Chennai
https://www.behance.net/search?field=73
https://www.behance.net/search?field=136
https://www.behance.net/search?field=108

https://www.behance.net/mohammedhazarudin
https://www.behance.net/lramachandran
https://www.behance.net/search?content=users&sort=appreciations&country=IN&city=Chennai
https://www.behance.net/search?field=73
https://www.behance.net/search?field=37
https://www.behance.net/search?field=27

https://www.behance.net/lramachandran
https://www.behance.net/thepranavkumar
https://www.behance.net/search?content=users&sort=appreciations&country=IN&city=Chennai
https://www.behance.net/search?field=44
https://www.behance.net/search?field=109
https://www.behance.net/search?field=108

https://www.behance.net/thepranavkumar
https://www.behance.net/Chandru_Arum
https://www.behance.net/search?content=users&sort=appreciations&country=IN&city=Chennai
https://www.behance.net/search?field=132
https://www.behance.net/search?field=44
https://www.behance.net/search?field=102

https://www.behance.net/Chandru_Arum
https://www.behance.net/contus-mcommerce
https://www.behance.net/search?content=users&sort=appreciations&country=IN&city=Chennai
https://www.behance.net/search?field=132
https://www.behance.net/search?field=109
https://www.behance.net/search?field=102

https://www.behance.net/contus-mcommerce
https://www.behance.net/excrin
https://www.behance.net/search?content=users&sort=appreciations&country=IN&city=Chennai
https://www.behance.net/search?field=109
https://www.behance.net/search?field=102
https://www.behance.net/search?field=132

https://www.behance.net/excrin
https://www.behance.net/Prashanth_M
https://www.behance.net/search?content=users&sort=appreciations&country=IN&city=Chennai
https://www.behance.net/search?field=44
https://www.behance.net/search?field=109
https://www.behance.net/search?field=48

https://www.behance.net/Prashanth_M
https://www.behance.net/prathoolnt
https://www.behance.net/search?content=users&sort=appreciations&country=IN&city=Chennai
https://www.behance.net/search?field=122
https://www.behance.net/search?field=5
https://www.behance.net/search?field=48

https://www.behance.net/prathoolnt
https://www.behance.net/STARK92
https://www.behance.net/search?content=users&sort=appreciations&country=IN&city=Chennai
https://www.behance.net/search?field=44
https://www.behance.net/search?field=108
https://www.behance.net/search?field=109

https://www.behance.net/STARK92
https://www.behance.net/amudhansosweet2286
https://www.behance.net/search?content=users&sort=appreciations&country=IN&city=Chennai
https://www.behance.net/search?field=48
https://www.behance.net/search?field=122
https://www.behance.net/search?field=44

https://www.behance.net/amudhansosweet2286
https://www.behance.net/ubi_jacob_me_staff1
https://www.behance.net/search?content=users&sort=appreciations&country=IN&city=Chennai
https://www.behance.net/search?field=122
https://www.behance.net/search?field=44
https://www.behance.net/search?field=41

https://www.behance.net/ubi_jacob_me_staff1
https://www.behance.net/ruthiran
https://www.behance.net/search?content=users&sort=appreciations&country=IN&city=Chennai
https://www.behance.net/search?field=78
https://www.behance.net/search?field=97
https://www.behance.net/search?field=109

https://www.behance.net/ruthiran
https://www.behance.net/gowsikan
https://www.behance.net/search?content=users&sort=appreciations&country=IN&city=Chennai
https://www.behance.net/search?field=48
https://www.behance.net/search?field=44
https://www.behance.net/search?field=5

https://www.behance.net/gowsikan
https://www.behance.net/beekeeper
https://www.behance.net/search?content=users&sort=appreciations&country=IN&city=Chennai
https://www.behance.net/search?field=44
https://www.behance.net/search?field=48
https://www.behance.net/search?field=122

https://www.behance.net/beekeeper
https://www.behance.net/phpscriptsmall
https://www.behance.net/search?content=users&sort=appreciations&country=IN&city=Chennai
https://www.behance.net/search?field=102
https://www.behance.net/search?field=103

https://www.behance.net/phpscriptsmall
https://www.behance.net/mahdesignstrategy
https://www.behance.net/search?content=users&sort=appreciations&country=IN&city=Chennai
https://www.behance.net/search?field=5
https://www.behance.net/search?field=109
https://www.behance.net/search?field=44

https://www.behance.net/mahdesignstrategy
https://www.behance.net/kprsureshwebdesigner
https://www.behance.net/search?content=users&sort=appreciations&country=IN&city=Chennai
https://www.behance.net/search?field=132
https://www.behance.net/search?field=102
https://www.behance.net/search?field=44

https://www.behance.net/kprsureshwebdesigner
https://www.behance.net/visualartistmaran
https://www.behance.net/search?content=users&sort=appreciations&country=IN&city=Chennai
https://www.behance.net/search?field=48
https://www.behance.net/search?field=73
https://www.behance.net/search?field=44

https://www.behance.net/visualartistmaran
https://www.behance.net/DineshDino
https://www.behance.net/search?content=users&sort=appreciations&country=IN&city=Chennai
https://www.behance.net/search?field=132
https://www.behance.net/search?field=102
https://www.behance.net/search?field=109

https://www.behance.net/DineshDino
https://www.behance.net/RamPrasadh
https://www.behance.net/search?content=users&sort=appreciations&country=IN&city=Chennai
https://www.behance.net/search?field=132
https://www.behance.net/search?field=51
https://www.behance.net/search?field=102

https://www.behance.net/RamPrasadh
https://www.behance.net/sharmilaprabhakaran1
https://www.behance.net/search?content=users&sort=appreciations&country=IN&city=Chennai
https://www.behance.net/search?field=48
https://www.behance.net/search?field=44
https://www.behance.net/search?field=51

https://www.behance.net/sharmilaprabhakaran1
https://www.behance.net/RenjithTM
https://www.behance.net/search?content=users&sort=appreciations&country=IN&city=Chennai
https://www.behance.net/search?field=48
https://www.behance.net/search?field=122
https://www.behance.net/search?field=108

https://www.behance.net/RenjithTM
https://www.behance.net/preetasuresh
https://www.behance.net/search?content=users&sort=appreciations&country=IN&city=Chennai
https://www.behance.net/search?field=109
https://www.behance.net/search?field=44
https://www.behance.net/search?field=48

https://www.behance.net/preetasuresh
https://www.behance.net/thulasidasan
https://www.behance.net/search?content=users&sort=appreciations&country=IN&city=Chennai
https://www.behance.net/search?field=73
https://www.behance.net/search?field=74
https://www.behance.net/search?field=135

https://www.behance.net/thulasidasan
https://www.behance.net/Probfactory
https://www.behance.net/search?content=users&sort=appreciations&country=IN&city=Chennai
https://www.behance.net/search?field=44
https://www.behance.net/search?field=97
https://www.behance.net/search?field=78

https://www.behance.net/Probfactory
https://www.behance.net/prawinram
https://www.behance.net/search?content=users&sort=appreciations&country=IN&city=Chennai
https://www.behance.net/search?field=44
https://www.behance.net/search?field=108
https://www.behance.net/search?field=97

https://www.behance.net/prawinram
https://www.behance.net/shivanallaperumal
https://www.behance.net/search?content=users&sort=appreciations&country=IN&city=Chennai
https://www.behance.net/search?field=97
https://www.behance.net/search?field=44
https://www.behance.net/search?field=48

https://www.behance.net/shivanallaperumal
https://www.behance.net/ganeshbalaji
https://www.behance.net/search?content=users&sort=appreciations&country=IN&city=Chennai
https://www.behance.net/search?field=132
https://www.behance.net/search?field=48
https://www.behance.net/search?field=51

https://www.behance.net/ganeshbalaji
https://www.behance.net/arundesign
https://www.behance.net/search?content=users&sort=appreciations&country=IN&city=Chennai
https://www.behance.net/search?field=44
https://www.behance.net/search?field=109
https://www.behance.net/search?field=97

https://www.behance.net/arundesign
https://www.behance.net/makka
https://www.behance.net/search?content=users&sort=appreciations&country=IN&city=Chennai
https://www.behance.net/search?field=73
https://www.behance.net/search?field=37
https://www.behance.net/search?field=93

https://www.behance.net/makka
https://www.behance.net/Vimal_Arumugam
https://www.behance.net/search?content=users&sort=appreciations&country=IN&city=Chennai
https://www.behance.net/search?field=44
https://www.behance.net/search?field=122
https://www.behance.net/search?field=108

https://www.behance.net/Vimal_Arumugam
https://www.behance.net/adidhotre
https://www.behance.net/search?content=users&sort=appreciations&country=IN&city=Chennai
https://www.behance.net/search?field=48
https://www.behance.net/search?field=44
https://www.behance.net/search?field=78

https://www.behance.net/adidhotre
https://www.behance.net/paveeyuvi
https://www.behance.net/search?content=users&sort=appreciations&country=IN&city=Chennai
https://www.behance.net/search?field=132
https://www.behance.net/search?field=102
https://www.behance.net/search?field=48

https://www.behance.net/paveeyuvi
https://www.behance.net/tmprakash
https://www.behance.net/search?content=users&sort=appreciations&country=IN&city=Chennai
https://www.behance.net/search?field=44
https://www.behance.net/search?field=108
https://www.behance.net/search?field=78

https://www.behance.net/tmprakash
https://www.behance.net/Deepanlara
https://www.behance.net/search?content=users&sort=appreciations&country=IN&city=Chennai
https://www.behance.net/search?field=44
https://www.behance.net/search?field=109
https://www.behance.net/search?field=108

https://www.behance.net/Deepanlara
https://www.behance.net/teammembere8fe
https://www.behance.net/search?content=users&sort=appreciations&country=IN&city=Chennai
https://www.behance.net/search?field=102
https://www.behance.net/search?field=103
https://www.behance.net/search?field=105

https://www.behance.net/teammembere8fe
https://www.behance.net/kalaimaran
https://www.behance.net/search?content=users&sort=appreciations&country=IN&city=Chennai
https://www.behance.net/search?field=109
https://www.behance.net/search?field=108
https://www.behance.net/search?field=44

https://www.behance.net/kalaimaran
https://www.behance.net/BhutaP
https://www.behance.net/search?content=users&sort=appreciations&country=IN&city=Chennai
https://www.behance.net/search?field=44
https://www.behance.net/search?field=132
https://www.behance.net/search?field=131

https://www.behance.net/BhutaP
https://www.behance.net/ajadesh
https://www.behance.net/search?content=users&sort=appreciations&country=IN&city=Chennai
https://www.behance.net/search?field=27
https://www.behance.net/search?field=73
https://www.behance.net/search?field=122

https://www.behance.net/ajadesh
https://www.behance.net/Krishna_Kumar
https://www.behance.net/search?content=users&sort=appreciations&country=IN&city=Chennai
https://www.behance.net/search?field=63
https://www.behance.net/search?field=48
https://www.behance.net/search?field=5

https://www.behance.net/Krishna_Kumar
https://www.behance.net/MaheswariJanarthanan
https://www.behance.net/search?content=users&sort=appreciations&country=IN&city=Chennai
https://www.behance.net/search?field=48
https://www.behance.net/search?field=73
https://www.behance.net/search?field=25

https://www.behance.net/MaheswariJanarthanan
https://www.behance.net/thesbdesign
https://www.behance.net/search?content=users&sort=appreciations&country=IN&city=Chennai
https://www.behance.net/search?field=44
https://www.behance.net/search?field=38
https://www.behance.net/search?field=122

https://www.behance.net/thesbdesign
https://www.behance.net/Paarvaigal
https://www.behance.net/search?content=users&sort=appreciations&country=IN&city=Chennai
https://www.behance.net/search?field=44
https://www.behance.net/search?field=97
https://www.behance.net/search?field=112

https://www.behance.net/Paarvaigal
https://www.behance.net/sarthykr
https://www.behance.net/search?content=users&sort=appreciations&country=IN&city=Chennai
https://www.behance.net/search?field=48
https://www.behance.net/search?field=109
https://www.behance.net/search?field=5

https://www.behance.net/sarthykr
https://www.behance.net/Cherubina_S
https://www.behance.net/search?content=users&sort=appreciations&country=IN&city=Chennai
https://www.behance.net/search?field=44
https://www.behance.net/search?field=5
https://www.behance.net/search?field=109

https://www.behance.net/Cherubina_S
https://www.behance.net/bhuvankrish
https://www.behance.net/search?content=users&sort=appreciations&country=IN&city=Chennai
https://www.behance.net/search?field=63
https://www.behance.net/search?field=44

https://www.behance.net/bhuvankrish
https://www.behance.net/rtsbala
https://www.behance.net/search?content=users&sort=appreciations&country=IN&city=Chennai
https://www.behance.net/search?field=5
https://www.behance.net/search?field=44
https://www.behance.net/search?field=137

https://www.behance.net/rtsbala
https://www.behance.net/vivekravin
https://www.behance.net/search?content=users&sort=appreciations&country=IN&city=Chennai
https://www.behance.net/search?field=132
https://www.behance.net/search?field=109
https://www.behance.net/search?field=102

https://www.behance.net/vivekravin
https://www.behance.net/privecreatives
https://www.behance.net/search?content=users&sort=appreciations&country=IN&city=Chennai
https://www.behance.net/search?field=63
https://www.behance.net/search?field=44
https://www.behance.net/search?field=15

https://www.behance.net/privecreatives
https://www.behance.net/yougotme
https://www.behance.net/search?content=users&sort=appreciations&country=IN&city=Chennai
https://www.behance.net/search?field=44
https://www.behance.net/search?field=48
https://www.behance.net/search?field=109

https://www.behance.net/yougotme
https://www.behance.net/RamakrishnaV
https://www.behance.net/search?content=users&sort=appreciations&country=IN&city=Chennai
https://www.behance.net/search?field=48
https://www.behance.net/search?field=109
https://www.behance.net/search?field=51

https://www.behance.net/RamakrishnaV
https://www.behance.net/NithinBarath
https://www.behance.net/search?content=users&sort=appreciations&country=IN&city=Chennai
https://www.behance.net/search?field=73
https://www.behance.net/search?field=37
https://www.behance.net/search?field=108

https://www.behance.net/NithinBarath
https://www.behance.net/singhnihar9010
https://www.behance.net/search?content=users&sort=appreciations&country=IN&city=Chennai
https://www.behance.net/search?field=73
https://www.behance.net/search?field=122
https://www.behance.net/search?field=27

https://www.behance.net/singhnihar9010
https://www.behance.net/yaminiy
https://www.behance.net/search?content=users&sort=appreciations&country=IN&city=Chennai
https://www.behance.net/search?field=73
https://www.behance.net/search?field=108
https://www.behance.net/search?field=27

https://www.behance.net/yaminiy
https://www.behance.net/mdismail
https://www.behance.net/search?content=users&sort=appreciations&country=IN&city=Chennai
https://www.behance.net/search?field=103
https://www.behance.net/search?field=102

https://www.behance.net/mdismail
https://www.behance.net/ela17
https://www.behance.net/search?content=users&sort=appreciations&country=IN&city=Chennai
https://www.behance.net/search?field=4
https://www.behance.net/search?field=52
https://www.behance.net/search?field=44

https://www.behance.net/ela17
https://www.behance.net/AishwaryRavichandran
https://www.behance.net/search?content=users&sort=appreciations&country=IN&city=Chennai
https://www.behance.net/search?field=37
https://www.behance.net/search?field=110
https://www.behance.net/search?field=48

https://www.behance.net/AishwaryRavichandran
https://www.behance.net/haqil
https://www.behance.net/search?content=users&sort=appreciations&country=IN&city=Chennai
https://www.behance.net/search?field=132
https://www.behance.net/search?field=131
https://www.behance.net/search?field=102

https://www.behance.net/haqil
https://www.behance.net/Naveen_Gowtham
https://www.behance.net/search?content=users&sort=appreciations&country=IN&city=Chennai
https://www.behance.net/search?field=27
https://www.behance.net/search?field=73
https://www.behance.net/search?field=74

https://www.behance.net/Naveen_Gowtham
https://www.behance.net/dhina03
https://www.behance.net/search?content=users&sort=appreciations&country=IN&city=Chennai
https://www.behance.net/search?field=44
https://www.behance.net/search?field=48
https://www.behance.net/search?field=67

https://www.behance.net/dhina03
https://www.behance.net/phpscripts-mall
https://www.behance.net/search?content=users&sort=appreciations&country=IN&city=Chennai
https://www.behance.net/search?field=102
https://www.behance.net/search?field=103

https://www.behance.net/phpscripts-mall
https://www.behance.net/Zerodot13
https://www.behance.net/search?content=users&sort=appreciations&country=IN&city=Chennai
https://www.behance.net/search?field=48
https://www.behance.net/search?field=44
https://www.behance.net/search?field=32

https://www.behance.net/Zerodot13
https://www.behance.net/viveknagarajan
https://www.behance.net/search?content=users&sort=appreciations&country=IN&city=Chennai
https://www.behance.net/search?field=44
https://www.behance.net/search?field=132
https://www.behance.net/search?field=102

https://www.behance.net/viveknagarajan
https://www.behance.net/adobetalent?tracking_source=discover_location_upsell
https://www.behance.net/search?field=44
https://www.behance.net/search?field=73
https://www.behance.net/search?field=51
https://www.behance.net/search?field=5
https://www.behance.net/search?field=48
https://www.behance.net/galleries
https://www.behance.net/about
http://blog.behance.net/
https://www.behance.net/dev
https://www.behance.net/reviews
https://www.behance.net/testimonials
http://99u.com/?utm_source=network&utm_medium=activity_feed_footer&utm_campaign=network_footer_references
https://www.behance.net/apps

https://www.behance.net/misc/terms
http://behancenetwork.zendesk.com/anonymous_requests/new
http://adobe.com/
https://www.behance.net/search?content=users&sort=views&time=week&location_id=344170750-en&country=IN&city=Chennai#
https://www.behance.net/search
https://www.behance.net/galleries
https://www.behance.net/poweredby
https://www.behance.net/joblist
https://www.behance.net/apps
undefined
