var urls=$$('a');
for(url in urls)
 console.log(urls[url].href);
https://www.behance.net/
https://www.behance.net/search
https://www.behance.net/galleries
https://www.behance.net/poweredby
https://www.behance.net/joblist
https://www.behance.net/adobetalent?tracking_source=nav_button
https://www.behance.net/adobetalent?tracking_source=nav_button_logged_out

https://www.behance.net/adobetalent?tracking_source=nav_button_logged_out
https://www.adobe.com/

https://www.behance.net/

https://www.behance.net/

https://www.behance.net/hsoft
https://www.behance.net/search?content=users&sort=appreciations&country=IN&city=Dewas
https://www.behance.net/search?field=44
https://www.behance.net/search?field=102
https://www.behance.net/search?field=132

https://www.behance.net/hsoft
https://www.behance.net/rajendralimbola
https://www.behance.net/search?content=users&sort=appreciations&country=IN&city=Dewas
https://www.behance.net/search?field=102
https://www.behance.net/search?field=44
https://www.behance.net/search?field=103

https://www.behance.net/rajendralimbola
https://www.behance.net/Mansi_Pawar
https://www.behance.net/search?content=users&sort=appreciations&country=IN&city=Dewas
https://www.behance.net/search?field=44
https://www.behance.net/search?field=48
https://www.behance.net/search?field=109

https://www.behance.net/Mansi_Pawar
https://www.behance.net/vivekyadav07
https://www.behance.net/search?content=users&sort=appreciations&country=IN&city=Dewas
https://www.behance.net/search?field=44
https://www.behance.net/search?field=108
https://www.behance.net/search?field=78

https://www.behance.net/vivekyadav07
https://www.behance.net/akshayhandge
https://www.behance.net/search?content=users&sort=appreciations&country=IN&city=Dewas
https://www.behance.net/search?field=102
https://www.behance.net/search?field=44
https://www.behance.net/search?field=48

https://www.behance.net/akshayhandge
https://www.behance.net/Nileshk
https://www.behance.net/search?content=users&sort=appreciations&country=IN&city=Dewas
https://www.behance.net/search?field=5
https://www.behance.net/search?field=44
https://www.behance.net/search?field=108

https://www.behance.net/Nileshk
https://www.behance.net/rajurahul
https://www.behance.net/search?content=users&sort=appreciations&country=IN&city=Dewas

https://www.behance.net/rajurahul
https://www.behance.net/JayRude0
https://www.behance.net/search?content=users&sort=appreciations&country=IN&city=Dewas

https://www.behance.net/JayRude0
https://www.behance.net/edpgseo834c
https://www.behance.net/search?content=users&sort=appreciations&country=IN&city=Dewas

https://www.behance.net/edpgseo834c
https://www.behance.net/AMANDEEPSINGHWANDRA
https://www.behance.net/search?content=users&sort=appreciations&country=IN&city=Dewas

https://www.behance.net/AMANDEEPSINGHWANDRA
https://www.behance.net/jeetbodana
https://www.behance.net/search?content=users&sort=appreciations&country=IN&city=Dewas

https://www.behance.net/jeetbodana
https://www.behance.net/sanjaythakur
https://www.behance.net/search?content=users&sort=appreciations&country=IN&city=Dewas

https://www.behance.net/sanjaythakur
https://www.behance.net/Amisha_Mishra
https://www.behance.net/search?content=users&sort=appreciations&country=IN&city=Dewas

https://www.behance.net/Amisha_Mishra
https://www.behance.net/Satyaambasta
https://www.behance.net/search?content=users&sort=appreciations&country=IN&city=Dewas

https://www.behance.net/Satyaambasta
https://www.behance.net/Akhielesh
https://www.behance.net/search?content=users&sort=appreciations&country=IN&city=Dewas

https://www.behance.net/Akhielesh
https://www.behance.net/creativijay
https://www.behance.net/search?content=users&sort=appreciations&country=IN&city=Dewas

https://www.behance.net/creativijay
https://www.behance.net/rajpootarv6579
https://www.behance.net/search?content=users&sort=appreciations&country=IN&city=Dewas

https://www.behance.net/rajpootarv6579
https://www.behance.net/rajpootarva94f
https://www.behance.net/search?content=users&sort=appreciations&country=IN&city=Dewas

https://www.behance.net/rajpootarva94f
https://www.behance.net/vishal_du123
https://www.behance.net/search?content=users&sort=appreciations&country=IN&city=Dewas

https://www.behance.net/vishal_du123
https://www.behance.net/erdanish
https://www.behance.net/search?content=users&sort=appreciations&country=IN&city=Dewas

https://www.behance.net/erdanish
https://www.behance.net/shaktisingh
https://www.behance.net/search?content=users&sort=appreciations&country=IN&city=Dewas

https://www.behance.net/shaktisingh
https://www.behance.net/HemantVishwakarma
https://www.behance.net/search?content=users&sort=appreciations&country=IN&city=Dewas

https://www.behance.net/HemantVishwakarma
https://www.behance.net/baghel12102
https://www.behance.net/search?content=users&sort=appreciations&country=IN&city=Dewas

https://www.behance.net/baghel12102
https://www.behance.net/shivagya
https://www.behance.net/search?content=users&sort=appreciations&country=IN&city=Dewas

https://www.behance.net/shivagya
https://www.behance.net/search?field=44
https://www.behance.net/search?field=73
https://www.behance.net/search?field=51
https://www.behance.net/search?field=5
https://www.behance.net/search?field=48
https://www.behance.net/galleries
https://www.behance.net/about
http://blog.behance.net/
https://www.behance.net/dev
https://www.behance.net/reviews
https://www.behance.net/testimonials
http://99u.com/?utm_source=network&utm_medium=activity_feed_footer&utm_campaign=network_footer_references
https://www.behance.net/apps

https://www.behance.net/misc/terms
http://behancenetwork.zendesk.com/anonymous_requests/new
http://adobe.com/
https://www.behance.net/search?content=users&sort=views&time=week&location_id=603685851-en&country=IN&city=Dewas#
https://www.behance.net/search
https://www.behance.net/galleries
https://www.behance.net/poweredby
https://www.behance.net/joblist
https://www.behance.net/apps
undefined
