var urls=$$('a');
for(url in urls)
 console.log(urls[url].href);
https://www.behance.net/
https://www.behance.net/search
https://www.behance.net/galleries
https://www.behance.net/poweredby
https://www.behance.net/joblist
https://www.behance.net/adobetalent?tracking_source=nav_button
https://www.behance.net/adobetalent?tracking_source=nav_button_logged_out

https://www.behance.net/adobetalent?tracking_source=nav_button_logged_out
https://www.adobe.com/

https://www.behance.net/

https://www.behance.net/

https://www.behance.net/search?sort=featured_date
https://www.behance.net/search?sort=appreciations
https://www.behance.net/search?sort=views
https://www.behance.net/search?sort=comments
https://www.behance.net/search?sort=published_date
https://www.behance.net/search?sort=followed
https://www.behance.net/search?time=all
https://www.behance.net/search?time=today
https://www.behance.net/search?time=week
https://www.behance.net/search?time=month

https://www.behance.net/neha_ahuja
https://www.behance.net/search?content=users&sort=appreciations&country=IN&city=Gurgaon
https://www.behance.net/search?field=44
https://www.behance.net/search?field=48
https://www.behance.net/search?field=5

https://www.behance.net/neha_ahuja
https://www.behance.net/jaideepmahajan
https://www.behance.net/search?content=users&sort=appreciations&country=IN&city=Gurgaon
https://www.behance.net/search?field=108
https://www.behance.net/search?field=38
https://www.behance.net/search?field=5

https://www.behance.net/jaideepmahajan
https://www.behance.net/satgur
https://www.behance.net/search?content=users&sort=appreciations&country=IN&city=Gurgaon
https://www.behance.net/search?field=108
https://www.behance.net/search?field=44
https://www.behance.net/search?field=122

https://www.behance.net/satgur
https://www.behance.net/mangeshsuneriya
https://www.behance.net/search?content=users&sort=appreciations&country=IN&city=Gurgaon
https://www.behance.net/search?field=44
https://www.behance.net/search?field=132
https://www.behance.net/search?field=51

https://www.behance.net/mangeshsuneriya
https://www.behance.net/digambersingh
https://www.behance.net/search?content=users&sort=appreciations&country=IN&city=Gurgaon
https://www.behance.net/search?field=132
https://www.behance.net/search?field=48
https://www.behance.net/search?field=102

https://www.behance.net/digambersingh
https://www.behance.net/100w
https://www.behance.net/search?content=users&sort=appreciations&country=IN&city=Gurgaon
https://www.behance.net/search?field=44
https://www.behance.net/search?field=63
https://www.behance.net/search?field=51

https://www.behance.net/100w
https://www.behance.net/nikitaggarwal
https://www.behance.net/search?content=users&sort=appreciations&country=IN&city=Gurgaon
https://www.behance.net/search?field=52

https://www.behance.net/nikitaggarwal
https://www.behance.net/lokeshdang
https://www.behance.net/search?content=users&sort=appreciations&country=IN&city=Gurgaon
https://www.behance.net/search?field=73
https://www.behance.net/search?field=27
https://www.behance.net/search?field=74

https://www.behance.net/lokeshdang
https://www.behance.net/sahilkhurana
https://www.behance.net/search?content=users&sort=appreciations&country=IN&city=Gurgaon
https://www.behance.net/search?field=44
https://www.behance.net/search?field=5
https://www.behance.net/search?field=109

https://www.behance.net/sahilkhurana
https://www.behance.net/mayank297
https://www.behance.net/search?content=users&sort=appreciations&country=IN&city=Gurgaon
https://www.behance.net/search?field=132
https://www.behance.net/search?field=44
https://www.behance.net/search?field=102

https://www.behance.net/mayank297
https://www.behance.net/serb
https://www.behance.net/search?content=users&sort=appreciations&country=IN&city=Gurgaon
https://www.behance.net/search?field=108
https://www.behance.net/search?field=5
https://www.behance.net/search?field=137

https://www.behance.net/serb
https://www.behance.net/kumarprabhat
https://www.behance.net/search?content=users&sort=appreciations&country=IN&city=Gurgaon
https://www.behance.net/search?field=49
https://www.behance.net/search?field=44
https://www.behance.net/search?field=79

https://www.behance.net/kumarprabhat
https://www.behance.net/nh1design
https://www.behance.net/search?content=users&sort=appreciations&country=IN&city=Gurgaon
https://www.behance.net/search?field=44
https://www.behance.net/search?field=78
https://www.behance.net/search?field=109

https://www.behance.net/nh1design
https://www.behance.net/minakshigirdhar
https://www.behance.net/search?content=users&sort=appreciations&country=IN&city=Gurgaon
https://www.behance.net/search?field=44
https://www.behance.net/search?field=78
https://www.behance.net/search?field=108

https://www.behance.net/minakshigirdhar
https://www.behance.net/sonjoyddc77
https://www.behance.net/search?content=users&sort=appreciations&country=IN&city=Gurgaon
https://www.behance.net/search?field=48
https://www.behance.net/search?field=5
https://www.behance.net/search?field=44

https://www.behance.net/sonjoyddc77
https://www.behance.net/shivanibag9117
https://www.behance.net/search?content=users&sort=appreciations&country=IN&city=Gurgaon
https://www.behance.net/search?field=73
https://www.behance.net/search?field=37
https://www.behance.net/search?field=93

https://www.behance.net/shivanibag9117
https://www.behance.net/amanbanjhal
https://www.behance.net/search?content=users&sort=appreciations&country=IN&city=Gurgaon
https://www.behance.net/search?field=102
https://www.behance.net/search?field=132
https://www.behance.net/search?field=51

https://www.behance.net/amanbanjhal
https://www.behance.net/hurryharan
https://www.behance.net/search?content=users&sort=appreciations&country=IN&city=Gurgaon
https://www.behance.net/search?field=19
https://www.behance.net/search?field=108
https://www.behance.net/search?field=5

https://www.behance.net/hurryharan
https://www.behance.net/gayarynayan
https://www.behance.net/search?content=users&sort=appreciations&country=IN&city=Gurgaon
https://www.behance.net/search?field=5
https://www.behance.net/search?field=36
https://www.behance.net/search?field=44

https://www.behance.net/gayarynayan
https://www.behance.net/nishantbazzad
https://www.behance.net/search?content=users&sort=appreciations&country=IN&city=Gurgaon
https://www.behance.net/search?field=44
https://www.behance.net/search?field=132
https://www.behance.net/search?field=78

https://www.behance.net/nishantbazzad
https://www.behance.net/annachakravorty
https://www.behance.net/search?content=users&sort=appreciations&country=IN&city=Gurgaon
https://www.behance.net/search?field=44
https://www.behance.net/search?field=73
https://www.behance.net/search?field=93

https://www.behance.net/annachakravorty
https://www.behance.net/apekshagupta
https://www.behance.net/search?content=users&sort=appreciations&country=IN&city=Gurgaon
https://www.behance.net/search?field=44
https://www.behance.net/search?field=48
https://www.behance.net/search?field=109

https://www.behance.net/apekshagupta
https://www.behance.net/SanjeevChaudhary
https://www.behance.net/search?content=users&sort=appreciations&country=IN&city=Gurgaon
https://www.behance.net/search?field=44
https://www.behance.net/search?field=108
https://www.behance.net/search?field=73

https://www.behance.net/SanjeevChaudhary
https://www.behance.net/HemanshuJoshee
https://www.behance.net/search?content=users&sort=appreciations&country=IN&city=Gurgaon
https://www.behance.net/search?field=44
https://www.behance.net/search?field=102
https://www.behance.net/search?field=37

https://www.behance.net/HemanshuJoshee
https://www.behance.net/theKawalOberoi
https://www.behance.net/search?content=users&sort=appreciations&country=IN&city=Gurgaon
https://www.behance.net/search?field=44
https://www.behance.net/search?field=109
https://www.behance.net/search?field=48

https://www.behance.net/theKawalOberoi
https://www.behance.net/nehanigam
https://www.behance.net/search?content=users&sort=appreciations&country=IN&city=Gurgaon
https://www.behance.net/search?field=44
https://www.behance.net/search?field=48
https://www.behance.net/search?field=122

https://www.behance.net/nehanigam
https://www.behance.net/onedesignsolutions
https://www.behance.net/search?content=users&sort=appreciations&country=IN&city=Gurgaon
https://www.behance.net/search?field=44
https://www.behance.net/search?field=109
https://www.behance.net/search?field=37

https://www.behance.net/onedesignsolutions
https://www.behance.net/Jellyivy
https://www.behance.net/search?content=users&sort=appreciations&country=IN&city=Gurgaon
https://www.behance.net/search?field=48
https://www.behance.net/search?field=110
https://www.behance.net/search?field=44

https://www.behance.net/Jellyivy
https://www.behance.net/AmpersandDesignIndia
https://www.behance.net/search?content=users&sort=appreciations&country=IN&city=Gurgaon
https://www.behance.net/search?field=132
https://www.behance.net/search?field=44
https://www.behance.net/search?field=51

https://www.behance.net/AmpersandDesignIndia
https://www.behance.net/VishnuBasnet
https://www.behance.net/search?content=users&sort=appreciations&country=IN&city=Gurgaon
https://www.behance.net/search?field=44
https://www.behance.net/search?field=5
https://www.behance.net/search?field=132

https://www.behance.net/VishnuBasnet
https://www.behance.net/zubinlakra
https://www.behance.net/search?content=users&sort=appreciations&country=IN&city=Gurgaon
https://www.behance.net/search?field=44
https://www.behance.net/search?field=78
https://www.behance.net/search?field=66

https://www.behance.net/zubinlakra
https://www.behance.net/sakshibabbar
https://www.behance.net/search?content=users&sort=appreciations&country=IN&city=Gurgaon
https://www.behance.net/search?field=44
https://www.behance.net/search?field=109
https://www.behance.net/search?field=48

https://www.behance.net/sakshibabbar
https://www.behance.net/anu_sg
https://www.behance.net/search?content=users&sort=appreciations&country=IN&city=Gurgaon
https://www.behance.net/search?field=48
https://www.behance.net/search?field=122
https://www.behance.net/search?field=44

https://www.behance.net/anu_sg
https://www.behance.net/chandniaggarwal
https://www.behance.net/search?content=users&sort=appreciations&country=IN&city=Gurgaon
https://www.behance.net/search?field=52
https://www.behance.net/search?field=69
https://www.behance.net/search?field=44

https://www.behance.net/chandniaggarwal
https://www.behance.net/vaibhav6014
https://www.behance.net/search?content=users&sort=appreciations&country=IN&city=Gurgaon
https://www.behance.net/search?field=63
https://www.behance.net/search?field=44
https://www.behance.net/search?field=5

https://www.behance.net/vaibhav6014
https://www.behance.net/montu_the_uiDesigner
https://www.behance.net/search?content=users&sort=appreciations&country=IN&city=Gurgaon
https://www.behance.net/search?field=132
https://www.behance.net/search?field=51
https://www.behance.net/search?field=44

https://www.behance.net/montu_the_uiDesigner
https://www.behance.net/siladityaa
https://www.behance.net/search?content=users&sort=appreciations&country=IN&city=Gurgaon
https://www.behance.net/search?field=48
https://www.behance.net/search?field=44
https://www.behance.net/search?field=63

https://www.behance.net/siladityaa
https://www.behance.net/DevRawat21
https://www.behance.net/search?content=users&sort=appreciations&country=IN&city=Gurgaon
https://www.behance.net/search?field=44
https://www.behance.net/search?field=109
https://www.behance.net/search?field=79

https://www.behance.net/DevRawat21
https://www.behance.net/pulakbisht
https://www.behance.net/search?content=users&sort=appreciations&country=IN&city=Gurgaon
https://www.behance.net/search?field=73
https://www.behance.net/search?field=108
https://www.behance.net/search?field=5

https://www.behance.net/pulakbisht
https://www.behance.net/nitinbhatnagar
https://www.behance.net/search?content=users&sort=appreciations&country=IN&city=Gurgaon
https://www.behance.net/search?field=44
https://www.behance.net/search?field=48
https://www.behance.net/search?field=132

https://www.behance.net/nitinbhatnagar
https://www.behance.net/Vibhasaini
https://www.behance.net/search?content=users&sort=appreciations&country=IN&city=Gurgaon
https://www.behance.net/search?field=48
https://www.behance.net/search?field=124
https://www.behance.net/search?field=9

https://www.behance.net/Vibhasaini
https://www.behance.net/sidharth-singh
https://www.behance.net/search?content=users&sort=appreciations&country=IN&city=Gurgaon
https://www.behance.net/search?field=44
https://www.behance.net/search?field=109
https://www.behance.net/search?field=78

https://www.behance.net/sidharth-singh
https://www.behance.net/junglejamboree
https://www.behance.net/search?content=users&sort=appreciations&country=IN&city=Gurgaon
https://www.behance.net/search?field=109
https://www.behance.net/search?field=108
https://www.behance.net/search?field=64

https://www.behance.net/junglejamboree
https://www.behance.net/nishthagogna
https://www.behance.net/search?content=users&sort=appreciations&country=IN&city=Gurgaon
https://www.behance.net/search?field=44
https://www.behance.net/search?field=109
https://www.behance.net/search?field=66

https://www.behance.net/nishthagogna
https://www.behance.net/shahnawazalam
https://www.behance.net/search?content=users&sort=appreciations&country=IN&city=Gurgaon
https://www.behance.net/search?field=44
https://www.behance.net/search?field=5
https://www.behance.net/search?field=109

https://www.behance.net/shahnawazalam
https://www.behance.net/Jayati_S
https://www.behance.net/search?content=users&sort=appreciations&country=IN&city=Gurgaon
https://www.behance.net/search?field=108
https://www.behance.net/search?field=37
https://www.behance.net/search?field=27

https://www.behance.net/Jayati_S
https://www.behance.net/suryansaurabh
https://www.behance.net/search?content=users&sort=appreciations&country=IN&city=Gurgaon
https://www.behance.net/search?field=73
https://www.behance.net/search?field=4
https://www.behance.net/search?field=27

https://www.behance.net/suryansaurabh
https://www.behance.net/SANJAY28
https://www.behance.net/search?content=users&sort=appreciations&country=IN&city=Gurgaon
https://www.behance.net/search?field=73
https://www.behance.net/search?field=48
https://www.behance.net/search?field=108

https://www.behance.net/SANJAY28
https://www.behance.net/SmitaMinda
https://www.behance.net/search?content=users&sort=appreciations&country=IN&city=Gurgaon
https://www.behance.net/search?field=108
https://www.behance.net/search?field=122
https://www.behance.net/search?field=48

https://www.behance.net/SmitaMinda
https://www.behance.net/anjli
https://www.behance.net/search?content=users&sort=appreciations&country=IN&city=Gurgaon
https://www.behance.net/search?field=44
https://www.behance.net/search?field=109
https://www.behance.net/search?field=78

https://www.behance.net/anjli
https://www.behance.net/dhananjoyddbb4
https://www.behance.net/search?content=users&sort=appreciations&country=IN&city=Gurgaon
https://www.behance.net/search?field=132
https://www.behance.net/search?field=5
https://www.behance.net/search?field=102

https://www.behance.net/dhananjoyddbb4
https://www.behance.net/Rupanshi_02
https://www.behance.net/search?content=users&sort=appreciations&country=IN&city=Gurgaon
https://www.behance.net/search?field=109
https://www.behance.net/search?field=44
https://www.behance.net/search?field=108

https://www.behance.net/Rupanshi_02
https://www.behance.net/bhoomikash
https://www.behance.net/search?content=users&sort=appreciations&country=IN&city=Gurgaon
https://www.behance.net/search?field=44
https://www.behance.net/search?field=48
https://www.behance.net/search?field=109

https://www.behance.net/bhoomikash
https://www.behance.net/manikbajaj
https://www.behance.net/search?content=users&sort=appreciations&country=IN&city=Gurgaon
https://www.behance.net/search?field=102
https://www.behance.net/search?field=103
https://www.behance.net/search?field=109

https://www.behance.net/manikbajaj
https://www.behance.net/rajatbudakoti
https://www.behance.net/search?content=users&sort=appreciations&country=IN&city=Gurgaon
https://www.behance.net/search?field=109
https://www.behance.net/search?field=79
https://www.behance.net/search?field=108

https://www.behance.net/rajatbudakoti
https://www.behance.net/shirinkhara
https://www.behance.net/search?content=users&sort=appreciations&country=IN&city=Gurgaon
https://www.behance.net/search?field=3
https://www.behance.net/search?field=5
https://www.behance.net/search?field=137

https://www.behance.net/shirinkhara
https://www.behance.net/vikkid
https://www.behance.net/search?content=users&sort=appreciations&country=IN&city=Gurgaon
https://www.behance.net/search?field=108
https://www.behance.net/search?field=5
https://www.behance.net/search?field=109

https://www.behance.net/vikkid
https://www.behance.net/vipul261
https://www.behance.net/search?content=users&sort=appreciations&country=IN&city=Gurgaon
https://www.behance.net/search?field=44
https://www.behance.net/search?field=132
https://www.behance.net/search?field=102

https://www.behance.net/vipul261
https://www.behance.net/Shredheadsam
https://www.behance.net/search?content=users&sort=appreciations&country=IN&city=Gurgaon
https://www.behance.net/search?field=5
https://www.behance.net/search?field=44
https://www.behance.net/search?field=108

https://www.behance.net/Shredheadsam
https://www.behance.net/sheriffshooter
https://www.behance.net/search?content=users&sort=appreciations&country=IN&city=Gurgaon
https://www.behance.net/search?field=108
https://www.behance.net/search?field=19
https://www.behance.net/search?field=137

https://www.behance.net/sheriffshooter
https://www.behance.net/thescorpionatwork
https://www.behance.net/search?content=users&sort=appreciations&country=IN&city=Gurgaon
https://www.behance.net/search?field=108
https://www.behance.net/search?field=5
https://www.behance.net/search?field=73

https://www.behance.net/thescorpionatwork
https://www.behance.net/vaibhav619
https://www.behance.net/search?content=users&sort=appreciations&country=IN&city=Gurgaon
https://www.behance.net/search?field=51
https://www.behance.net/search?field=44
https://www.behance.net/search?field=132

https://www.behance.net/vaibhav619
https://www.behance.net/taroontyagi
https://www.behance.net/search?content=users&sort=appreciations&country=IN&city=Gurgaon
https://www.behance.net/search?field=102
https://www.behance.net/search?field=132
https://www.behance.net/search?field=51

https://www.behance.net/taroontyagi
https://www.behance.net/amitraina
https://www.behance.net/search?content=users&sort=appreciations&country=IN&city=Gurgaon
https://www.behance.net/search?field=44
https://www.behance.net/search?field=109
https://www.behance.net/search?field=102

https://www.behance.net/amitraina
https://www.behance.net/latikanehra
https://www.behance.net/search?content=users&sort=appreciations&country=IN&city=Gurgaon
https://www.behance.net/search?field=44
https://www.behance.net/search?field=48
https://www.behance.net/search?field=109

https://www.behance.net/latikanehra
https://www.behance.net/Ishan_3d_designer
https://www.behance.net/search?content=users&sort=appreciations&country=IN&city=Gurgaon
https://www.behance.net/search?field=52
https://www.behance.net/search?field=36
https://www.behance.net/search?field=44

https://www.behance.net/Ishan_3d_designer
https://www.behance.net/mnhp
https://www.behance.net/search?content=users&sort=appreciations&country=IN&city=Gurgaon
https://www.behance.net/search?field=5
https://www.behance.net/search?field=109
https://www.behance.net/search?field=44

https://www.behance.net/mnhp
https://www.behance.net/sanah_choudhry
https://www.behance.net/search?content=users&sort=appreciations&country=IN&city=Gurgaon
https://www.behance.net/search?field=48
https://www.behance.net/search?field=122
https://www.behance.net/search?field=108

https://www.behance.net/sanah_choudhry
https://www.behance.net/skylineseeker
https://www.behance.net/search?content=users&sort=appreciations&country=IN&city=Gurgaon
https://www.behance.net/search?field=79
https://www.behance.net/search?field=49
https://www.behance.net/search?field=44

https://www.behance.net/skylineseeker
https://www.behance.net/anwar123
https://www.behance.net/search?content=users&sort=appreciations&country=IN&city=Gurgaon
https://www.behance.net/search?field=79
https://www.behance.net/search?field=49
https://www.behance.net/search?field=130

https://www.behance.net/anwar123
https://www.behance.net/Anusheela
https://www.behance.net/search?content=users&sort=appreciations&country=IN&city=Gurgaon
https://www.behance.net/search?field=108
https://www.behance.net/search?field=5
https://www.behance.net/search?field=48

https://www.behance.net/Anusheela
https://www.behance.net/aneeshd
https://www.behance.net/search?content=users&sort=appreciations&country=IN&city=Gurgaon
https://www.behance.net/search?field=108
https://www.behance.net/search?field=19
https://www.behance.net/search?field=28

https://www.behance.net/aneeshd
https://www.behance.net/Vibhoryadav
https://www.behance.net/search?content=users&sort=appreciations&country=IN&city=Gurgaon
https://www.behance.net/search?field=73
https://www.behance.net/search?field=27
https://www.behance.net/search?field=4

https://www.behance.net/Vibhoryadav
https://www.behance.net/bhuvneshkumarsingh
https://www.behance.net/search?content=users&sort=appreciations&country=IN&city=Gurgaon
https://www.behance.net/search?field=44
https://www.behance.net/search?field=109
https://www.behance.net/search?field=132

https://www.behance.net/bhuvneshkumarsingh
https://www.behance.net/designingninja
https://www.behance.net/search?content=users&sort=appreciations&country=IN&city=Gurgaon
https://www.behance.net/search?field=44
https://www.behance.net/search?field=132
https://www.behance.net/search?field=51

https://www.behance.net/designingninja
https://www.behance.net/samiranand
https://www.behance.net/search?content=users&sort=appreciations&country=IN&city=Gurgaon
https://www.behance.net/search?field=132
https://www.behance.net/search?field=109
https://www.behance.net/search?field=44

https://www.behance.net/samiranand
https://www.behance.net/prashantrao331
https://www.behance.net/search?content=users&sort=appreciations&country=IN&city=Gurgaon
https://www.behance.net/search?field=132
https://www.behance.net/search?field=102
https://www.behance.net/search?field=51

https://www.behance.net/prashantrao331
https://www.behance.net/akashchoudhary
https://www.behance.net/search?content=users&sort=appreciations&country=IN&city=Gurgaon
https://www.behance.net/search?field=49
https://www.behance.net/search?field=130
https://www.behance.net/search?field=122

https://www.behance.net/akashchoudhary
https://www.behance.net/jainshweta9a36
https://www.behance.net/search?content=users&sort=appreciations&country=IN&city=Gurgaon
https://www.behance.net/search?field=5
https://www.behance.net/search?field=44
https://www.behance.net/search?field=109

https://www.behance.net/jainshweta9a36
https://www.behance.net/claytoysdesign
https://www.behance.net/search?content=users&sort=appreciations&country=IN&city=Gurgaon
https://www.behance.net/search?field=109
https://www.behance.net/search?field=44
https://www.behance.net/search?field=102

https://www.behance.net/claytoysdesign
https://www.behance.net/subusurbhi
https://www.behance.net/search?content=users&sort=appreciations&country=IN&city=Gurgaon
https://www.behance.net/search?field=44
https://www.behance.net/search?field=37
https://www.behance.net/search?field=132

https://www.behance.net/subusurbhi
https://www.behance.net/komalnrg92be
https://www.behance.net/search?content=users&sort=appreciations&country=IN&city=Gurgaon
https://www.behance.net/search?field=44
https://www.behance.net/search?field=48
https://www.behance.net/search?field=73

https://www.behance.net/komalnrg92be
https://www.behance.net/praveenjangra
https://www.behance.net/search?content=users&sort=appreciations&country=IN&city=Gurgaon
https://www.behance.net/search?field=44
https://www.behance.net/search?field=49
https://www.behance.net/search?field=109

https://www.behance.net/praveenjangra
https://www.behance.net/bhanujadasfa92
https://www.behance.net/search?content=users&sort=appreciations&country=IN&city=Gurgaon
https://www.behance.net/search?field=73
https://www.behance.net/search?field=5
https://www.behance.net/search?field=93

https://www.behance.net/bhanujadasfa92
https://www.behance.net/adobetalent?tracking_source=discover_location_upsell
https://www.behance.net/search?field=44
https://www.behance.net/search?field=73
https://www.behance.net/search?field=51
https://www.behance.net/search?field=5
https://www.behance.net/search?field=48
https://www.behance.net/galleries
https://www.behance.net/about
http://blog.behance.net/
https://www.behance.net/dev
https://www.behance.net/reviews
https://www.behance.net/testimonials
http://99u.com/?utm_source=network&utm_medium=activity_feed_footer&utm_campaign=network_footer_references
https://www.behance.net/apps

https://www.behance.net/misc/terms
http://behancenetwork.zendesk.com/anonymous_requests/new
http://adobe.com/
https://www.behance.net/search?content=users&sort=views&time=week&location_id=249077808-en&country=IN&city=Gurgaon#
https://www.behance.net/search
https://www.behance.net/galleries
https://www.behance.net/poweredby
https://www.behance.net/joblist
https://www.behance.net/apps
undefined
