var urls=$$('a');
for(url in urls)
 console.log(urls[url].href);
https://www.behance.net/
https://www.behance.net/search
https://www.behance.net/galleries
https://www.behance.net/poweredby
https://www.behance.net/joblist
https://www.behance.net/adobetalent?tracking_source=nav_button
https://www.behance.net/adobetalent?tracking_source=nav_button_logged_out

https://www.behance.net/adobetalent?tracking_source=nav_button_logged_out
https://www.adobe.com/

https://www.behance.net/

https://www.behance.net/

https://www.behance.net/search?sort=featured_date
https://www.behance.net/search?sort=appreciations
https://www.behance.net/search?sort=views
https://www.behance.net/search?sort=comments
https://www.behance.net/search?sort=published_date
https://www.behance.net/search?sort=followed
https://www.behance.net/search?time=all
https://www.behance.net/search?time=today
https://www.behance.net/search?time=week
https://www.behance.net/search?time=month

https://www.behance.net/Sukanto_D
https://www.behance.net/search?content=users&sort=appreciations&country=IN&city=Hyderabad
https://www.behance.net/search?field=124
https://www.behance.net/search?field=48
https://www.behance.net/search?field=9

https://www.behance.net/Sukanto_D
https://www.behance.net/ramu_designs
https://www.behance.net/search?content=users&sort=appreciations&country=IN&city=Hyderabad
https://www.behance.net/search?field=132
https://www.behance.net/search?field=44
https://www.behance.net/search?field=51

https://www.behance.net/ramu_designs
https://www.behance.net/chandgfx
https://www.behance.net/search?content=users&sort=appreciations&country=IN&city=Hyderabad
https://www.behance.net/search?field=63
https://www.behance.net/search?field=44
https://www.behance.net/search?field=5

https://www.behance.net/chandgfx
https://www.behance.net/anishchandran
https://www.behance.net/search?content=users&sort=appreciations&country=IN&city=Hyderabad
https://www.behance.net/search?field=132
https://www.behance.net/search?field=102
https://www.behance.net/search?field=51

https://www.behance.net/anishchandran
https://www.behance.net/Hamzauddin
https://www.behance.net/search?content=users&sort=appreciations&country=IN&city=Hyderabad
https://www.behance.net/search?field=48
https://www.behance.net/search?field=110
https://www.behance.net/search?field=49

https://www.behance.net/Hamzauddin
https://www.behance.net/17dnorth
https://www.behance.net/search?content=users&sort=appreciations&country=IN&city=Hyderabad
https://www.behance.net/search?field=109
https://www.behance.net/search?field=44
https://www.behance.net/search?field=132

https://www.behance.net/17dnorth
https://www.behance.net/ajitkumar
https://www.behance.net/search?content=users&sort=appreciations&country=IN&city=Hyderabad
https://www.behance.net/search?field=132
https://www.behance.net/search?field=102
https://www.behance.net/search?field=103

https://www.behance.net/ajitkumar
https://www.behance.net/imakestuff_me
https://www.behance.net/search?content=users&sort=appreciations&country=IN&city=Hyderabad
https://www.behance.net/search?field=132
https://www.behance.net/search?field=102
https://www.behance.net/search?field=44

https://www.behance.net/imakestuff_me
https://www.behance.net/createsmart
https://www.behance.net/search?content=users&sort=appreciations&country=IN&city=Hyderabad-Deccan
https://www.behance.net/search?field=63

https://www.behance.net/createsmart
https://www.behance.net/nk95
https://www.behance.net/search?content=users&sort=appreciations&country=IN&city=Hyderabad
https://www.behance.net/search?field=51
https://www.behance.net/search?field=48
https://www.behance.net/search?field=73

https://www.behance.net/nk95
https://www.behance.net/ramakrishnap
https://www.behance.net/search?content=users&sort=appreciations&country=IN&city=Hyderabad
https://www.behance.net/search?field=63
https://www.behance.net/search?field=44
https://www.behance.net/search?field=3

https://www.behance.net/ramakrishnap
https://www.behance.net/Amit_Creation
https://www.behance.net/search?content=users&sort=appreciations&country=IN&city=Hyderabad
https://www.behance.net/search?field=44
https://www.behance.net/search?field=109
https://www.behance.net/search?field=48

https://www.behance.net/Amit_Creation
https://www.behance.net/vicassovikas
https://www.behance.net/search?content=users&sort=appreciations&country=IN&city=Hyderabad
https://www.behance.net/search?field=44
https://www.behance.net/search?field=78
https://www.behance.net/search?field=109

https://www.behance.net/vicassovikas
https://www.behance.net/srinivas1
https://www.behance.net/search?content=users&sort=appreciations&country=IN&city=Hyderabad
https://www.behance.net/search?field=44
https://www.behance.net/search?field=132
https://www.behance.net/search?field=51

https://www.behance.net/srinivas1
https://www.behance.net/PranatiKhannaDesign
https://www.behance.net/search?content=users&sort=appreciations&country=IN&city=Hyderabad
https://www.behance.net/search?field=44
https://www.behance.net/search?field=48
https://www.behance.net/search?field=109

https://www.behance.net/PranatiKhannaDesign
https://www.behance.net/jayaprakash
https://www.behance.net/search?content=users&sort=appreciations&country=IN&city=Hyderabad
https://www.behance.net/search?field=44
https://www.behance.net/search?field=108
https://www.behance.net/search?field=109

https://www.behance.net/jayaprakash
https://www.behance.net/jintothomas
https://www.behance.net/search?content=users&sort=appreciations&country=IN&city=Hyderabad
https://www.behance.net/search?field=48
https://www.behance.net/search?field=109
https://www.behance.net/search?field=44

https://www.behance.net/jintothomas
https://www.behance.net/Anushree
https://www.behance.net/search?content=users&sort=appreciations&country=IN&city=Hyderabad
https://www.behance.net/search?field=44
https://www.behance.net/search?field=132
https://www.behance.net/search?field=102

https://www.behance.net/Anushree
https://www.behance.net/shuklagarima
https://www.behance.net/search?content=users&sort=appreciations&country=IN&city=Hyderabad
https://www.behance.net/search?field=44
https://www.behance.net/search?field=5
https://www.behance.net/search?field=48

https://www.behance.net/shuklagarima
https://www.behance.net/Tanmoy92
https://www.behance.net/search?content=users&sort=appreciations&country=IN&city=Hyderabad
https://www.behance.net/search?field=103
https://www.behance.net/search?field=41

https://www.behance.net/Tanmoy92
https://www.behance.net/sanjaykiran
https://www.behance.net/search?content=users&sort=appreciations&country=IN&city=Hyderabad
https://www.behance.net/search?field=132
https://www.behance.net/search?field=102
https://www.behance.net/search?field=44

https://www.behance.net/sanjaykiran
https://www.behance.net/srinivask
https://www.behance.net/search?content=users&sort=appreciations&country=IN&city=Hyderabad
https://www.behance.net/search?field=109
https://www.behance.net/search?field=44
https://www.behance.net/search?field=5

https://www.behance.net/srinivask
https://www.behance.net/sumankasarla846c
https://www.behance.net/search?content=users&sort=appreciations&country=IN&city=Hyderabad
https://www.behance.net/search?field=102
https://www.behance.net/search?field=44
https://www.behance.net/search?field=132

https://www.behance.net/sumankasarla846c
https://www.behance.net/SvaanCreativeStudio
https://www.behance.net/search?content=users&sort=appreciations&country=IN&city=Hyderabad
https://www.behance.net/search?field=108
https://www.behance.net/search?field=109
https://www.behance.net/search?field=78

https://www.behance.net/SvaanCreativeStudio
https://www.behance.net/annmathew
https://www.behance.net/search?content=users&sort=appreciations&country=IN&city=Hyderabad
https://www.behance.net/search?field=109
https://www.behance.net/search?field=44
https://www.behance.net/search?field=132

https://www.behance.net/annmathew
https://www.behance.net/samiran
https://www.behance.net/search?content=users&sort=appreciations&country=IN&city=Hyderabad
https://www.behance.net/search?field=44
https://www.behance.net/search?field=132
https://www.behance.net/search?field=124

https://www.behance.net/samiran
https://www.behance.net/dc9
https://www.behance.net/search?content=users&sort=appreciations&country=IN&city=Hyderabad
https://www.behance.net/search?field=44
https://www.behance.net/search?field=109
https://www.behance.net/search?field=5

https://www.behance.net/dc9
https://www.behance.net/KiranAdigopula
https://www.behance.net/search?content=users&sort=appreciations&country=IN&city=Hyderabad
https://www.behance.net/search?field=108
https://www.behance.net/search?field=109
https://www.behance.net/search?field=44

https://www.behance.net/KiranAdigopula
https://www.behance.net/jbpunna
https://www.behance.net/search?content=users&sort=appreciations&country=IN&city=Hyderabad
https://www.behance.net/search?field=132
https://www.behance.net/search?field=44
https://www.behance.net/search?field=51

https://www.behance.net/jbpunna
https://www.behance.net/Nishigandha
https://www.behance.net/search?content=users&sort=appreciations&country=IN&city=Hyderabad
https://www.behance.net/search?field=44
https://www.behance.net/search?field=109
https://www.behance.net/search?field=48

https://www.behance.net/Nishigandha
https://www.behance.net/panchajanyag
https://www.behance.net/search?content=users&sort=appreciations&country=IN&city=Hyderabad
https://www.behance.net/search?field=132
https://www.behance.net/search?field=102
https://www.behance.net/search?field=109

https://www.behance.net/panchajanyag
https://www.behance.net/gopalyamala
https://www.behance.net/search?content=users&sort=appreciations&country=IN&city=Hyderabad
https://www.behance.net/search?field=44
https://www.behance.net/search?field=132
https://www.behance.net/search?field=51

https://www.behance.net/gopalyamala
https://www.behance.net/aliabed
https://www.behance.net/search?content=users&sort=appreciations&country=IN&city=Hyderabad
https://www.behance.net/search?field=122
https://www.behance.net/search?field=48
https://www.behance.net/search?field=124

https://www.behance.net/aliabed
https://www.behance.net/subbu_add
https://www.behance.net/search?content=users&sort=appreciations&country=IN&city=Hyderabad
https://www.behance.net/search?field=123
https://www.behance.net/search?field=3
https://www.behance.net/search?field=63

https://www.behance.net/subbu_add
https://www.behance.net/nurecas
https://www.behance.net/search?content=users&sort=appreciations&country=IN&city=Hyderabad
https://www.behance.net/search?field=44
https://www.behance.net/search?field=51
https://www.behance.net/search?field=132

https://www.behance.net/nurecas
https://www.behance.net/sudhakar-etrouth
https://www.behance.net/search?content=users&sort=appreciations&country=IN&city=Hyderabad
https://www.behance.net/search?field=108
https://www.behance.net/search?field=137
https://www.behance.net/search?field=5

https://www.behance.net/sudhakar-etrouth
https://www.behance.net/thakurNarsingh
https://www.behance.net/search?content=users&sort=appreciations&country=IN&city=Hyderabad
https://www.behance.net/search?field=44
https://www.behance.net/search?field=132
https://www.behance.net/search?field=102

https://www.behance.net/thakurNarsingh
https://www.behance.net/nishubarh
https://www.behance.net/search?content=users&sort=appreciations&country=IN&city=Hyderabad
https://www.behance.net/search?field=132
https://www.behance.net/search?field=5
https://www.behance.net/search?field=110

https://www.behance.net/nishubarh
https://www.behance.net/PranayTony
https://www.behance.net/search?content=users&sort=appreciations&country=IN&city=Hyderabad
https://www.behance.net/search?field=44
https://www.behance.net/search?field=97
https://www.behance.net/search?field=109

https://www.behance.net/PranayTony
https://www.behance.net/VibhuAgrawal
https://www.behance.net/search?content=users&sort=appreciations&country=IN&city=Hyderabad
https://www.behance.net/search?field=44
https://www.behance.net/search?field=48
https://www.behance.net/search?field=109

https://www.behance.net/VibhuAgrawal
https://www.behance.net/designermoorthy
https://www.behance.net/search?content=users&sort=appreciations&country=IN&city=Hyderabad
https://www.behance.net/search?field=108
https://www.behance.net/search?field=109
https://www.behance.net/search?field=44

https://www.behance.net/designermoorthy
https://www.behance.net/KratuBeri
https://www.behance.net/search?content=users&sort=appreciations&country=IN&city=Hyderabad
https://www.behance.net/search?field=79
https://www.behance.net/search?field=49
https://www.behance.net/search?field=44

https://www.behance.net/KratuBeri
https://www.behance.net/rajdipmitra
https://www.behance.net/search?content=users&sort=appreciations&country=IN&city=Hyderabad
https://www.behance.net/search?field=132
https://www.behance.net/search?field=44
https://www.behance.net/search?field=109

https://www.behance.net/rajdipmitra
https://www.behance.net/Thakur_Vikram
https://www.behance.net/search?content=users&sort=appreciations&country=IN&city=Hyderabad
https://www.behance.net/search?field=44
https://www.behance.net/search?field=48
https://www.behance.net/search?field=102

https://www.behance.net/Thakur_Vikram
https://www.behance.net/ramanamanohar
https://www.behance.net/search?content=users&sort=appreciations&country=IN&city=Hyderabad
https://www.behance.net/search?field=122
https://www.behance.net/search?field=124
https://www.behance.net/search?field=48

https://www.behance.net/ramanamanohar
https://www.behance.net/Kashisht
https://www.behance.net/search?content=users&sort=appreciations&country=IN&city=Hyderabad
https://www.behance.net/search?field=73
https://www.behance.net/search?field=27
https://www.behance.net/search?field=5

https://www.behance.net/Kashisht
https://www.behance.net/kvsquare
https://www.behance.net/search?content=users&sort=appreciations&country=IN&city=Hyderabad
https://www.behance.net/search?field=73
https://www.behance.net/search?field=136
https://www.behance.net/search?field=27

https://www.behance.net/kvsquare
https://www.behance.net/webthemez
https://www.behance.net/search?content=users&sort=appreciations&country=IN&city=Hyderabad
https://www.behance.net/search?field=103
https://www.behance.net/search?field=102
https://www.behance.net/search?field=132

https://www.behance.net/webthemez
https://www.behance.net/bethere
https://www.behance.net/search?content=users&sort=appreciations&country=IN&city=Hyderabad
https://www.behance.net/search?field=109
https://www.behance.net/search?field=44
https://www.behance.net/search?field=5

https://www.behance.net/bethere
https://www.behance.net/pradeep_mudiraj
https://www.behance.net/search?content=users&sort=appreciations&country=IN&city=Hyderabad
https://www.behance.net/search?field=44
https://www.behance.net/search?field=109
https://www.behance.net/search?field=5

https://www.behance.net/pradeep_mudiraj
https://www.behance.net/bijoyraveendran
https://www.behance.net/search?content=users&sort=appreciations&country=IN&city=Hyderabad
https://www.behance.net/search?field=132
https://www.behance.net/search?field=51
https://www.behance.net/search?field=50

https://www.behance.net/bijoyraveendran
https://www.behance.net/prasadesign
https://www.behance.net/search?content=users&sort=appreciations&country=IN&city=Hyderabad
https://www.behance.net/search?field=48
https://www.behance.net/search?field=5
https://www.behance.net/search?field=44

https://www.behance.net/prasadesign
https://www.behance.net/kalyankumar
https://www.behance.net/search?content=users&sort=appreciations&country=IN&city=Hyderabad
https://www.behance.net/search?field=79
https://www.behance.net/search?field=49
https://www.behance.net/search?field=44

https://www.behance.net/kalyankumar
https://www.behance.net/rooqi
https://www.behance.net/search?content=users&sort=appreciations&country=IN&city=Hyderabad
https://www.behance.net/search?field=44
https://www.behance.net/search?field=109
https://www.behance.net/search?field=132

https://www.behance.net/rooqi
https://www.behance.net/DishaKhurma
https://www.behance.net/search?content=users&sort=appreciations&country=IN&city=Hyderabad
https://www.behance.net/search?field=73
https://www.behance.net/search?field=44
https://www.behance.net/search?field=37

https://www.behance.net/DishaKhurma
https://www.behance.net/pramodkumarboda
https://www.behance.net/search?content=users&sort=appreciations&country=IN&city=Hyderabad
https://www.behance.net/search?field=110
https://www.behance.net/search?field=102
https://www.behance.net/search?field=132

https://www.behance.net/pramodkumarboda
https://www.behance.net/Aparnakrishna
https://www.behance.net/search?content=users&sort=appreciations&country=IN&city=Hyderabad
https://www.behance.net/search?field=5
https://www.behance.net/search?field=108
https://www.behance.net/search?field=109

https://www.behance.net/Aparnakrishna
https://www.behance.net/azamarastu
https://www.behance.net/search?content=users&sort=appreciations&country=IN&city=Hyderabad
https://www.behance.net/search?field=40
https://www.behance.net/search?field=49
https://www.behance.net/search?field=52

https://www.behance.net/azamarastu
https://www.behance.net/kanthalasanthosh
https://www.behance.net/search?content=users&sort=appreciations&country=IN&city=Hyderabad
https://www.behance.net/search?field=44
https://www.behance.net/search?field=136
https://www.behance.net/search?field=5

https://www.behance.net/kanthalasanthosh
https://www.behance.net/creativedunes
https://www.behance.net/search?content=users&sort=appreciations&country=IN&city=Hyderabad
https://www.behance.net/search?field=44
https://www.behance.net/search?field=132
https://www.behance.net/search?field=102

https://www.behance.net/creativedunes
https://www.behance.net/YogendraKumar
https://www.behance.net/search?content=users&sort=appreciations&country=IN&city=Hyderabad
https://www.behance.net/search?field=44
https://www.behance.net/search?field=48
https://www.behance.net/search?field=122

https://www.behance.net/YogendraKumar
https://www.behance.net/Maheshkardaas
https://www.behance.net/search?content=users&sort=appreciations&country=IN&city=Hyderabad
https://www.behance.net/search?field=44
https://www.behance.net/search?field=108
https://www.behance.net/search?field=109

https://www.behance.net/Maheshkardaas
https://www.behance.net/rafimit
https://www.behance.net/search?content=users&sort=appreciations&country=IN&city=Hyderabad
https://www.behance.net/search?field=102
https://www.behance.net/search?field=132
https://www.behance.net/search?field=103

https://www.behance.net/rafimit
https://www.behance.net/Mudavath
https://www.behance.net/search?content=users&sort=appreciations&country=IN&city=Hyderabad
https://www.behance.net/search?field=63
https://www.behance.net/search?field=44

https://www.behance.net/Mudavath
https://www.behance.net/goutham4u2009
https://www.behance.net/search?content=users&sort=appreciations&country=IN&city=Hyderabad-Deccan
https://www.behance.net/search?field=63
https://www.behance.net/search?field=44
https://www.behance.net/search?field=120

https://www.behance.net/goutham4u2009
https://www.behance.net/Ellie29art
https://www.behance.net/search?content=users&sort=appreciations&country=IN&city=Hyderabad
https://www.behance.net/search?field=48
https://www.behance.net/search?field=124
https://www.behance.net/search?field=122

https://www.behance.net/Ellie29art
https://www.behance.net/pauldavidmartin
https://www.behance.net/search?content=users&sort=appreciations&country=IN&city=Hyderabad
https://www.behance.net/search?field=73

https://www.behance.net/pauldavidmartin
https://www.behance.net/shresthvg
https://www.behance.net/search?content=users&sort=appreciations&country=IN&city=Hyderabad
https://www.behance.net/search?field=73
https://www.behance.net/search?field=44
https://www.behance.net/search?field=93

https://www.behance.net/shresthvg
https://www.behance.net/vijaybhasker87
https://www.behance.net/search?content=users&sort=appreciations&country=IN&city=Hyderabad
https://www.behance.net/search?field=109
https://www.behance.net/search?field=132
https://www.behance.net/search?field=44

https://www.behance.net/vijaybhasker87
https://www.behance.net/Annkita
https://www.behance.net/search?content=users&sort=appreciations&country=IN&city=Hyderabad
https://www.behance.net/search?field=44
https://www.behance.net/search?field=109
https://www.behance.net/search?field=108

https://www.behance.net/Annkita
https://www.behance.net/tomaryash
https://www.behance.net/search?content=users&sort=appreciations&country=IN&city=Hyderabad
https://www.behance.net/search?field=73
https://www.behance.net/search?field=44
https://www.behance.net/search?field=48

https://www.behance.net/tomaryash
https://www.behance.net/satishinspires
https://www.behance.net/search?content=users&sort=appreciations&country=IN&city=Hyderabad
https://www.behance.net/search?field=44
https://www.behance.net/search?field=48
https://www.behance.net/search?field=110

https://www.behance.net/satishinspires
https://www.behance.net/iamsid
https://www.behance.net/search?content=users&sort=appreciations&country=IN&city=Hyderabad
https://www.behance.net/search?field=44
https://www.behance.net/search?field=132
https://www.behance.net/search?field=109

https://www.behance.net/iamsid
https://www.behance.net/shashikiranM
https://www.behance.net/search?content=users&sort=appreciations&country=IN&city=Hyderabad
https://www.behance.net/search?field=44
https://www.behance.net/search?field=48

https://www.behance.net/shashikiranM
https://www.behance.net/adycreative
https://www.behance.net/search?content=users&sort=appreciations&country=IN&city=Hyderabad
https://www.behance.net/search?field=51
https://www.behance.net/search?field=79
https://www.behance.net/search?field=41

https://www.behance.net/adycreative
https://www.behance.net/kutumbarao
https://www.behance.net/search?content=users&sort=appreciations&country=IN&city=Hyderabad
https://www.behance.net/search?field=44
https://www.behance.net/search?field=102
https://www.behance.net/search?field=48

https://www.behance.net/kutumbarao
https://www.behance.net/Arremset
https://www.behance.net/search?content=users&sort=appreciations&country=IN&city=Hyderabad
https://www.behance.net/search?field=44
https://www.behance.net/search?field=48
https://www.behance.net/search?field=109

https://www.behance.net/Arremset
https://www.behance.net/soni
https://www.behance.net/search?content=users&sort=appreciations&country=IN&city=Hyderabad
https://www.behance.net/search?field=51
https://www.behance.net/search?field=132
https://www.behance.net/search?field=44

https://www.behance.net/soni
https://www.behance.net/mbhasin
https://www.behance.net/search?content=users&sort=appreciations&country=IN&city=Hyderabad
https://www.behance.net/search?field=44
https://www.behance.net/search?field=132
https://www.behance.net/search?field=51

https://www.behance.net/mbhasin
https://www.behance.net/saikirandusa
https://www.behance.net/search?content=users&sort=appreciations&country=IN&city=Hyderabad
https://www.behance.net/search?field=44
https://www.behance.net/search?field=102
https://www.behance.net/search?field=48

https://www.behance.net/saikirandusa
https://www.behance.net/manideep
https://www.behance.net/search?content=users&sort=appreciations&country=IN&city=Hyderabad
https://www.behance.net/search?field=51
https://www.behance.net/search?field=132
https://www.behance.net/search?field=102

https://www.behance.net/manideep
https://www.behance.net/mukeshkumar
https://www.behance.net/search?content=users&sort=appreciations&country=IN&city=Hyderabad
https://www.behance.net/search?field=49
https://www.behance.net/search?field=79
https://www.behance.net/search?field=51

https://www.behance.net/mukeshkumar
https://www.behance.net/iamkalyan
https://www.behance.net/search?content=users&sort=appreciations&country=IN&city=Hyderabad
https://www.behance.net/search?field=132
https://www.behance.net/search?field=51
https://www.behance.net/search?field=44

https://www.behance.net/iamkalyan
https://www.behance.net/santoshk
https://www.behance.net/search?content=users&sort=appreciations&country=IN&city=Hyderabad
https://www.behance.net/search?field=44
https://www.behance.net/search?field=108
https://www.behance.net/search?field=109

https://www.behance.net/santoshk
https://www.behance.net/adobetalent?tracking_source=discover_location_upsell
https://www.behance.net/search?field=44
https://www.behance.net/search?field=73
https://www.behance.net/search?field=51
https://www.behance.net/search?field=5
https://www.behance.net/search?field=48
https://www.behance.net/galleries
https://www.behance.net/about
http://blog.behance.net/
https://www.behance.net/dev
https://www.behance.net/reviews
https://www.behance.net/testimonials
http://99u.com/?utm_source=network&utm_medium=activity_feed_footer&utm_campaign=network_footer_references
https://www.behance.net/apps

https://www.behance.net/misc/terms
http://behancenetwork.zendesk.com/anonymous_requests/new
http://adobe.com/
https://www.behance.net/search?content=users&sort=views&time=week&location_id=4000000007-en&country=IN&city=Hyderabad#
https://www.behance.net/search
https://www.behance.net/galleries
https://www.behance.net/poweredby
https://www.behance.net/joblist
https://www.behance.net/apps
undefined
