var urls=$$('a');
for(url in urls)
 console.log(urls[url].href);
https://www.behance.net/
https://www.behance.net/search
https://www.behance.net/galleries
https://www.behance.net/poweredby
https://www.behance.net/joblist
https://www.behance.net/adobetalent?tracking_source=nav_button
https://www.behance.net/adobetalent?tracking_source=nav_button_logged_out

https://www.behance.net/adobetalent?tracking_source=nav_button_logged_out
https://www.adobe.com/

https://www.behance.net/

https://www.behance.net/

https://www.behance.net/search?sort=featured_date
https://www.behance.net/search?sort=appreciations
https://www.behance.net/search?sort=views
https://www.behance.net/search?sort=comments
https://www.behance.net/search?sort=published_date
https://www.behance.net/search?sort=followed
https://www.behance.net/search?time=all
https://www.behance.net/search?time=today
https://www.behance.net/search?time=week
https://www.behance.net/search?time=month
https://www.behance.net/Agilecreativestudio
https://www.behance.net/search?content=users&sort=appreciations&country=IN&city=Indore
https://www.behance.net/search?field=132
https://www.behance.net/search?field=102
https://www.behance.net/search?field=51

https://www.behance.net/Agilecreativestudio
https://www.behance.net/prakhar1
https://www.behance.net/search?content=users&sort=appreciations&country=IN&city=Indore
https://www.behance.net/search?field=51
https://www.behance.net/search?field=132
https://www.behance.net/search?field=44

https://www.behance.net/prakhar1
https://www.behance.net/vinfotech
https://www.behance.net/search?content=users&sort=appreciations&country=IN&city=Indore
https://www.behance.net/search?field=132
https://www.behance.net/search?field=102
https://www.behance.net/search?field=44

https://www.behance.net/vinfotech
https://www.behance.net/jitendra99d0d7
https://www.behance.net/search?content=users&sort=appreciations&country=IN&city=Indore
https://www.behance.net/search?field=51
https://www.behance.net/search?field=132
https://www.behance.net/search?field=44

https://www.behance.net/jitendra99d0d7
https://www.behance.net/wdmanish
https://www.behance.net/search?content=users&sort=appreciations&country=IN&city=Indore
https://www.behance.net/search?field=102
https://www.behance.net/search?field=132
https://www.behance.net/search?field=44

https://www.behance.net/wdmanish
https://www.behance.net/KanhaPatel
https://www.behance.net/search?content=users&sort=appreciations&country=IN&city=Indore
https://www.behance.net/search?field=132
https://www.behance.net/search?field=102
https://www.behance.net/search?field=44

https://www.behance.net/KanhaPatel
https://www.behance.net/CreativeRJ
https://www.behance.net/search?content=users&sort=appreciations&country=IN&city=Indore
https://www.behance.net/search?field=48
https://www.behance.net/search?field=44
https://www.behance.net/search?field=109

https://www.behance.net/CreativeRJ
https://www.behance.net/aseemriyaz
https://www.behance.net/search?content=users&sort=appreciations&country=IN&city=Indore
https://www.behance.net/search?field=132
https://www.behance.net/search?field=51
https://www.behance.net/search?field=5

https://www.behance.net/aseemriyaz
https://www.behance.net/bhavishyag93d2
https://www.behance.net/search?content=users&sort=appreciations&country=IN&city=Indore
https://www.behance.net/search?field=132
https://www.behance.net/search?field=102
https://www.behance.net/search?field=44

https://www.behance.net/bhavishyag93d2
https://www.behance.net/bharatramnani94
https://www.behance.net/search?content=users&sort=appreciations&country=IN&city=Indore
https://www.behance.net/search?field=109
https://www.behance.net/search?field=44
https://www.behance.net/search?field=132

https://www.behance.net/bharatramnani94
https://www.behance.net/creative_nick
https://www.behance.net/search?content=users&sort=appreciations&country=IN&city=Indore
https://www.behance.net/search?field=132
https://www.behance.net/search?field=102
https://www.behance.net/search?field=103

https://www.behance.net/creative_nick
https://www.behance.net/eleopard
https://www.behance.net/search?content=users&sort=appreciations&country=IN&city=Indore
https://www.behance.net/search?field=48
https://www.behance.net/search?field=44
https://www.behance.net/search?field=102

https://www.behance.net/eleopard
https://www.behance.net/Shahrukh_artistiie
https://www.behance.net/search?content=users&sort=appreciations&country=IN&city=Indore
https://www.behance.net/search?field=52
https://www.behance.net/search?field=4
https://www.behance.net/search?field=120

https://www.behance.net/Shahrukh_artistiie
https://www.behance.net/nitinbundele
https://www.behance.net/search?content=users&sort=appreciations&country=IN&city=Indore
https://www.behance.net/search?field=132
https://www.behance.net/search?field=102
https://www.behance.net/search?field=44

https://www.behance.net/nitinbundele
https://www.behance.net/mustafalokhandwala
https://www.behance.net/search?content=users&sort=appreciations&country=IN&city=Indore
https://www.behance.net/search?field=52
https://www.behance.net/search?field=109
https://www.behance.net/search?field=44

https://www.behance.net/mustafalokhandwala
https://www.behance.net/musa_designs
https://www.behance.net/search?content=users&sort=appreciations&country=IN&city=Indore
https://www.behance.net/search?field=132
https://www.behance.net/search?field=102

https://www.behance.net/musa_designs
https://www.behance.net/skandie
https://www.behance.net/search?content=users&sort=appreciations&country=IN&city=Indore
https://www.behance.net/search?field=102
https://www.behance.net/search?field=132
https://www.behance.net/search?field=44

https://www.behance.net/skandie
https://www.behance.net/sketchthemes
https://www.behance.net/search?content=users&sort=appreciations&country=IN&city=Indore
https://www.behance.net/search?field=102
https://www.behance.net/search?field=44
https://www.behance.net/search?field=103

https://www.behance.net/sketchthemes
https://www.behance.net/jsurajwani
https://www.behance.net/search?content=users&sort=appreciations&country=IN&city=Indore
https://www.behance.net/search?field=44
https://www.behance.net/search?field=132
https://www.behance.net/search?field=131

https://www.behance.net/jsurajwani
https://www.behance.net/artsterdesigns
https://www.behance.net/search?content=users&sort=appreciations&country=IN&city=Indore
https://www.behance.net/search?field=109
https://www.behance.net/search?field=44
https://www.behance.net/search?field=97

https://www.behance.net/artsterdesigns
https://www.behance.net/priyeshsinghai
https://www.behance.net/search?content=users&sort=appreciations&country=IN&city=Indore
https://www.behance.net/search?field=44
https://www.behance.net/search?field=48
https://www.behance.net/search?field=109

https://www.behance.net/priyeshsinghai
https://www.behance.net/adityaiiitebd0
https://www.behance.net/search?content=users&sort=appreciations&country=IN&city=Indore
https://www.behance.net/search?field=79
https://www.behance.net/search?field=49
https://www.behance.net/search?field=130

https://www.behance.net/adityaiiitebd0
https://www.behance.net/ShankMehta
https://www.behance.net/search?content=users&sort=appreciations&country=IN&city=Indore
https://www.behance.net/search?field=122
https://www.behance.net/search?field=15
https://www.behance.net/search?field=124

https://www.behance.net/ShankMehta
https://www.behance.net/questglt
https://www.behance.net/search?content=users&sort=appreciations&country=IN&city=Indore
https://www.behance.net/search?field=44
https://www.behance.net/search?field=48
https://www.behance.net/search?field=109

https://www.behance.net/questglt
https://www.behance.net/saheb63
https://www.behance.net/search?content=users&sort=appreciations&country=IN&city=Indore
https://www.behance.net/search?field=44
https://www.behance.net/search?field=79
https://www.behance.net/search?field=66

https://www.behance.net/saheb63
https://www.behance.net/Pranali21
https://www.behance.net/search?content=users&sort=appreciations&country=IN&city=Indore
https://www.behance.net/search?field=132
https://www.behance.net/search?field=102
https://www.behance.net/search?field=48

https://www.behance.net/Pranali21
https://www.behance.net/rudraksha
https://www.behance.net/search?content=users&sort=appreciations&country=IN&city=Indore
https://www.behance.net/search?field=44
https://www.behance.net/search?field=48
https://www.behance.net/search?field=131

https://www.behance.net/rudraksha
https://www.behance.net/designchaire
https://www.behance.net/search?content=users&sort=appreciations&country=IN&city=Indore
https://www.behance.net/search?field=132
https://www.behance.net/search?field=109
https://www.behance.net/search?field=102

https://www.behance.net/designchaire
https://www.behance.net/thakurlalpbd65
https://www.behance.net/search?content=users&sort=appreciations&country=IN&city=Indore
https://www.behance.net/search?field=132
https://www.behance.net/search?field=44
https://www.behance.net/search?field=102

https://www.behance.net/thakurlalpbd65
https://www.behance.net/ankitagogne
https://www.behance.net/search?content=users&sort=appreciations&country=IN&city=Indore
https://www.behance.net/search?field=40
https://www.behance.net/search?field=52
https://www.behance.net/search?field=49

https://www.behance.net/ankitagogne
https://www.behance.net/satyamchoudhary
https://www.behance.net/search?content=users&sort=appreciations&country=IN&city=Indore
https://www.behance.net/search?field=132
https://www.behance.net/search?field=102
https://www.behance.net/search?field=44

https://www.behance.net/satyamchoudhary
https://www.behance.net/rsatankar
https://www.behance.net/search?content=users&sort=appreciations&country=IN&city=Indore
https://www.behance.net/search?field=132
https://www.behance.net/search?field=44
https://www.behance.net/search?field=102

https://www.behance.net/rsatankar
https://www.behance.net/roshi_designdrama
https://www.behance.net/search?content=users&sort=appreciations&country=IN&city=Indore
https://www.behance.net/search?field=109
https://www.behance.net/search?field=44
https://www.behance.net/search?field=97

https://www.behance.net/roshi_designdrama
https://www.behance.net/engineerbabu
https://www.behance.net/search?content=users&sort=appreciations&country=IN&city=Indore
https://www.behance.net/search?field=132
https://www.behance.net/search?field=102
https://www.behance.net/search?field=103

https://www.behance.net/engineerbabu
https://www.behance.net/codervj
https://www.behance.net/search?content=users&sort=appreciations&country=IN&city=Indore
https://www.behance.net/search?field=102
https://www.behance.net/search?field=103
https://www.behance.net/search?field=44

https://www.behance.net/codervj
https://www.behance.net/mudgalbharat
https://www.behance.net/search?content=users&sort=appreciations&country=IN&city=Indore
https://www.behance.net/search?field=73
https://www.behance.net/search?field=27
https://www.behance.net/search?field=136

https://www.behance.net/mudgalbharat
https://www.behance.net/search?field=44
https://www.behance.net/search?field=73
https://www.behance.net/search?field=51
https://www.behance.net/search?field=5
https://www.behance.net/search?field=48
https://www.behance.net/galleries
https://www.behance.net/about
http://blog.behance.net/
https://www.behance.net/dev
https://www.behance.net/reviews
https://www.behance.net/testimonials
http://99u.com/?utm_source=network&utm_medium=activity_feed_footer&utm_campaign=network_footer_references
https://www.behance.net/apps

https://www.behance.net/misc/terms
http://behancenetwork.zendesk.com/anonymous_requests/new
http://adobe.com/
https://www.behance.net/search?content=users&sort=views&time=week&location_id=245709027-en&country=IN&city=Indore#
https://www.behance.net/search
https://www.behance.net/galleries
https://www.behance.net/poweredby
https://www.behance.net/joblist
https://www.behance.net/apps
undefined
