var urls=$$('a');
for(url in urls)
 console.log(urls[url].href);
https://www.behance.net/
https://www.behance.net/search
https://www.behance.net/galleries
https://www.behance.net/poweredby
https://www.behance.net/joblist
https://www.behance.net/adobetalent?tracking_source=nav_button
https://www.behance.net/adobetalent?tracking_source=nav_button_logged_out

https://www.behance.net/adobetalent?tracking_source=nav_button_logged_out
https://www.adobe.com/

https://www.behance.net/

https://www.behance.net/

https://www.behance.net/search?sort=featured_date
https://www.behance.net/search?sort=appreciations
https://www.behance.net/search?sort=views
https://www.behance.net/search?sort=comments
https://www.behance.net/search?sort=published_date
https://www.behance.net/search?sort=followed
https://www.behance.net/search?time=all
https://www.behance.net/search?time=today
https://www.behance.net/search?time=week
https://www.behance.net/search?time=month

https://www.behance.net/macgrav
https://www.behance.net/search?content=users&sort=appreciations&country=IN&city=Jaipur
https://www.behance.net/search?field=44
https://www.behance.net/search?field=109
https://www.behance.net/search?field=131

https://www.behance.net/macgrav
https://www.behance.net/saurabhgemini
https://www.behance.net/search?content=users&sort=appreciations&country=IN&city=Jaipur
https://www.behance.net/search?field=109
https://www.behance.net/search?field=44
https://www.behance.net/search?field=132

https://www.behance.net/saurabhgemini
https://www.behance.net/MITTALSONAKSHI
https://www.behance.net/search?content=users&sort=appreciations&country=IN&city=Jaipur
https://www.behance.net/search?field=49

https://www.behance.net/MITTALSONAKSHI
https://www.behance.net/pawanjangid
https://www.behance.net/search?content=users&sort=appreciations&country=IN&city=Jaipur
https://www.behance.net/search?field=108
https://www.behance.net/search?field=5
https://www.behance.net/search?field=41

https://www.behance.net/pawanjangid
https://www.behance.net/Rahul_Parihar
https://www.behance.net/search?content=users&sort=appreciations&country=IN&city=Jaipur
https://www.behance.net/search?field=122
https://www.behance.net/search?field=48
https://www.behance.net/search?field=44

https://www.behance.net/Rahul_Parihar
https://www.behance.net/apprecon
https://www.behance.net/search?content=users&sort=appreciations&country=IN&city=Jaipur
https://www.behance.net/search?field=48
https://www.behance.net/search?field=44
https://www.behance.net/search?field=109

https://www.behance.net/apprecon
https://www.behance.net/amitrai10
https://www.behance.net/search?content=users&sort=appreciations&country=IN&city=Jaipur
https://www.behance.net/search?field=132
https://www.behance.net/search?field=51
https://www.behance.net/search?field=102

https://www.behance.net/amitrai10
https://www.behance.net/AnukritiV
https://www.behance.net/search?content=users&sort=appreciations&country=IN&city=Jaipur
https://www.behance.net/search?field=48
https://www.behance.net/search?field=44
https://www.behance.net/search?field=110

https://www.behance.net/AnukritiV
https://www.behance.net/solankisumd446
https://www.behance.net/search?content=users&sort=appreciations&country=IN&city=Jaipur
https://www.behance.net/search?field=44
https://www.behance.net/search?field=48
https://www.behance.net/search?field=5

https://www.behance.net/solankisumd446
https://www.behance.net/startdesigns
https://www.behance.net/search?content=users&sort=appreciations&country=IN&city=Jaipur
https://www.behance.net/search?field=109
https://www.behance.net/search?field=102
https://www.behance.net/search?field=132

https://www.behance.net/startdesigns
https://www.behance.net/Gagandeepsingh
https://www.behance.net/search?content=users&sort=appreciations&country=IN&city=Jaipur
https://www.behance.net/search?field=122
https://www.behance.net/search?field=44
https://www.behance.net/search?field=48

https://www.behance.net/Gagandeepsingh
https://www.behance.net/kidsletters
https://www.behance.net/search?content=users&sort=appreciations&country=IN&city=Jaipur
https://www.behance.net/search?field=105
https://www.behance.net/search?field=19

https://www.behance.net/kidsletters
https://www.behance.net/urbaninfotech
https://www.behance.net/search?content=users&sort=appreciations&country=IN&city=Jaipur
https://www.behance.net/search?field=44
https://www.behance.net/search?field=48
https://www.behance.net/search?field=97

https://www.behance.net/urbaninfotech
https://www.behance.net/9aananda
https://www.behance.net/search?content=users&sort=appreciations&country=IN&city=Jaipur
https://www.behance.net/search?field=38
https://www.behance.net/search?field=19
https://www.behance.net/search?field=44

https://www.behance.net/9aananda
https://www.behance.net/handicraftsinindia
https://www.behance.net/search?content=users&sort=appreciations&country=IN&city=Jaipur
https://www.behance.net/search?field=21
https://www.behance.net/search?field=5
https://www.behance.net/search?field=67

https://www.behance.net/handicraftsinindia
https://www.behance.net/vaibhavsha5cf9
https://www.behance.net/search?content=users&sort=appreciations&country=IN&city=Jaipur
https://www.behance.net/search?field=48
https://www.behance.net/search?field=44

https://www.behance.net/vaibhavsha5cf9
https://www.behance.net/businesscardindia
https://www.behance.net/search?content=users&sort=appreciations&country=IN&city=Jaipur
https://www.behance.net/search?field=78
https://www.behance.net/search?field=79
https://www.behance.net/search?field=66

https://www.behance.net/businesscardindia
https://www.behance.net/Anushree_roy
https://www.behance.net/search?content=users&sort=appreciations&country=IN&city=Jaipur
https://www.behance.net/search?field=44
https://www.behance.net/search?field=48
https://www.behance.net/search?field=108

https://www.behance.net/Anushree_roy
https://www.behance.net/101prithviraj
https://www.behance.net/search?content=users&sort=appreciations&country=IN&city=Jaipur
https://www.behance.net/search?field=44
https://www.behance.net/search?field=109
https://www.behance.net/search?field=48

https://www.behance.net/101prithviraj
https://www.behance.net/diksha18963c7b
https://www.behance.net/search?content=users&sort=appreciations&country=IN&city=Jaipur
https://www.behance.net/search?field=44
https://www.behance.net/search?field=48
https://www.behance.net/search?field=109

https://www.behance.net/diksha18963c7b
https://www.behance.net/asaini7252496b
https://www.behance.net/search?content=users&sort=appreciations&country=IN&city=Jaipur
https://www.behance.net/search?field=44
https://www.behance.net/search?field=48
https://www.behance.net/search?field=122

https://www.behance.net/asaini7252496b
https://www.behance.net/gazalroongta
https://www.behance.net/search?content=users&sort=appreciations&country=IN&city=Jaipur
https://www.behance.net/search?field=44
https://www.behance.net/search?field=5
https://www.behance.net/search?field=110

https://www.behance.net/gazalroongta
https://www.behance.net/opthapa
https://www.behance.net/search?content=users&sort=appreciations&country=IN&city=Jaipur
https://www.behance.net/search?field=44
https://www.behance.net/search?field=5
https://www.behance.net/search?field=48

https://www.behance.net/opthapa
https://www.behance.net/shakir2cool
https://www.behance.net/search?content=users&sort=appreciations&country=IN&city=Jaipur
https://www.behance.net/search?field=73
https://www.behance.net/search?field=27
https://www.behance.net/search?field=53

https://www.behance.net/shakir2cool
https://www.behance.net/aloktrivedi
https://www.behance.net/search?content=users&sort=appreciations&country=IN&city=Jaipur
https://www.behance.net/search?field=132
https://www.behance.net/search?field=102
https://www.behance.net/search?field=51

https://www.behance.net/aloktrivedi
https://www.behance.net/vkgupta1988
https://www.behance.net/search?content=users&sort=appreciations&country=IN&city=Jaipur
https://www.behance.net/search?field=44
https://www.behance.net/search?field=41
https://www.behance.net/search?field=132

https://www.behance.net/vkgupta1988
https://www.behance.net/kuldeepjadoun
https://www.behance.net/search?content=users&sort=appreciations&country=IN&city=Jaipur
https://www.behance.net/search?field=132
https://www.behance.net/search?field=44
https://www.behance.net/search?field=51

https://www.behance.net/kuldeepjadoun
https://www.behance.net/mansitiara
https://www.behance.net/search?content=users&sort=appreciations&country=IN&city=Jaipur
https://www.behance.net/search?field=44
https://www.behance.net/search?field=73
https://www.behance.net/search?field=108

https://www.behance.net/mansitiara
https://www.behance.net/snigdha_choudhary
https://www.behance.net/search?content=users&sort=appreciations&country=IN&city=Jaipur
https://www.behance.net/search?field=37
https://www.behance.net/search?field=78
https://www.behance.net/search?field=48

https://www.behance.net/snigdha_choudhary
https://www.behance.net/ahujaanisha
https://www.behance.net/search?content=users&sort=appreciations&country=IN&city=Jaipur
https://www.behance.net/search?field=21
https://www.behance.net/search?field=79
https://www.behance.net/search?field=49

https://www.behance.net/ahujaanisha
https://www.behance.net/crushyogi
https://www.behance.net/search?content=users&sort=appreciations&country=IN&city=Jaipur
https://www.behance.net/search?field=48
https://www.behance.net/search?field=44
https://www.behance.net/search?field=9

https://www.behance.net/crushyogi
https://www.behance.net/ketakijoshi
https://www.behance.net/search?content=users&sort=appreciations&country=IN&city=Jaipur
https://www.behance.net/search?field=44
https://www.behance.net/search?field=109
https://www.behance.net/search?field=131

https://www.behance.net/ketakijoshi
https://www.behance.net/khaitanani8858
https://www.behance.net/search?content=users&sort=appreciations&country=IN&city=Jaipur
https://www.behance.net/search?field=44
https://www.behance.net/search?field=109
https://www.behance.net/search?field=97

https://www.behance.net/khaitanani8858
https://www.behance.net/AarushiDugar
https://www.behance.net/search?content=users&sort=appreciations&country=IN&city=Jaipur
https://www.behance.net/search?field=36
https://www.behance.net/search?field=5
https://www.behance.net/search?field=40

https://www.behance.net/AarushiDugar
https://www.behance.net/simransharma
https://www.behance.net/search?content=users&sort=appreciations&country=IN&city=Jaipur
https://www.behance.net/search?field=44
https://www.behance.net/search?field=109
https://www.behance.net/search?field=108

https://www.behance.net/simransharma
https://www.behance.net/tanu12
https://www.behance.net/search?content=users&sort=appreciations&country=IN&city=Jaipur
https://www.behance.net/search?field=44
https://www.behance.net/search?field=73
https://www.behance.net/search?field=48

https://www.behance.net/tanu12
https://www.behance.net/corrugatedboxes
https://www.behance.net/search?content=users&sort=appreciations&country=IN&city=Jaipur+City
https://www.behance.net/search?field=66
https://www.behance.net/search?field=78
https://www.behance.net/search?field=79

https://www.behance.net/corrugatedboxes
https://www.behance.net/Manpreet_S
https://www.behance.net/search?content=users&sort=appreciations&country=IN&city=Jaipur
https://www.behance.net/search?field=40
https://www.behance.net/search?field=79
https://www.behance.net/search?field=49

https://www.behance.net/Manpreet_S
https://www.behance.net/anushrutkhare
https://www.behance.net/search?content=users&sort=appreciations&country=IN&city=Jaipur
https://www.behance.net/search?field=108
https://www.behance.net/search?field=109
https://www.behance.net/search?field=44

https://www.behance.net/anushrutkhare
https://www.behance.net/vinoy
https://www.behance.net/search?content=users&sort=appreciations&country=IN&city=Jaipur
https://www.behance.net/search?field=102
https://www.behance.net/search?field=132
https://www.behance.net/search?field=51

https://www.behance.net/vinoy
https://www.behance.net/AbhaStudios
https://www.behance.net/search?content=users&sort=appreciations&country=IN&city=Jaipur
https://www.behance.net/search?field=44
https://www.behance.net/search?field=48
https://www.behance.net/search?field=109

https://www.behance.net/AbhaStudios
https://www.behance.net/Ayer755
https://www.behance.net/search?content=users&sort=appreciations&country=IN&city=Jaipur
https://www.behance.net/search?field=37
https://www.behance.net/search?field=73
https://www.behance.net/search?field=48

https://www.behance.net/Ayer755
https://www.behance.net/yogeshmankani
https://www.behance.net/search?content=users&sort=appreciations&country=IN&city=Jaipur
https://www.behance.net/search?field=44
https://www.behance.net/search?field=132
https://www.behance.net/search?field=131

https://www.behance.net/yogeshmankani
https://www.behance.net/sanskr
https://www.behance.net/search?content=users&sort=appreciations&country=IN&city=Jaipur
https://www.behance.net/search?field=48
https://www.behance.net/search?field=78
https://www.behance.net/search?field=69

https://www.behance.net/sanskr
https://www.behance.net/vishnu0agrawal
https://www.behance.net/search?content=users&sort=appreciations&country=IN&city=Jaipur
https://www.behance.net/search?field=102
https://www.behance.net/search?field=132

https://www.behance.net/vishnu0agrawal
https://www.behance.net/shubhangidbebb
https://www.behance.net/search?content=users&sort=appreciations&country=IN&city=Jaipur
https://www.behance.net/search?field=44
https://www.behance.net/search?field=5
https://www.behance.net/search?field=109

https://www.behance.net/shubhangidbebb
https://www.behance.net/rakesh_SubtleDesign
https://www.behance.net/search?content=users&sort=appreciations&country=IN&city=Jaipur
https://www.behance.net/search?field=79
https://www.behance.net/search?field=112
https://www.behance.net/search?field=21

https://www.behance.net/rakesh_SubtleDesign
https://www.behance.net/Varun_S_Parihar
https://www.behance.net/search?content=users&sort=appreciations&country=IN&city=Jaipur
https://www.behance.net/search?field=40
https://www.behance.net/search?field=21
https://www.behance.net/search?field=49

https://www.behance.net/Varun_S_Parihar
https://www.behance.net/padminimurthy
https://www.behance.net/search?content=users&sort=appreciations&country=IN&city=Jaipur
https://www.behance.net/search?field=110
https://www.behance.net/search?field=67
https://www.behance.net/search?field=41

https://www.behance.net/padminimurthy
https://www.behance.net/anjali2bbe
https://www.behance.net/search?content=users&sort=appreciations&country=IN&city=Jaipur
https://www.behance.net/search?field=44

https://www.behance.net/anjali2bbe
https://www.behance.net/karanroart
https://www.behance.net/search?content=users&sort=appreciations&country=IN&city=Jaipur
https://www.behance.net/search?field=44
https://www.behance.net/search?field=109
https://www.behance.net/search?field=110

https://www.behance.net/karanroart
https://www.behance.net/jaysharma
https://www.behance.net/search?content=users&sort=appreciations&country=IN&city=Jaipur
https://www.behance.net/search?field=109
https://www.behance.net/search?field=48
https://www.behance.net/search?field=44

https://www.behance.net/jaysharma
https://www.behance.net/megzamazing
https://www.behance.net/search?content=users&sort=appreciations&country=IN&city=Jaipur
https://www.behance.net/search?field=19
https://www.behance.net/search?field=108
https://www.behance.net/search?field=137

https://www.behance.net/megzamazing
https://www.behance.net/alkajha
https://www.behance.net/search?content=users&sort=appreciations&country=IN&city=Jaipur
https://www.behance.net/search?field=48
https://www.behance.net/search?field=73
https://www.behance.net/search?field=44

https://www.behance.net/alkajha
https://www.behance.net/meraprint
https://www.behance.net/search?content=users&sort=appreciations&country=IN&city=Jaipur
https://www.behance.net/search?field=78
https://www.behance.net/search?field=79
https://www.behance.net/search?field=108

https://www.behance.net/meraprint
https://www.behance.net/SwastikaGarg
https://www.behance.net/search?content=users&sort=appreciations&country=IN&city=Jaipur
https://www.behance.net/search?field=53
https://www.behance.net/search?field=110
https://www.behance.net/search?field=37

https://www.behance.net/SwastikaGarg
https://www.behance.net/Yuvikabrahmawar
https://www.behance.net/search?content=users&sort=appreciations&country=IN&city=Jaipur
https://www.behance.net/search?field=53
https://www.behance.net/search?field=37
https://www.behance.net/search?field=79

https://www.behance.net/Yuvikabrahmawar
https://www.behance.net/prakriti-k
https://www.behance.net/search?content=users&sort=appreciations&country=IN&city=Jaipur
https://www.behance.net/search?field=108
https://www.behance.net/search?field=44
https://www.behance.net/search?field=48

https://www.behance.net/prakriti-k
https://www.behance.net/Radhika_Malhotra
https://www.behance.net/search?content=users&sort=appreciations&country=IN&city=Jaipur
https://www.behance.net/search?field=79
https://www.behance.net/search?field=44
https://www.behance.net/search?field=66

https://www.behance.net/Radhika_Malhotra
https://www.behance.net/RamanSandhu
https://www.behance.net/search?content=users&sort=appreciations&country=IN&city=Jaipur
https://www.behance.net/search?field=44
https://www.behance.net/search?field=97
https://www.behance.net/search?field=73

https://www.behance.net/RamanSandhu
https://www.behance.net/yuganksingh
https://www.behance.net/search?content=users&sort=appreciations&country=IN&city=Jaipur
https://www.behance.net/search?field=51
https://www.behance.net/search?field=44
https://www.behance.net/search?field=132

https://www.behance.net/yuganksingh
https://www.behance.net/biamendes
https://www.behance.net/search?content=users&sort=appreciations&country=IN&city=Jaipur
https://www.behance.net/search?field=49
https://www.behance.net/search?field=53
https://www.behance.net/search?field=37

https://www.behance.net/biamendes
https://www.behance.net/rikkyo
https://www.behance.net/search?content=users&sort=appreciations&country=IN&city=Jaipur
https://www.behance.net/search?field=132
https://www.behance.net/search?field=44
https://www.behance.net/search?field=3

https://www.behance.net/rikkyo
https://www.behance.net/sureshaloriya
https://www.behance.net/search?content=users&sort=appreciations&country=IN&city=Jaipur
https://www.behance.net/search?field=48
https://www.behance.net/search?field=44

https://www.behance.net/sureshaloriya
https://www.behance.net/ashutoshnirwan
https://www.behance.net/search?content=users&sort=appreciations&country=IN&city=Jaipur
https://www.behance.net/search?field=132

https://www.behance.net/ashutoshnirwan
https://www.behance.net/yellowobjects
https://www.behance.net/search?content=users&sort=appreciations&country=IN&city=Jaipur+City
https://www.behance.net/search?field=132
https://www.behance.net/search?field=103
https://www.behance.net/search?field=102

https://www.behance.net/yellowobjects
https://www.behance.net/-rashmi
https://www.behance.net/search?content=users&sort=appreciations&country=IN&city=Jaipur+City
https://www.behance.net/search?field=3
https://www.behance.net/search?field=9
https://www.behance.net/search?field=124

https://www.behance.net/-rashmi
https://www.behance.net/Deshrajverma
https://www.behance.net/search?content=users&sort=appreciations&country=IN&city=Jaipur
https://www.behance.net/search?field=44
https://www.behance.net/search?field=5
https://www.behance.net/search?field=48

https://www.behance.net/Deshrajverma
https://www.behance.net/AabhaPandey
https://www.behance.net/search?content=users&sort=appreciations&country=IN&city=Jaipur
https://www.behance.net/search?field=132
https://www.behance.net/search?field=102
https://www.behance.net/search?field=44

https://www.behance.net/AabhaPandey
https://www.behance.net/khushboochoraria
https://www.behance.net/search?content=users&sort=appreciations&country=IN&city=Jaipur
https://www.behance.net/search?field=73
https://www.behance.net/search?field=79
https://www.behance.net/search?field=53

https://www.behance.net/khushboochoraria
https://www.behance.net/chetanya_designs
https://www.behance.net/search?content=users&sort=appreciations&country=IN&city=Jaipur
https://www.behance.net/search?field=44
https://www.behance.net/search?field=48
https://www.behance.net/search?field=122

https://www.behance.net/chetanya_designs
https://www.behance.net/TheArtHermit
https://www.behance.net/search?content=users&sort=appreciations&country=IN&city=Jaipur+City
https://www.behance.net/search?field=5
https://www.behance.net/search?field=108
https://www.behance.net/search?field=44

https://www.behance.net/TheArtHermit
https://www.behance.net/weddingdressesindia
https://www.behance.net/search?content=users&sort=appreciations&country=IN&city=Jaipur
https://www.behance.net/search?field=93
https://www.behance.net/search?field=79
https://www.behance.net/search?field=37

https://www.behance.net/weddingdressesindia
https://www.behance.net/KD007
https://www.behance.net/search?content=users&sort=appreciations&country=IN&city=Jaipur
https://www.behance.net/search?field=44
https://www.behance.net/search?field=122
https://www.behance.net/search?field=120

https://www.behance.net/KD007
https://www.behance.net/ThoughtFrames
https://www.behance.net/search?content=users&sort=appreciations&country=IN&city=Jaipur+City
https://www.behance.net/search?field=73
https://www.behance.net/search?field=27
https://www.behance.net/search?field=5

https://www.behance.net/ThoughtFrames
https://www.behance.net/richamehta31
https://www.behance.net/search?content=users&sort=appreciations&country=IN&city=Jaipur
https://www.behance.net/search?field=44
https://www.behance.net/search?field=109
https://www.behance.net/search?field=48

https://www.behance.net/richamehta31
https://www.behance.net/cp_pratihast
https://www.behance.net/search?content=users&sort=appreciations&country=IN&city=Jaipur
https://www.behance.net/search?field=44
https://www.behance.net/search?field=132
https://www.behance.net/search?field=102

https://www.behance.net/cp_pratihast
https://www.behance.net/ashwa
https://www.behance.net/search?content=users&sort=appreciations&country=IN&city=Jaipur
https://www.behance.net/search?field=44
https://www.behance.net/search?field=78
https://www.behance.net/search?field=32

https://www.behance.net/ashwa
https://www.behance.net/deepeshfagna
https://www.behance.net/search?content=users&sort=appreciations&country=IN&city=Jaipur
https://www.behance.net/search?field=44
https://www.behance.net/search?field=48
https://www.behance.net/search?field=132

https://www.behance.net/deepeshfagna
https://www.behance.net/vashuraikuc224
https://www.behance.net/search?content=users&sort=appreciations&country=IN&city=Jaipur
https://www.behance.net/search?field=37
https://www.behance.net/search?field=95
https://www.behance.net/search?field=93

https://www.behance.net/vashuraikuc224
https://www.behance.net/theweddingcards
https://www.behance.net/search?content=users&sort=appreciations&country=IN&city=Jaipur
https://www.behance.net/search?field=79
https://www.behance.net/search?field=93
https://www.behance.net/search?field=78

https://www.behance.net/theweddingcards
https://www.behance.net/AbhishekBhushan
https://www.behance.net/search?content=users&sort=appreciations&country=IN&city=Jaipur
https://www.behance.net/search?field=44
https://www.behance.net/search?field=132
https://www.behance.net/search?field=109

https://www.behance.net/AbhishekBhushan
https://www.behance.net/Lovemarriageproblem
https://www.behance.net/search?content=users&sort=appreciations&country=IN&city=Jaipur
https://www.behance.net/search?field=108

https://www.behance.net/Lovemarriageproblem
https://www.behance.net/adobetalent?tracking_source=discover_location_upsell
https://www.behance.net/search?field=44
https://www.behance.net/search?field=73
https://www.behance.net/search?field=51
https://www.behance.net/search?field=5
https://www.behance.net/search?field=48
https://www.behance.net/galleries
https://www.behance.net/about
http://blog.behance.net/
https://www.behance.net/dev
https://www.behance.net/reviews
https://www.behance.net/testimonials
http://99u.com/?utm_source=network&utm_medium=activity_feed_footer&utm_campaign=network_footer_references
https://www.behance.net/apps

https://www.behance.net/misc/terms
http://behancenetwork.zendesk.com/anonymous_requests/new
http://adobe.com/
https://www.behance.net/search?content=users&sort=views&time=week&location_id=315734346-en&country=IN&city=Jaipur#
https://www.behance.net/search
https://www.behance.net/galleries
https://www.behance.net/poweredby
https://www.behance.net/joblist
https://www.behance.net/apps
undefined
