var urls=$$('a');
for(url in urls)
 console.log(urls[url].href);
https://www.behance.net/
https://www.behance.net/search
https://www.behance.net/galleries
https://www.behance.net/poweredby
https://www.behance.net/joblist
https://www.behance.net/adobetalent?tracking_source=nav_button
https://www.behance.net/adobetalent?tracking_source=nav_button_logged_out

https://www.behance.net/adobetalent?tracking_source=nav_button_logged_out
https://www.adobe.com/

https://www.behance.net/

https://www.behance.net/

https://www.behance.net/search?sort=featured_date
https://www.behance.net/search?sort=appreciations
https://www.behance.net/search?sort=views
https://www.behance.net/search?sort=comments
https://www.behance.net/search?sort=published_date
https://www.behance.net/search?sort=followed
https://www.behance.net/search?time=all
https://www.behance.net/search?time=today
https://www.behance.net/search?time=week
https://www.behance.net/search?time=month

https://www.behance.net/pkdhany
https://www.behance.net/search?content=users&sort=appreciations&country=IN&city=Kochi
https://www.behance.net/search?field=44
https://www.behance.net/search?field=109
https://www.behance.net/search?field=97

https://www.behance.net/pkdhany
https://www.behance.net/jaisonant
https://www.behance.net/search?content=users&sort=appreciations&country=IN&city=Kochi
https://www.behance.net/search?field=5
https://www.behance.net/search?field=108
https://www.behance.net/search?field=137

https://www.behance.net/jaisonant
https://www.behance.net/shibupg
https://www.behance.net/search?content=users&sort=appreciations&country=IN&city=Kochi
https://www.behance.net/search?field=109
https://www.behance.net/search?field=5
https://www.behance.net/search?field=44

https://www.behance.net/shibupg
https://www.behance.net/vicksond
https://www.behance.net/search?content=users&sort=appreciations&country=IN&city=Kochi
https://www.behance.net/search?field=109
https://www.behance.net/search?field=44
https://www.behance.net/search?field=78

https://www.behance.net/vicksond
https://www.behance.net/naseefgafoor
https://www.behance.net/search?content=users&sort=appreciations&country=IN&city=Kochi
https://www.behance.net/search?field=73
https://www.behance.net/search?field=108
https://www.behance.net/search?field=38

https://www.behance.net/naseefgafoor
https://www.behance.net/sabareesh
https://www.behance.net/search?content=users&sort=appreciations&country=IN&city=Kochi
https://www.behance.net/search?field=97
https://www.behance.net/search?field=5
https://www.behance.net/search?field=122

https://www.behance.net/sabareesh
https://www.behance.net/sushaj
https://www.behance.net/search?content=users&sort=appreciations&country=IN&city=Kochi
https://www.behance.net/search?field=5
https://www.behance.net/search?field=48
https://www.behance.net/search?field=108

https://www.behance.net/sushaj
https://www.behance.net/eunoians
https://www.behance.net/search?content=users&sort=appreciations&country=IN&city=Kochi
https://www.behance.net/search?field=3
https://www.behance.net/search?field=48
https://www.behance.net/search?field=63

https://www.behance.net/eunoians
https://www.behance.net/jeroy
https://www.behance.net/search?content=users&sort=appreciations&country=IN&city=Kochi
https://www.behance.net/search?field=48
https://www.behance.net/search?field=3
https://www.behance.net/search?field=63

https://www.behance.net/jeroy
https://www.behance.net/tonybgeorge
https://www.behance.net/search?content=users&sort=appreciations&country=IN&city=Kochi
https://www.behance.net/search?field=132
https://www.behance.net/search?field=79
https://www.behance.net/search?field=44

https://www.behance.net/tonybgeorge
https://www.behance.net/jijovj
https://www.behance.net/search?content=users&sort=appreciations&country=IN&city=Kochi
https://www.behance.net/search?field=44
https://www.behance.net/search?field=48
https://www.behance.net/search?field=122

https://www.behance.net/jijovj
https://www.behance.net/azeemkatz
https://www.behance.net/search?content=users&sort=appreciations&country=IN&city=Kochi
https://www.behance.net/search?field=3
https://www.behance.net/search?field=48
https://www.behance.net/search?field=63

https://www.behance.net/azeemkatz
https://www.behance.net/balagopalss
https://www.behance.net/search?content=users&sort=appreciations&country=IN&city=Kochi
https://www.behance.net/search?field=122
https://www.behance.net/search?field=110
https://www.behance.net/search?field=5

https://www.behance.net/balagopalss
https://www.behance.net/muralidharin
https://www.behance.net/search?content=users&sort=appreciations&country=IN&city=Kochi
https://www.behance.net/search?field=109
https://www.behance.net/search?field=44
https://www.behance.net/search?field=122

https://www.behance.net/muralidharin
https://www.behance.net/raeezhyder
https://www.behance.net/search?content=users&sort=appreciations&country=IN&city=Kochi
https://www.behance.net/search?field=44
https://www.behance.net/search?field=108
https://www.behance.net/search?field=38

https://www.behance.net/raeezhyder
https://www.behance.net/dhanilchithrabhanu
https://www.behance.net/search?content=users&sort=appreciations&country=IN&city=Kochi
https://www.behance.net/search?field=5
https://www.behance.net/search?field=48
https://www.behance.net/search?field=97

https://www.behance.net/dhanilchithrabhanu
https://www.behance.net/imodraj
https://www.behance.net/search?content=users&sort=appreciations&country=IN&city=Kochi
https://www.behance.net/search?field=48
https://www.behance.net/search?field=3
https://www.behance.net/search?field=63

https://www.behance.net/imodraj
https://www.behance.net/Deepak-Thichoor
https://www.behance.net/search?content=users&sort=appreciations&country=IN&city=Kochi
https://www.behance.net/search?field=48
https://www.behance.net/search?field=122
https://www.behance.net/search?field=110

https://www.behance.net/Deepak-Thichoor
https://www.behance.net/arunbeing
https://www.behance.net/search?content=users&sort=appreciations&country=IN&city=Kochi
https://www.behance.net/search?field=109
https://www.behance.net/search?field=44
https://www.behance.net/search?field=132

https://www.behance.net/arunbeing
https://www.behance.net/abhishekajithkumar
https://www.behance.net/search?content=users&sort=appreciations&country=IN&city=Kochi
https://www.behance.net/search?field=73
https://www.behance.net/search?field=27
https://www.behance.net/search?field=32

https://www.behance.net/abhishekajithkumar
https://www.behance.net/Arunmathew87
https://www.behance.net/search?content=users&sort=appreciations&country=IN&city=Kochi
https://www.behance.net/search?field=73
https://www.behance.net/search?field=27
https://www.behance.net/search?field=37

https://www.behance.net/Arunmathew87
https://www.behance.net/Madhuchalakudy
https://www.behance.net/search?content=users&sort=appreciations&country=IN&city=Kochi
https://www.behance.net/search?field=5
https://www.behance.net/search?field=137
https://www.behance.net/search?field=44

https://www.behance.net/Madhuchalakudy
https://www.behance.net/orioncreatives
https://www.behance.net/search?content=users&sort=appreciations&country=IN&city=Kochi
https://www.behance.net/search?field=110
https://www.behance.net/search?field=48
https://www.behance.net/search?field=112

https://www.behance.net/orioncreatives
https://www.behance.net/takashiwaltar
https://www.behance.net/search?content=users&sort=appreciations&country=IN&city=Kochi
https://www.behance.net/search?field=108
https://www.behance.net/search?field=5
https://www.behance.net/search?field=109

https://www.behance.net/takashiwaltar
https://www.behance.net/ravelart
https://www.behance.net/search?content=users&sort=appreciations&country=IN&city=Kochi
https://www.behance.net/search?field=48
https://www.behance.net/search?field=122
https://www.behance.net/search?field=3

https://www.behance.net/ravelart
https://www.behance.net/rohithrajr
https://www.behance.net/search?content=users&sort=appreciations&country=IN&city=Kochi
https://www.behance.net/search?field=63
https://www.behance.net/search?field=3
https://www.behance.net/search?field=109

https://www.behance.net/rohithrajr
https://www.behance.net/arundude2071dd
https://www.behance.net/search?content=users&sort=appreciations&country=IN&city=Kochi
https://www.behance.net/search?field=3
https://www.behance.net/search?field=15
https://www.behance.net/search?field=63

https://www.behance.net/arundude2071dd
https://www.behance.net/rajeshlathi2010c734
https://www.behance.net/search?content=users&sort=appreciations&country=IN&city=Kochi
https://www.behance.net/search?field=48
https://www.behance.net/search?field=122
https://www.behance.net/search?field=124

https://www.behance.net/rajeshlathi2010c734
https://www.behance.net/toplogodesigner
https://www.behance.net/search?content=users&sort=appreciations&country=IN&city=Kochi
https://www.behance.net/search?field=109
https://www.behance.net/search?field=44
https://www.behance.net/search?field=108

https://www.behance.net/toplogodesigner
https://www.behance.net/rajaneeshtre057
https://www.behance.net/search?content=users&sort=appreciations&country=IN&city=Kochi
https://www.behance.net/search?field=5
https://www.behance.net/search?field=108
https://www.behance.net/search?field=37

https://www.behance.net/rajaneeshtre057
https://www.behance.net/webandcrafts
https://www.behance.net/search?content=users&sort=appreciations&country=IN&city=Kochi
https://www.behance.net/search?field=109
https://www.behance.net/search?field=44
https://www.behance.net/search?field=102

https://www.behance.net/webandcrafts
https://www.behance.net/DJMadhavan
https://www.behance.net/search?content=users&sort=appreciations&country=IN&city=Kochi
https://www.behance.net/search?field=44
https://www.behance.net/search?field=48
https://www.behance.net/search?field=108

https://www.behance.net/DJMadhavan
https://www.behance.net/hdalive
https://www.behance.net/search?content=users&sort=appreciations&country=IN&city=Kochi
https://www.behance.net/search?field=132
https://www.behance.net/search?field=102
https://www.behance.net/search?field=73

https://www.behance.net/hdalive
https://www.behance.net/kameelaks
https://www.behance.net/search?content=users&sort=appreciations&country=IN&city=Kochi
https://www.behance.net/search?field=44
https://www.behance.net/search?field=48
https://www.behance.net/search?field=109

https://www.behance.net/kameelaks
https://www.behance.net/princeraju9372
https://www.behance.net/search?content=users&sort=appreciations&country=IN&city=Kochi
https://www.behance.net/search?field=44
https://www.behance.net/search?field=109

https://www.behance.net/princeraju9372
https://www.behance.net/prasanthgks
https://www.behance.net/search?content=users&sort=appreciations&country=IN&city=Kochi
https://www.behance.net/search?field=132
https://www.behance.net/search?field=102
https://www.behance.net/search?field=103

https://www.behance.net/prasanthgks
https://www.behance.net/Ajupunnakkal
https://www.behance.net/search?content=users&sort=appreciations&country=IN&city=Kochi
https://www.behance.net/search?field=5
https://www.behance.net/search?field=109
https://www.behance.net/search?field=137

https://www.behance.net/Ajupunnakkal
https://www.behance.net/jinson
https://www.behance.net/search?content=users&sort=appreciations&country=IN&city=Kochi
https://www.behance.net/search?field=73
https://www.behance.net/search?field=37
https://www.behance.net/search?field=32

https://www.behance.net/jinson
https://www.behance.net/vineeshvk
https://www.behance.net/search?content=users&sort=appreciations&country=IN&city=Kochi
https://www.behance.net/search?field=44
https://www.behance.net/search?field=38
https://www.behance.net/search?field=122

https://www.behance.net/vineeshvk
https://www.behance.net/DezignTeam
https://www.behance.net/search?content=users&sort=appreciations&country=IN&city=Kochi
https://www.behance.net/search?field=44
https://www.behance.net/search?field=132
https://www.behance.net/search?field=102

https://www.behance.net/DezignTeam
https://www.behance.net/Aswarth-sadhu
https://www.behance.net/search?content=users&sort=appreciations&country=IN&city=Kochi
https://www.behance.net/search?field=3
https://www.behance.net/search?field=63
https://www.behance.net/search?field=124

https://www.behance.net/Aswarth-sadhu
https://www.behance.net/shemeer-as
https://www.behance.net/search?content=users&sort=appreciations&country=IN&city=Kochi
https://www.behance.net/search?field=109
https://www.behance.net/search?field=102
https://www.behance.net/search?field=132

https://www.behance.net/shemeer-as
https://www.behance.net/melvin
https://www.behance.net/search?content=users&sort=appreciations&country=IN&city=Kochi
https://www.behance.net/search?field=48
https://www.behance.net/search?field=5
https://www.behance.net/search?field=109

https://www.behance.net/melvin
https://www.behance.net/dastudio89
https://www.behance.net/search?content=users&sort=appreciations&country=IN&city=Kochi
https://www.behance.net/search?field=44
https://www.behance.net/search?field=5
https://www.behance.net/search?field=109

https://www.behance.net/dastudio89
https://www.behance.net/bevindcruz
https://www.behance.net/search?content=users&sort=appreciations&country=IN&city=Kochi
https://www.behance.net/search?field=51
https://www.behance.net/search?field=132
https://www.behance.net/search?field=48

https://www.behance.net/bevindcruz
https://www.behance.net/rajeshta78
https://www.behance.net/search?content=users&sort=appreciations&country=IN&city=Kochi
https://www.behance.net/search?field=5
https://www.behance.net/search?field=48
https://www.behance.net/search?field=108

https://www.behance.net/rajeshta78
https://www.behance.net/tijophotography
https://www.behance.net/search?content=users&sort=appreciations&country=IN&city=Kochi
https://www.behance.net/search?field=73
https://www.behance.net/search?field=109
https://www.behance.net/search?field=108

https://www.behance.net/tijophotography
https://www.behance.net/abdu986
https://www.behance.net/search?content=users&sort=appreciations&country=IN&city=Kochi
https://www.behance.net/search?field=109
https://www.behance.net/search?field=44
https://www.behance.net/search?field=78

https://www.behance.net/abdu986
https://www.behance.net/riazcreatives
https://www.behance.net/search?content=users&sort=appreciations&country=IN&city=Kochi
https://www.behance.net/search?field=73
https://www.behance.net/search?field=5
https://www.behance.net/search?field=97

https://www.behance.net/riazcreatives
https://www.behance.net/visakhss
https://www.behance.net/search?content=users&sort=appreciations&country=IN&city=Kochi
https://www.behance.net/search?field=102
https://www.behance.net/search?field=44
https://www.behance.net/search?field=109

https://www.behance.net/visakhss
https://www.behance.net/Sumesh-retouchartist
https://www.behance.net/search?content=users&sort=appreciations&country=IN&city=Kochi
https://www.behance.net/search?field=136
https://www.behance.net/search?field=108
https://www.behance.net/search?field=37

https://www.behance.net/Sumesh-retouchartist
https://www.behance.net/spinheiro
https://www.behance.net/search?content=users&sort=appreciations&country=IN&city=Kochi
https://www.behance.net/search?field=73
https://www.behance.net/search?field=27
https://www.behance.net/search?field=74

https://www.behance.net/spinheiro
https://www.behance.net/kuriyaa
https://www.behance.net/search?content=users&sort=appreciations&country=IN&city=Kochi
https://www.behance.net/search?field=5
https://www.behance.net/search?field=108
https://www.behance.net/search?field=19

https://www.behance.net/kuriyaa
https://www.behance.net/ullasbfa
https://www.behance.net/search?content=users&sort=appreciations&country=IN&city=Kochi
https://www.behance.net/search?field=48
https://www.behance.net/search?field=5
https://www.behance.net/search?field=44

https://www.behance.net/ullasbfa
https://www.behance.net/manjunathbhat
https://www.behance.net/search?content=users&sort=appreciations&country=IN&city=Kochi
https://www.behance.net/search?field=44
https://www.behance.net/search?field=109
https://www.behance.net/search?field=48

https://www.behance.net/manjunathbhat
https://www.behance.net/niyaskhan
https://www.behance.net/search?content=users&sort=appreciations&country=IN&city=Kochi
https://www.behance.net/search?field=102
https://www.behance.net/search?field=109
https://www.behance.net/search?field=132

https://www.behance.net/niyaskhan
https://www.behance.net/prasadte
https://www.behance.net/search?content=users&sort=appreciations&country=IN&city=Kochi
https://www.behance.net/search?field=108
https://www.behance.net/search?field=5
https://www.behance.net/search?field=109

https://www.behance.net/prasadte
https://www.behance.net/thomasart
https://www.behance.net/search?content=users&sort=appreciations&country=IN&city=Kochi
https://www.behance.net/search?field=108
https://www.behance.net/search?field=44
https://www.behance.net/search?field=109

https://www.behance.net/thomasart
https://www.behance.net/sumeshak
https://www.behance.net/search?content=users&sort=appreciations&country=IN&city=Kochi
https://www.behance.net/search?field=109
https://www.behance.net/search?field=44
https://www.behance.net/search?field=5

https://www.behance.net/sumeshak
https://www.behance.net/princeantony
https://www.behance.net/search?content=users&sort=appreciations&country=IN&city=Kochi
https://www.behance.net/search?field=48
https://www.behance.net/search?field=97
https://www.behance.net/search?field=78

https://www.behance.net/princeantony
https://www.behance.net/varghesecj
https://www.behance.net/search?content=users&sort=appreciations&country=IN&city=Kochi
https://www.behance.net/search?field=132
https://www.behance.net/search?field=102
https://www.behance.net/search?field=109

https://www.behance.net/varghesecj
https://www.behance.net/josmin
https://www.behance.net/search?content=users&sort=appreciations&country=IN&city=Kochi
https://www.behance.net/search?field=48
https://www.behance.net/search?field=44
https://www.behance.net/search?field=110

https://www.behance.net/josmin
https://www.behance.net/colorstreak
https://www.behance.net/search?content=users&sort=appreciations&country=IN&city=Kochi
https://www.behance.net/search?field=48
https://www.behance.net/search?field=44
https://www.behance.net/search?field=132

https://www.behance.net/colorstreak
https://www.behance.net/hermitsstudios
https://www.behance.net/search?content=users&sort=appreciations&country=IN&city=Kochi
https://www.behance.net/search?field=44
https://www.behance.net/search?field=48
https://www.behance.net/search?field=109

https://www.behance.net/hermitsstudios
https://www.behance.net/wowmakers
https://www.behance.net/search?content=users&sort=appreciations&country=IN&city=Kochi
https://www.behance.net/search?field=3
https://www.behance.net/search?field=122
https://www.behance.net/search?field=109

https://www.behance.net/wowmakers
https://www.behance.net/bobin
https://www.behance.net/search?content=users&sort=appreciations&country=IN&city=Kochi
https://www.behance.net/search?field=132
https://www.behance.net/search?field=51
https://www.behance.net/search?field=102

https://www.behance.net/bobin
https://www.behance.net/JovenRoyDesigns
https://www.behance.net/search?content=users&sort=appreciations&country=IN&city=Kochi
https://www.behance.net/search?field=44
https://www.behance.net/search?field=73
https://www.behance.net/search?field=97

https://www.behance.net/JovenRoyDesigns
https://www.behance.net/drymonsoon
https://www.behance.net/search?content=users&sort=appreciations&country=IN&city=Kochi
https://www.behance.net/search?field=78
https://www.behance.net/search?field=122
https://www.behance.net/search?field=97

https://www.behance.net/drymonsoon
https://www.behance.net/brandmills
https://www.behance.net/search?content=users&sort=appreciations&country=IN&city=Kochi
https://www.behance.net/search?field=109
https://www.behance.net/search?field=44
https://www.behance.net/search?field=5

https://www.behance.net/brandmills
https://www.behance.net/viswankrishna
https://www.behance.net/search?content=users&sort=appreciations&country=IN&city=Kochi
https://www.behance.net/search?field=102
https://www.behance.net/search?field=73
https://www.behance.net/search?field=5

https://www.behance.net/viswankrishna
https://www.behance.net/fineleft
https://www.behance.net/search?content=users&sort=appreciations&country=IN&city=Kochi
https://www.behance.net/search?field=5
https://www.behance.net/search?field=132
https://www.behance.net/search?field=44

https://www.behance.net/fineleft
https://www.behance.net/xnorpix
https://www.behance.net/search?content=users&sort=appreciations&country=IN&city=Fort+Cochi
https://www.behance.net/search?field=44
https://www.behance.net/search?field=78
https://www.behance.net/search?field=108

https://www.behance.net/xnorpix
https://www.behance.net/eldhosems
https://www.behance.net/search?content=users&sort=appreciations&country=IN&city=Kochi
https://www.behance.net/search?field=132
https://www.behance.net/search?field=102

https://www.behance.net/eldhosems
https://www.behance.net/Tamarind-Weddings
https://www.behance.net/search?content=users&sort=appreciations&country=IN&city=Kochi
https://www.behance.net/search?field=137
https://www.behance.net/search?field=5
https://www.behance.net/search?field=73

https://www.behance.net/Tamarind-Weddings
https://www.behance.net/laldesigns
https://www.behance.net/search?content=users&sort=appreciations&country=IN&city=Kochi
https://www.behance.net/search?field=48
https://www.behance.net/search?field=44
https://www.behance.net/search?field=109

https://www.behance.net/laldesigns
https://www.behance.net/AjayKanayil
https://www.behance.net/search?content=users&sort=appreciations&country=IN&city=Kochi
https://www.behance.net/search?field=44
https://www.behance.net/search?field=132
https://www.behance.net/search?field=109

https://www.behance.net/AjayKanayil
https://www.behance.net/livesketches
https://www.behance.net/search?content=users&sort=appreciations&country=IN&city=Kochi
https://www.behance.net/search?field=44
https://www.behance.net/search?field=48
https://www.behance.net/search?field=122

https://www.behance.net/livesketches
https://www.behance.net/felixjoy
https://www.behance.net/search?content=users&sort=appreciations&country=IN&city=Kochi
https://www.behance.net/search?field=44
https://www.behance.net/search?field=109
https://www.behance.net/search?field=102

https://www.behance.net/felixjoy
https://www.behance.net/abuthahir
https://www.behance.net/search?content=users&sort=appreciations&country=IN&city=Kochi
https://www.behance.net/search?field=44
https://www.behance.net/search?field=48
https://www.behance.net/search?field=132

https://www.behance.net/abuthahir
https://www.behance.net/saneeshms
https://www.behance.net/search?content=users&sort=appreciations&country=IN&city=Kochi
https://www.behance.net/search?field=132
https://www.behance.net/search?field=102
https://www.behance.net/search?field=51

https://www.behance.net/saneeshms
https://www.behance.net/sanoopec
https://www.behance.net/search?content=users&sort=appreciations&country=IN&city=Kochi
https://www.behance.net/search?field=38
https://www.behance.net/search?field=73
https://www.behance.net/search?field=108

https://www.behance.net/sanoopec
https://www.behance.net/sabarinath
https://www.behance.net/search?content=users&sort=appreciations&country=IN&city=Kochi
https://www.behance.net/search?field=132
https://www.behance.net/search?field=44
https://www.behance.net/search?field=102

https://www.behance.net/sabarinath
https://www.behance.net/jithacj
https://www.behance.net/search?content=users&sort=appreciations&country=IN&city=Kochi
https://www.behance.net/search?field=109
https://www.behance.net/search?field=122
https://www.behance.net/search?field=66

https://www.behance.net/jithacj
https://www.behance.net/ajithprakash
https://www.behance.net/search?content=users&sort=appreciations&country=IN&city=Kochi
https://www.behance.net/search?field=44
https://www.behance.net/search?field=102
https://www.behance.net/search?field=73

https://www.behance.net/ajithprakash
https://www.behance.net/adobetalent?tracking_source=discover_location_upsell
https://www.behance.net/search?field=44
https://www.behance.net/search?field=73
https://www.behance.net/search?field=51
https://www.behance.net/search?field=5
https://www.behance.net/search?field=48
https://www.behance.net/galleries
https://www.behance.net/about
http://blog.behance.net/
https://www.behance.net/dev
https://www.behance.net/reviews
https://www.behance.net/testimonials
http://99u.com/?utm_source=network&utm_medium=activity_feed_footer&utm_campaign=network_footer_references
https://www.behance.net/apps

https://www.behance.net/misc/terms
http://behancenetwork.zendesk.com/anonymous_requests/new
http://adobe.com/
https://www.behance.net/search?content=users&sort=views&time=week&location_id=1998361311-en&country=IN&city=Kochi#
https://www.behance.net/search
https://www.behance.net/galleries
https://www.behance.net/poweredby
https://www.behance.net/joblist
https://www.behance.net/apps
undefined
