var urls=$$('a');
for(url in urls)
 console.log(urls[url].href);
https://www.behance.net/
https://www.behance.net/search
https://www.behance.net/galleries
https://www.behance.net/poweredby
https://www.behance.net/joblist
https://www.behance.net/adobetalent?tracking_source=nav_button
https://www.behance.net/adobetalent?tracking_source=nav_button_logged_out

https://www.behance.net/adobetalent?tracking_source=nav_button_logged_out
https://www.adobe.com/

https://www.behance.net/

https://www.behance.net/

https://www.behance.net/search?sort=featured_date
https://www.behance.net/search?sort=appreciations
https://www.behance.net/search?sort=views
https://www.behance.net/search?sort=comments
https://www.behance.net/search?sort=published_date
https://www.behance.net/search?sort=followed
https://www.behance.net/search?time=all
https://www.behance.net/search?time=today
https://www.behance.net/search?time=week
https://www.behance.net/search?time=month

https://www.behance.net/chanchalpramanik
https://www.behance.net/search?content=users&sort=appreciations&country=IN&city=Kolkata
https://www.behance.net/search?field=132
https://www.behance.net/search?field=102
https://www.behance.net/search?field=44

https://www.behance.net/chanchalpramanik
https://www.behance.net/almosh82
https://www.behance.net/search?content=users&sort=appreciations&country=IN&city=Kolkata
https://www.behance.net/search?field=109
https://www.behance.net/search?field=44
https://www.behance.net/search?field=122

https://www.behance.net/almosh82
https://www.behance.net/aritrafdas
https://www.behance.net/search?content=users&sort=appreciations&country=IN&city=Kolkata
https://www.behance.net/search?field=5
https://www.behance.net/search?field=97
https://www.behance.net/search?field=44

https://www.behance.net/aritrafdas
https://www.behance.net/aniruddhas0451
https://www.behance.net/search?content=users&sort=appreciations&country=IN&city=Kolkata
https://www.behance.net/search?field=73
https://www.behance.net/search?field=59
https://www.behance.net/search?field=37

https://www.behance.net/aniruddhas0451
https://www.behance.net/aarpita
https://www.behance.net/search?content=users&sort=appreciations&country=IN&city=Kolkata
https://www.behance.net/search?field=5
https://www.behance.net/search?field=44
https://www.behance.net/search?field=132

https://www.behance.net/aarpita
https://www.behance.net/semanticflow
https://www.behance.net/search?content=users&sort=appreciations&country=IN&city=Kolkata
https://www.behance.net/search?field=102
https://www.behance.net/search?field=44
https://www.behance.net/search?field=132

https://www.behance.net/semanticflow
https://www.behance.net/mindxstudio
https://www.behance.net/search?content=users&sort=appreciations&country=IN&city=Kolkata
https://www.behance.net/search?field=102
https://www.behance.net/search?field=44
https://www.behance.net/search?field=132

https://www.behance.net/mindxstudio
https://www.behance.net/bisualizer
https://www.behance.net/search?content=users&sort=appreciations&country=IN&city=Kolkata
https://www.behance.net/search?field=5
https://www.behance.net/search?field=132
https://www.behance.net/search?field=102

https://www.behance.net/bisualizer
https://www.behance.net/maromisagi
https://www.behance.net/search?content=users&sort=appreciations&country=IN&city=Kolkata
https://www.behance.net/search?field=48
https://www.behance.net/search?field=122
https://www.behance.net/search?field=124

https://www.behance.net/maromisagi
https://www.behance.net/buylandingpagedesign
https://www.behance.net/search?content=users&sort=appreciations&country=IN&city=Kolkata
https://www.behance.net/search?field=102
https://www.behance.net/search?field=44
https://www.behance.net/search?field=132

https://www.behance.net/buylandingpagedesign
https://www.behance.net/HckmstrRahul
https://www.behance.net/search?content=users&sort=appreciations&country=IN&city=Kolkata
https://www.behance.net/search?field=132
https://www.behance.net/search?field=102
https://www.behance.net/search?field=44

https://www.behance.net/HckmstrRahul
https://www.behance.net/mayarammohe49b
https://www.behance.net/search?content=users&sort=appreciations&country=IN&city=Kolkata
https://www.behance.net/search?field=21
https://www.behance.net/search?field=109
https://www.behance.net/search?field=53

https://www.behance.net/mayarammohe49b
https://www.behance.net/netdunes
https://www.behance.net/search?content=users&sort=appreciations&country=IN&city=Kolkata
https://www.behance.net/search?field=109
https://www.behance.net/search?field=44
https://www.behance.net/search?field=102

https://www.behance.net/netdunes
https://www.behance.net/lavanyanaidu
https://www.behance.net/search?content=users&sort=appreciations&country=IN&city=Kolkata
https://www.behance.net/search?field=48
https://www.behance.net/search?field=3
https://www.behance.net/search?field=15

https://www.behance.net/lavanyanaidu
https://www.behance.net/subham0102
https://www.behance.net/search?content=users&sort=appreciations&country=IN&city=Kolkata
https://www.behance.net/search?field=44
https://www.behance.net/search?field=78
https://www.behance.net/search?field=97

https://www.behance.net/subham0102
https://www.behance.net/ryanbanthony
https://www.behance.net/search?content=users&sort=appreciations&country=IN&city=Kolkata
https://www.behance.net/search?field=97
https://www.behance.net/search?field=5
https://www.behance.net/search?field=109

https://www.behance.net/ryanbanthony
https://www.behance.net/Dheeraj_Kumar
https://www.behance.net/search?content=users&sort=appreciations&country=IN&city=Kolkata
https://www.behance.net/search?field=73
https://www.behance.net/search?field=44
https://www.behance.net/search?field=48

https://www.behance.net/Dheeraj_Kumar
https://www.behance.net/Sirohia
https://www.behance.net/search?content=users&sort=appreciations&country=IN&city=Kolkata
https://www.behance.net/search?field=52
https://www.behance.net/search?field=40
https://www.behance.net/search?field=4

https://www.behance.net/Sirohia
https://www.behance.net/shermanjackson
https://www.behance.net/search?content=users&sort=appreciations&country=IN&city=Kolkata
https://www.behance.net/search?field=44
https://www.behance.net/search?field=78
https://www.behance.net/search?field=122

https://www.behance.net/shermanjackson
https://www.behance.net/prakash_anish
https://www.behance.net/search?content=users&sort=appreciations&country=IN&city=Kolkata
https://www.behance.net/search?field=44
https://www.behance.net/search?field=132
https://www.behance.net/search?field=122

https://www.behance.net/prakash_anish
https://www.behance.net/cudographic
https://www.behance.net/search?content=users&sort=appreciations&country=IN&city=Kolkata
https://www.behance.net/search?field=109
https://www.behance.net/search?field=48
https://www.behance.net/search?field=44

https://www.behance.net/cudographic
https://www.behance.net/mitra_aniket
https://www.behance.net/search?content=users&sort=appreciations&country=IN&city=Kolkata
https://www.behance.net/search?field=44
https://www.behance.net/search?field=122
https://www.behance.net/search?field=48

https://www.behance.net/mitra_aniket
https://www.behance.net/Surajbal
https://www.behance.net/search?content=users&sort=appreciations&country=IN&city=Kolkata
https://www.behance.net/search?field=44
https://www.behance.net/search?field=73
https://www.behance.net/search?field=51

https://www.behance.net/Surajbal
https://www.behance.net/debjyotisa5c92
https://www.behance.net/search?content=users&sort=appreciations&country=IN&city=Kolkata
https://www.behance.net/search?field=48
https://www.behance.net/search?field=122
https://www.behance.net/search?field=3

https://www.behance.net/debjyotisa5c92
https://www.behance.net/BaibhavParida
https://www.behance.net/search?content=users&sort=appreciations&country=IN&city=Kolkata
https://www.behance.net/search?field=44
https://www.behance.net/search?field=73
https://www.behance.net/search?field=48

https://www.behance.net/BaibhavParida
https://www.behance.net/pinki_bhakat
https://www.behance.net/search?content=users&sort=appreciations&country=IN&city=Kolkata
https://www.behance.net/search?field=73
https://www.behance.net/search?field=44
https://www.behance.net/search?field=97

https://www.behance.net/pinki_bhakat
https://www.behance.net/Lee62
https://www.behance.net/search?content=users&sort=appreciations&country=IN&city=Kolkata
https://www.behance.net/search?field=44
https://www.behance.net/search?field=109
https://www.behance.net/search?field=48

https://www.behance.net/Lee62
https://www.behance.net/rulartist
https://www.behance.net/search?content=users&sort=appreciations&country=IN&city=Kolkata
https://www.behance.net/search?field=132
https://www.behance.net/search?field=51
https://www.behance.net/search?field=48

https://www.behance.net/rulartist
https://www.behance.net/rahulguptaf8
https://www.behance.net/search?content=users&sort=appreciations&country=IN&city=Kolkata
https://www.behance.net/search?field=73
https://www.behance.net/search?field=53
https://www.behance.net/search?field=44

https://www.behance.net/rahulguptaf8
https://www.behance.net/sunanda_sahu
https://www.behance.net/search?content=users&sort=appreciations&country=IN&city=Kolkata
https://www.behance.net/search?field=53
https://www.behance.net/search?field=48
https://www.behance.net/search?field=44

https://www.behance.net/sunanda_sahu
https://www.behance.net/shilpi_R
https://www.behance.net/search?content=users&sort=appreciations&country=IN&city=Kolkata
https://www.behance.net/search?field=44
https://www.behance.net/search?field=97
https://www.behance.net/search?field=48

https://www.behance.net/shilpi_R
https://www.behance.net/sudiptobiswas
https://www.behance.net/search?content=users&sort=appreciations&country=IN&city=Kolkata
https://www.behance.net/search?field=102
https://www.behance.net/search?field=48
https://www.behance.net/search?field=132

https://www.behance.net/sudiptobiswas
https://www.behance.net/upamanyubhattachar
https://www.behance.net/search?content=users&sort=appreciations&country=IN&city=Kolkata
https://www.behance.net/search?field=48
https://www.behance.net/search?field=110
https://www.behance.net/search?field=122

https://www.behance.net/upamanyubhattachar
https://www.behance.net/sudipcraft
https://www.behance.net/search?content=users&sort=appreciations&country=IN&city=Kolkata
https://www.behance.net/search?field=102
https://www.behance.net/search?field=44
https://www.behance.net/search?field=132

https://www.behance.net/sudipcraft
https://www.behance.net/rakeshm
https://www.behance.net/search?content=users&sort=appreciations&country=IN&city=Kolkata
https://www.behance.net/search?field=132
https://www.behance.net/search?field=44
https://www.behance.net/search?field=102

https://www.behance.net/rakeshm
https://www.behance.net/SapnaKumari
https://www.behance.net/search?content=users&sort=appreciations&country=IN&city=Kolkata
https://www.behance.net/search?field=73
https://www.behance.net/search?field=93
https://www.behance.net/search?field=59

https://www.behance.net/SapnaKumari
https://www.behance.net/agarwaldee82ae
https://www.behance.net/search?content=users&sort=appreciations&country=IN&city=Kolkata
https://www.behance.net/search?field=44
https://www.behance.net/search?field=48
https://www.behance.net/search?field=37

https://www.behance.net/agarwaldee82ae
https://www.behance.net/swarnendude
https://www.behance.net/search?content=users&sort=appreciations&country=IN&city=Kolkata
https://www.behance.net/search?field=132
https://www.behance.net/search?field=44
https://www.behance.net/search?field=102

https://www.behance.net/swarnendude
https://www.behance.net/p_kumar
https://www.behance.net/search?content=users&sort=appreciations&country=IN&city=Kolkata
https://www.behance.net/search?field=48
https://www.behance.net/search?field=44
https://www.behance.net/search?field=3

https://www.behance.net/p_kumar
https://www.behance.net/KUNDAN-KRISHANAN
https://www.behance.net/search?content=users&sort=appreciations&country=IN&city=Kolkata
https://www.behance.net/search?field=53
https://www.behance.net/search?field=44
https://www.behance.net/search?field=21

https://www.behance.net/KUNDAN-KRISHANAN
https://www.behance.net/jitchowdhury
https://www.behance.net/search?content=users&sort=appreciations&country=IN&city=Kolkata
https://www.behance.net/search?field=48
https://www.behance.net/search?field=5
https://www.behance.net/search?field=124

https://www.behance.net/jitchowdhury
https://www.behance.net/SKKanaujia
https://www.behance.net/search?content=users&sort=appreciations&country=IN&city=Kolkata
https://www.behance.net/search?field=73
https://www.behance.net/search?field=44
https://www.behance.net/search?field=27

https://www.behance.net/SKKanaujia
https://www.behance.net/alishaprasad
https://www.behance.net/search?content=users&sort=appreciations&country=IN&city=Kolkata
https://www.behance.net/search?field=44
https://www.behance.net/search?field=73
https://www.behance.net/search?field=37

https://www.behance.net/alishaprasad
https://www.behance.net/TheMediaStock
https://www.behance.net/search?content=users&sort=appreciations&country=IN&city=Kolkata
https://www.behance.net/search?field=63
https://www.behance.net/search?field=44
https://www.behance.net/search?field=37

https://www.behance.net/TheMediaStock
https://www.behance.net/anupmaity
https://www.behance.net/search?content=users&sort=appreciations&country=IN&city=Kolkata
https://www.behance.net/search?field=44
https://www.behance.net/search?field=5
https://www.behance.net/search?field=122

https://www.behance.net/anupmaity
https://www.behance.net/ashmitamar0249
https://www.behance.net/search?content=users&sort=appreciations&country=IN&city=Kolkata
https://www.behance.net/search?field=44
https://www.behance.net/search?field=48
https://www.behance.net/search?field=108

https://www.behance.net/ashmitamar0249
https://www.behance.net/Drouth1988d003
https://www.behance.net/search?content=users&sort=appreciations&country=IN&city=Kolkata
https://www.behance.net/search?field=63
https://www.behance.net/search?field=109
https://www.behance.net/search?field=3

https://www.behance.net/Drouth1988d003
https://www.behance.net/chandansen
https://www.behance.net/search?content=users&sort=appreciations&country=IN&city=Kolkata
https://www.behance.net/search?field=48
https://www.behance.net/search?field=122
https://www.behance.net/search?field=124

https://www.behance.net/chandansen
https://www.behance.net/singhrupinder
https://www.behance.net/search?content=users&sort=appreciations&country=IN&city=Kolkata
https://www.behance.net/search?field=44
https://www.behance.net/search?field=48
https://www.behance.net/search?field=78

https://www.behance.net/singhrupinder
https://www.behance.net/juhiagarwal92
https://www.behance.net/search?content=users&sort=appreciations&country=IN&city=Kolkata
https://www.behance.net/search?field=48
https://www.behance.net/search?field=44
https://www.behance.net/search?field=122

https://www.behance.net/juhiagarwal92
https://www.behance.net/dippyaman
https://www.behance.net/search?content=users&sort=appreciations&country=IN&city=Kolkata
https://www.behance.net/search?field=44
https://www.behance.net/search?field=63
https://www.behance.net/search?field=3

https://www.behance.net/dippyaman
https://www.behance.net/ghoshnandini
https://www.behance.net/search?content=users&sort=appreciations&country=IN&city=Kolkata
https://www.behance.net/search?field=63
https://www.behance.net/search?field=122
https://www.behance.net/search?field=3

https://www.behance.net/ghoshnandini
https://www.behance.net/krishna89
https://www.behance.net/search?content=users&sort=appreciations&country=IN&city=Kolkata
https://www.behance.net/search?field=44
https://www.behance.net/search?field=48
https://www.behance.net/search?field=78

https://www.behance.net/krishna89
https://www.behance.net/miltondas
https://www.behance.net/search?content=users&sort=appreciations&country=IN&city=Kolkata
https://www.behance.net/search?field=108
https://www.behance.net/search?field=5

https://www.behance.net/miltondas
https://www.behance.net/snehahseersha
https://www.behance.net/search?content=users&sort=appreciations&country=IN&city=Kolkata
https://www.behance.net/search?field=44
https://www.behance.net/search?field=78
https://www.behance.net/search?field=109

https://www.behance.net/snehahseersha
https://www.behance.net/pinkisingh
https://www.behance.net/search?content=users&sort=appreciations&country=IN&city=Kolkata
https://www.behance.net/search?field=48
https://www.behance.net/search?field=3
https://www.behance.net/search?field=9

https://www.behance.net/pinkisingh
https://www.behance.net/teknowledge
https://www.behance.net/search?content=users&sort=appreciations&country=IN&city=Kolkata
https://www.behance.net/search?field=123
https://www.behance.net/search?field=44
https://www.behance.net/search?field=132

https://www.behance.net/teknowledge
https://www.behance.net/subhadipdey
https://www.behance.net/search?content=users&sort=appreciations&country=IN&city=Kolkata
https://www.behance.net/search?field=44
https://www.behance.net/search?field=133
https://www.behance.net/search?field=109

https://www.behance.net/subhadipdey
https://www.behance.net/rajibdey
https://www.behance.net/search?content=users&sort=appreciations&country=IN&city=Kolkata
https://www.behance.net/search?field=48
https://www.behance.net/search?field=122
https://www.behance.net/search?field=63

https://www.behance.net/rajibdey
https://www.behance.net/ujjwalroy
https://www.behance.net/search?content=users&sort=appreciations&country=IN&city=Kolkata
https://www.behance.net/search?field=44
https://www.behance.net/search?field=78
https://www.behance.net/search?field=73

https://www.behance.net/ujjwalroy
https://www.behance.net/Debanjana
https://www.behance.net/search?content=users&sort=appreciations&country=IN&city=Kolkata
https://www.behance.net/search?field=102
https://www.behance.net/search?field=48
https://www.behance.net/search?field=97

https://www.behance.net/Debanjana
https://www.behance.net/Shreya123
https://www.behance.net/search?content=users&sort=appreciations&country=IN&city=Kolkata
https://www.behance.net/search?field=48
https://www.behance.net/search?field=9
https://www.behance.net/search?field=3

https://www.behance.net/Shreya123
https://www.behance.net/vivekgupta_
https://www.behance.net/search?content=users&sort=appreciations&country=IN&city=Kolkata
https://www.behance.net/search?field=110
https://www.behance.net/search?field=122
https://www.behance.net/search?field=112

https://www.behance.net/vivekgupta_
https://www.behance.net/designanatomy
https://www.behance.net/search?content=users&sort=appreciations&country=IN&city=Kolkata
https://www.behance.net/search?field=44
https://www.behance.net/search?field=109
https://www.behance.net/search?field=48

https://www.behance.net/designanatomy
https://www.behance.net/romitsen
https://www.behance.net/search?content=users&sort=appreciations&country=IN&city=Kolkata
https://www.behance.net/search?field=44
https://www.behance.net/search?field=109
https://www.behance.net/search?field=5

https://www.behance.net/romitsen
https://www.behance.net/Kaushik3d
https://www.behance.net/search?content=users&sort=appreciations&country=IN&city=Kolkata
https://www.behance.net/search?field=132
https://www.behance.net/search?field=102
https://www.behance.net/search?field=51

https://www.behance.net/Kaushik3d
https://www.behance.net/Pranay_Roy
https://www.behance.net/search?content=users&sort=appreciations&country=IN&city=Kolkata
https://www.behance.net/search?field=5
https://www.behance.net/search?field=44
https://www.behance.net/search?field=108

https://www.behance.net/Pranay_Roy
https://www.behance.net/99plusdesigns
https://www.behance.net/search?content=users&sort=appreciations&country=IN&city=Kolkata
https://www.behance.net/search?field=132
https://www.behance.net/search?field=102

https://www.behance.net/99plusdesigns
https://www.behance.net/kalpsanghvi
https://www.behance.net/search?content=users&sort=appreciations&country=IN&city=Kolkata
https://www.behance.net/search?field=48
https://www.behance.net/search?field=122
https://www.behance.net/search?field=9

https://www.behance.net/kalpsanghvi
https://www.behance.net/aryanchakrab
https://www.behance.net/search?content=users&sort=appreciations&country=IN&city=Kolkata
https://www.behance.net/search?field=44
https://www.behance.net/search?field=38
https://www.behance.net/search?field=122

https://www.behance.net/aryanchakrab
https://www.behance.net/jayantaroy
https://www.behance.net/search?content=users&sort=appreciations&country=IN&city=Kolkata
https://www.behance.net/search?field=73
https://www.behance.net/search?field=112

https://www.behance.net/jayantaroy
https://www.behance.net/jeet
https://www.behance.net/search?content=users&sort=appreciations&country=IN&city=Kolkata
https://www.behance.net/search?field=5
https://www.behance.net/search?field=132
https://www.behance.net/search?field=102

https://www.behance.net/jeet
https://www.behance.net/info26
https://www.behance.net/search?content=users&sort=appreciations&country=IN&city=Kolkata
https://www.behance.net/search?field=49
https://www.behance.net/search?field=51
https://www.behance.net/search?field=44

https://www.behance.net/info26
https://www.behance.net/wrkstn
https://www.behance.net/search?content=users&sort=appreciations&country=IN&city=Kolkata
https://www.behance.net/search?field=44
https://www.behance.net/search?field=48
https://www.behance.net/search?field=109

https://www.behance.net/wrkstn
https://www.behance.net/animeshsingh
https://www.behance.net/search?content=users&sort=appreciations&country=IN&city=Kolkata
https://www.behance.net/search?field=78
https://www.behance.net/search?field=109
https://www.behance.net/search?field=73

https://www.behance.net/animeshsingh
https://www.behance.net/Bong_Kreation
https://www.behance.net/search?content=users&sort=appreciations&country=IN&city=Kolkata
https://www.behance.net/search?field=44

https://www.behance.net/Bong_Kreation
https://www.behance.net/anjanghosh
https://www.behance.net/search?content=users&sort=appreciations&country=IN&city=Kolkata
https://www.behance.net/search?field=73
https://www.behance.net/search?field=44
https://www.behance.net/search?field=27

https://www.behance.net/anjanghosh
https://www.behance.net/ryche
https://www.behance.net/search?content=users&sort=appreciations&country=IN&city=Kolkata
https://www.behance.net/search?field=5
https://www.behance.net/search?field=44
https://www.behance.net/search?field=122

https://www.behance.net/ryche
https://www.behance.net/AmitD_Art
https://www.behance.net/search?content=users&sort=appreciations&country=IN&city=Kolkata
https://www.behance.net/search?field=44
https://www.behance.net/search?field=109
https://www.behance.net/search?field=48

https://www.behance.net/AmitD_Art
https://www.behance.net/TheThinkingHats
https://www.behance.net/search?content=users&sort=appreciations&country=IN&city=Kolkata
https://www.behance.net/search?field=44
https://www.behance.net/search?field=102
https://www.behance.net/search?field=78

https://www.behance.net/TheThinkingHats
https://www.behance.net/moonydancer
https://www.behance.net/search?content=users&sort=appreciations&country=IN&city=Kolkata
https://www.behance.net/search?field=44
https://www.behance.net/search?field=109
https://www.behance.net/search?field=108

https://www.behance.net/moonydancer
https://www.behance.net/Shreya07
https://www.behance.net/search?content=users&sort=appreciations&country=IN&city=Kolkata
https://www.behance.net/search?field=95
https://www.behance.net/search?field=52
https://www.behance.net/search?field=21

https://www.behance.net/Shreya07
https://www.behance.net/creativeknot
https://www.behance.net/search?content=users&sort=appreciations&country=IN&city=Kolkata
https://www.behance.net/search?field=48
https://www.behance.net/search?field=9
https://www.behance.net/search?field=122

https://www.behance.net/creativeknot
https://www.behance.net/swarupcreation
https://www.behance.net/search?content=users&sort=appreciations&country=IN&city=Kolkata
https://www.behance.net/search?field=44
https://www.behance.net/search?field=102
https://www.behance.net/search?field=5

https://www.behance.net/swarupcreation
https://www.behance.net/adobetalent?tracking_source=discover_location_upsell
https://www.behance.net/search?field=44
https://www.behance.net/search?field=73
https://www.behance.net/search?field=51
https://www.behance.net/search?field=5
https://www.behance.net/search?field=48
https://www.behance.net/galleries
https://www.behance.net/about
http://blog.behance.net/
https://www.behance.net/dev
https://www.behance.net/reviews
https://www.behance.net/testimonials
http://99u.com/?utm_source=network&utm_medium=activity_feed_footer&utm_campaign=network_footer_references
https://www.behance.net/apps

https://www.behance.net/misc/terms
http://behancenetwork.zendesk.com/anonymous_requests/new
http://adobe.com/
https://www.behance.net/search?content=users&sort=views&time=week&location_id=245707150-en&country=IN&city=Kolkata#
https://www.behance.net/search
https://www.behance.net/galleries
https://www.behance.net/poweredby
https://www.behance.net/joblist
https://www.behance.net/apps
undefined
