var urls=$$('a');
for(url in urls)
 console.log(urls[url].href);
https://www.behance.net/
https://www.behance.net/search
https://www.behance.net/galleries
https://www.behance.net/poweredby
https://www.behance.net/joblist
https://www.behance.net/adobetalent?tracking_source=nav_button
https://www.behance.net/adobetalent?tracking_source=nav_button_logged_out

https://www.behance.net/adobetalent?tracking_source=nav_button_logged_out
https://www.adobe.com/

https://www.behance.net/

https://www.behance.net/

https://www.behance.net/search?sort=featured_date
https://www.behance.net/search?sort=appreciations
https://www.behance.net/search?sort=views
https://www.behance.net/search?sort=comments
https://www.behance.net/search?sort=published_date
https://www.behance.net/search?sort=followed
https://www.behance.net/search?time=all
https://www.behance.net/search?time=today
https://www.behance.net/search?time=week
https://www.behance.net/search?time=month

https://www.behance.net/symufabrand
https://www.behance.net/search?content=users&sort=appreciations&country=IN&city=Lucknow
https://www.behance.net/search?field=73
https://www.behance.net/search?field=27
https://www.behance.net/search?field=136

https://www.behance.net/symufabrand
https://www.behance.net/presetshub
https://www.behance.net/search?content=users&sort=appreciations&country=IN&city=Lucknow
https://www.behance.net/search?field=73
https://www.behance.net/search?field=27
https://www.behance.net/search?field=136

https://www.behance.net/presetshub
https://www.behance.net/ashishlko11
https://www.behance.net/search?content=users&sort=appreciations&country=IN&city=Lucknow
https://www.behance.net/search?field=44
https://www.behance.net/search?field=41
https://www.behance.net/search?field=48

https://www.behance.net/ashishlko11
https://www.behance.net/S_Natasha
https://www.behance.net/search?content=users&sort=appreciations&country=IN&city=Lucknow
https://www.behance.net/search?field=44
https://www.behance.net/search?field=78
https://www.behance.net/search?field=48

https://www.behance.net/S_Natasha
https://www.behance.net/actionspresets
https://www.behance.net/search?content=users&sort=appreciations&country=IN&city=Lucknow
https://www.behance.net/search?field=73
https://www.behance.net/search?field=27
https://www.behance.net/search?field=136

https://www.behance.net/actionspresets
https://www.behance.net/aayuagarwal
https://www.behance.net/search?content=users&sort=appreciations&country=IN&city=Lucknow
https://www.behance.net/search?field=44
https://www.behance.net/search?field=109
https://www.behance.net/search?field=78

https://www.behance.net/aayuagarwal
https://www.behance.net/WellMadePixel
https://www.behance.net/search?content=users&sort=appreciations&country=IN&city=Lucknow
https://www.behance.net/search?field=44
https://www.behance.net/search?field=132
https://www.behance.net/search?field=102

https://www.behance.net/WellMadePixel
https://www.behance.net/pragatisingh07
https://www.behance.net/search?content=users&sort=appreciations&country=IN&city=Lucknow
https://www.behance.net/search?field=48
https://www.behance.net/search?field=44
https://www.behance.net/search?field=109

https://www.behance.net/pragatisingh07
https://www.behance.net/Rd2214474
https://www.behance.net/search?content=users&sort=appreciations&country=IN&city=Lucknow
https://www.behance.net/search?field=44
https://www.behance.net/search?field=48
https://www.behance.net/search?field=5

https://www.behance.net/Rd2214474
https://www.behance.net/rikkiarti223c1
https://www.behance.net/search?content=users&sort=appreciations&country=IN&city=Lucknow
https://www.behance.net/search?field=44
https://www.behance.net/search?field=132
https://www.behance.net/search?field=102

https://www.behance.net/rikkiarti223c1
https://www.behance.net/ashiy16
https://www.behance.net/search?content=users&sort=appreciations&country=IN&city=Lucknow
https://www.behance.net/search?field=132
https://www.behance.net/search?field=44
https://www.behance.net/search?field=41

https://www.behance.net/ashiy16
https://www.behance.net/Runningwateradv
https://www.behance.net/search?content=users&sort=appreciations&country=IN&city=Lucknow
https://www.behance.net/search?field=109
https://www.behance.net/search?field=5
https://www.behance.net/search?field=48

https://www.behance.net/Runningwateradv
https://www.behance.net/ankitasneedle
https://www.behance.net/search?content=users&sort=appreciations&country=IN&city=Lucknow
https://www.behance.net/search?field=37
https://www.behance.net/search?field=48

https://www.behance.net/ankitasneedle
https://www.behance.net/sunilsky249005
https://www.behance.net/search?content=users&sort=appreciations&country=IN&city=Lucknow
https://www.behance.net/search?field=130
https://www.behance.net/search?field=79
https://www.behance.net/search?field=4

https://www.behance.net/sunilsky249005
https://www.behance.net/Onyxstudioz
https://www.behance.net/search?content=users&sort=appreciations&country=IN&city=Lucknow
https://www.behance.net/search?field=44
https://www.behance.net/search?field=48
https://www.behance.net/search?field=122

https://www.behance.net/Onyxstudioz
https://www.behance.net/shreyagss
https://www.behance.net/search?content=users&sort=appreciations&country=IN&city=Lucknow
https://www.behance.net/search?field=48
https://www.behance.net/search?field=44
https://www.behance.net/search?field=5

https://www.behance.net/shreyagss
https://www.behance.net/asmitayadav
https://www.behance.net/search?content=users&sort=appreciations&country=IN&city=Lucknow
https://www.behance.net/search?field=95
https://www.behance.net/search?field=21
https://www.behance.net/search?field=69

https://www.behance.net/asmitayadav
https://www.behance.net/upasna_rana
https://www.behance.net/search?content=users&sort=appreciations&country=IN&city=Lucknow
https://www.behance.net/search?field=79
https://www.behance.net/search?field=49
https://www.behance.net/search?field=33

https://www.behance.net/upasna_rana
https://www.behance.net/andevesh
https://www.behance.net/search?content=users&sort=appreciations&country=IN&city=Lucknow
https://www.behance.net/search?field=3
https://www.behance.net/search?field=124
https://www.behance.net/search?field=130

https://www.behance.net/andevesh
https://www.behance.net/Shahbaz7725
https://www.behance.net/search?content=users&sort=appreciations&country=IN&city=Lucknow
https://www.behance.net/search?field=5
https://www.behance.net/search?field=44
https://www.behance.net/search?field=48

https://www.behance.net/Shahbaz7725
https://www.behance.net/abhi6686
https://www.behance.net/search?content=users&sort=appreciations&country=IN&city=Lucknow
https://www.behance.net/search?field=48
https://www.behance.net/search?field=9
https://www.behance.net/search?field=44

https://www.behance.net/abhi6686
https://www.behance.net/ashwarya
https://www.behance.net/search?content=users&sort=appreciations&country=IN&city=Lucknow
https://www.behance.net/search?field=48
https://www.behance.net/search?field=102
https://www.behance.net/search?field=132

https://www.behance.net/ashwarya
https://www.behance.net/Solele
https://www.behance.net/search?content=users&sort=appreciations&country=IN&city=Lucknow
https://www.behance.net/search?field=48
https://www.behance.net/search?field=108
https://www.behance.net/search?field=19

https://www.behance.net/Solele
https://www.behance.net/divyatarastogi
https://www.behance.net/search?content=users&sort=appreciations&country=IN&city=Lucknow
https://www.behance.net/search?field=37
https://www.behance.net/search?field=79
https://www.behance.net/search?field=21

https://www.behance.net/divyatarastogi
https://www.behance.net/ndesignarts
https://www.behance.net/search?content=users&sort=appreciations&country=IN&city=Lucknow
https://www.behance.net/search?field=44
https://www.behance.net/search?field=48
https://www.behance.net/search?field=41

https://www.behance.net/ndesignarts
https://www.behance.net/ankitasingh1997
https://www.behance.net/search?content=users&sort=appreciations&country=IN&city=Lucknow
https://www.behance.net/search?field=44
https://www.behance.net/search?field=112

https://www.behance.net/ankitasingh1997
https://www.behance.net/Artlovert
https://www.behance.net/search?content=users&sort=appreciations&country=IN&city=Lucknow
https://www.behance.net/search?field=132
https://www.behance.net/search?field=97
https://www.behance.net/search?field=102

https://www.behance.net/Artlovert
https://www.behance.net/AmiraHusain
https://www.behance.net/search?content=users&sort=appreciations&country=IN&city=Lucknow
https://www.behance.net/search?field=44
https://www.behance.net/search?field=78
https://www.behance.net/search?field=109

https://www.behance.net/AmiraHusain
https://www.behance.net/NIKUNJ9984
https://www.behance.net/search?content=users&sort=appreciations&country=IN&city=Lucknow
https://www.behance.net/search?field=132
https://www.behance.net/search?field=51
https://www.behance.net/search?field=44

https://www.behance.net/NIKUNJ9984
https://www.behance.net/gflopstudios
https://www.behance.net/search?content=users&sort=appreciations&country=IN&city=Lucknow
https://www.behance.net/search?field=44
https://www.behance.net/search?field=109
https://www.behance.net/search?field=102

https://www.behance.net/gflopstudios
https://www.behance.net/mohit_09
https://www.behance.net/search?content=users&sort=appreciations&country=IN&city=Lucknow
https://www.behance.net/search?field=73
https://www.behance.net/search?field=37

https://www.behance.net/mohit_09
https://www.behance.net/ShivangiAwasthi
https://www.behance.net/search?content=users&sort=appreciations&country=IN&city=Lucknow
https://www.behance.net/search?field=48
https://www.behance.net/search?field=5
https://www.behance.net/search?field=63

https://www.behance.net/ShivangiAwasthi
https://www.behance.net/Shubhamtomar
https://www.behance.net/search?content=users&sort=appreciations&country=IN&city=Lucknow
https://www.behance.net/search?field=48
https://www.behance.net/search?field=44
https://www.behance.net/search?field=9

https://www.behance.net/Shubhamtomar
https://www.behance.net/HiteshSri
https://www.behance.net/search?content=users&sort=appreciations&country=IN&city=Lucknow
https://www.behance.net/search?field=44
https://www.behance.net/search?field=109
https://www.behance.net/search?field=78

https://www.behance.net/HiteshSri
https://www.behance.net/mako19
https://www.behance.net/search?content=users&sort=appreciations&country=IN&city=Lucknow
https://www.behance.net/search?field=73
https://www.behance.net/search?field=110
https://www.behance.net/search?field=67

https://www.behance.net/mako19
https://www.behance.net/xvscreations
https://www.behance.net/search?content=users&sort=appreciations&country=IN&city=Lucknow
https://www.behance.net/search?field=44
https://www.behance.net/search?field=122
https://www.behance.net/search?field=133

https://www.behance.net/xvscreations
https://www.behance.net/akfuturewalk
https://www.behance.net/search?content=users&sort=appreciations&country=IN&city=Lucknow
https://www.behance.net/search?field=109
https://www.behance.net/search?field=108
https://www.behance.net/search?field=78

https://www.behance.net/akfuturewalk
https://www.behance.net/-Anu
https://www.behance.net/search?content=users&sort=appreciations&country=IN&city=Lucknow
https://www.behance.net/search?field=48
https://www.behance.net/search?field=110
https://www.behance.net/search?field=73

https://www.behance.net/-Anu
https://www.behance.net/animatorshubham
https://www.behance.net/search?content=users&sort=appreciations&country=IN&city=Lucknow
https://www.behance.net/search?field=44
https://www.behance.net/search?field=108
https://www.behance.net/search?field=48

https://www.behance.net/animatorshubham
https://www.behance.net/rauldixit
https://www.behance.net/search?content=users&sort=appreciations&country=IN&city=Lucknow
https://www.behance.net/search?field=122
https://www.behance.net/search?field=48
https://www.behance.net/search?field=41

https://www.behance.net/rauldixit
https://www.behance.net/pratyushranjan
https://www.behance.net/search?content=users&sort=appreciations&country=IN&city=Lucknow
https://www.behance.net/search?field=44
https://www.behance.net/search?field=48

https://www.behance.net/pratyushranjan
https://www.behance.net/anuritaroy
https://www.behance.net/search?content=users&sort=appreciations&country=IN&city=Lucknow
https://www.behance.net/search?field=95
https://www.behance.net/search?field=21
https://www.behance.net/search?field=37

https://www.behance.net/anuritaroy
https://www.behance.net/ivanshi03
https://www.behance.net/search?content=users&sort=appreciations&country=IN&city=Lucknow
https://www.behance.net/search?field=44
https://www.behance.net/search?field=109
https://www.behance.net/search?field=79

https://www.behance.net/ivanshi03
https://www.behance.net/shubhipand0235
https://www.behance.net/search?content=users&sort=appreciations&country=IN&city=Lucknow
https://www.behance.net/search?field=38
https://www.behance.net/search?field=3
https://www.behance.net/search?field=108

https://www.behance.net/shubhipand0235
https://www.behance.net/devyaniprakash
https://www.behance.net/search?content=users&sort=appreciations&country=IN&city=Lucknow
https://www.behance.net/search?field=95
https://www.behance.net/search?field=78
https://www.behance.net/search?field=48

https://www.behance.net/devyaniprakash
https://www.behance.net/amitraidesignd179
https://www.behance.net/search?content=users&sort=appreciations&country=IN&city=Lucknow
https://www.behance.net/search?field=79
https://www.behance.net/search?field=49
https://www.behance.net/search?field=130

https://www.behance.net/amitraidesignd179
https://www.behance.net/shashankmisra
https://www.behance.net/search?content=users&sort=appreciations&country=IN&city=Lucknow
https://www.behance.net/search?field=79
https://www.behance.net/search?field=123
https://www.behance.net/search?field=73

https://www.behance.net/shashankmisra
https://www.behance.net/iSiddhartha
https://www.behance.net/search?content=users&sort=appreciations&country=IN&city=Lucknow
https://www.behance.net/search?field=109
https://www.behance.net/search?field=44
https://www.behance.net/search?field=73

https://www.behance.net/iSiddhartha
https://www.behance.net/NadeemPortfolio
https://www.behance.net/search?content=users&sort=appreciations&country=IN&city=Lucknow
https://www.behance.net/search?field=108
https://www.behance.net/search?field=44

https://www.behance.net/NadeemPortfolio
https://www.behance.net/pushpendramaurya
https://www.behance.net/search?content=users&sort=appreciations&country=IN&city=Lucknow
https://www.behance.net/search?field=73
https://www.behance.net/search?field=27
https://www.behance.net/search?field=136

https://www.behance.net/pushpendramaurya
https://www.behance.net/tahmina
https://www.behance.net/search?content=users&sort=appreciations&country=IN&city=Lucknow
https://www.behance.net/search?field=108
https://www.behance.net/search?field=5
https://www.behance.net/search?field=48

https://www.behance.net/tahmina
https://www.behance.net/kamrej
https://www.behance.net/search?content=users&sort=appreciations&country=IN&city=Lucknow
https://www.behance.net/search?field=122
https://www.behance.net/search?field=41
https://www.behance.net/search?field=48

https://www.behance.net/kamrej
https://www.behance.net/nikhilrastogi
https://www.behance.net/search?content=users&sort=appreciations&country=IN&city=Lucknow
https://www.behance.net/search?field=48
https://www.behance.net/search?field=44
https://www.behance.net/search?field=131

https://www.behance.net/nikhilrastogi
https://www.behance.net/Anamika92
https://www.behance.net/search?content=users&sort=appreciations&country=IN&city=Lucknow
https://www.behance.net/search?field=5
https://www.behance.net/search?field=49
https://www.behance.net/search?field=37

https://www.behance.net/Anamika92
https://www.behance.net/vsrishti
https://www.behance.net/search?content=users&sort=appreciations&country=IN&city=Lucknow
https://www.behance.net/search?field=21
https://www.behance.net/search?field=79
https://www.behance.net/search?field=73

https://www.behance.net/vsrishti
https://www.behance.net/saurabhj
https://www.behance.net/search?content=users&sort=appreciations&country=IN&city=Lucknow
https://www.behance.net/search?field=132
https://www.behance.net/search?field=102
https://www.behance.net/search?field=5

https://www.behance.net/saurabhj
https://www.behance.net/NeeluSinghSolanki
https://www.behance.net/search?content=users&sort=appreciations&country=IN&city=Lucknow
https://www.behance.net/search?field=5
https://www.behance.net/search?field=109
https://www.behance.net/search?field=108

https://www.behance.net/NeeluSinghSolanki
https://www.behance.net/karansawan
https://www.behance.net/search?content=users&sort=appreciations&country=IN&city=Lucknow
https://www.behance.net/search?field=44
https://www.behance.net/search?field=48
https://www.behance.net/search?field=109

https://www.behance.net/karansawan
https://www.behance.net/igzhsid
https://www.behance.net/search?content=users&sort=appreciations&country=IN&city=Lucknow
https://www.behance.net/search?field=122
https://www.behance.net/search?field=48
https://www.behance.net/search?field=44

https://www.behance.net/igzhsid
https://www.behance.net/Animatorscreation
https://www.behance.net/search?content=users&sort=appreciations&country=IN&city=Lucknow
https://www.behance.net/search?field=3
https://www.behance.net/search?field=44
https://www.behance.net/search?field=120

https://www.behance.net/Animatorscreation
https://www.behance.net/SquarePixelStudios
https://www.behance.net/search?content=users&sort=appreciations&country=IN&city=Lucknow
https://www.behance.net/search?field=109
https://www.behance.net/search?field=79
https://www.behance.net/search?field=49

https://www.behance.net/SquarePixelStudios
https://www.behance.net/sanscorp
https://www.behance.net/search?content=users&sort=appreciations&country=IN&city=Lucknow
https://www.behance.net/search?field=44
https://www.behance.net/search?field=78
https://www.behance.net/search?field=108

https://www.behance.net/sanscorp
https://www.behance.net/amitkumar86
https://www.behance.net/search?content=users&sort=appreciations&country=IN&city=Lucknow
https://www.behance.net/search?field=44
https://www.behance.net/search?field=109
https://www.behance.net/search?field=136

https://www.behance.net/amitkumar86
https://www.behance.net/gupta_richa
https://www.behance.net/search?content=users&sort=appreciations&country=IN&city=Lucknow
https://www.behance.net/search?field=109
https://www.behance.net/search?field=44
https://www.behance.net/search?field=108

https://www.behance.net/gupta_richa
https://www.behance.net/Deepesh14
https://www.behance.net/search?content=users&sort=appreciations&country=IN&city=Lucknow
https://www.behance.net/search?field=4

https://www.behance.net/Deepesh14
https://www.behance.net/aksharpandya
https://www.behance.net/search?content=users&sort=appreciations&country=IN&city=Lucknow
https://www.behance.net/search?field=73
https://www.behance.net/search?field=44
https://www.behance.net/search?field=27

https://www.behance.net/aksharpandya
https://www.behance.net/alimuddin
https://www.behance.net/search?content=users&sort=appreciations&country=IN&city=Lucknow
https://www.behance.net/search?field=44
https://www.behance.net/search?field=108
https://www.behance.net/search?field=5

https://www.behance.net/alimuddin
https://www.behance.net/deepshikhakapoor
https://www.behance.net/search?content=users&sort=appreciations&country=IN&city=Lucknow
https://www.behance.net/search?field=3
https://www.behance.net/search?field=110
https://www.behance.net/search?field=124

https://www.behance.net/deepshikhakapoor
https://www.behance.net/sumanpra0505dd
https://www.behance.net/search?content=users&sort=appreciations&country=IN&city=Lucknow
https://www.behance.net/search?field=108
https://www.behance.net/search?field=109

https://www.behance.net/sumanpra0505dd
https://www.behance.net/anupamguptd934
https://www.behance.net/search?content=users&sort=appreciations&country=IN&city=Lucknow
https://www.behance.net/search?field=73
https://www.behance.net/search?field=27
https://www.behance.net/search?field=44

https://www.behance.net/anupamguptd934
https://www.behance.net/manishkmishra
https://www.behance.net/search?content=users&sort=appreciations&country=IN&city=lucknow
https://www.behance.net/search?field=132
https://www.behance.net/search?field=102
https://www.behance.net/search?field=103

https://www.behance.net/manishkmishra
https://www.behance.net/gauravtiwari
https://www.behance.net/search?content=users&sort=appreciations&country=IN&city=Lucknow
https://www.behance.net/search?field=109
https://www.behance.net/search?field=44
https://www.behance.net/search?field=48

https://www.behance.net/gauravtiwari
https://www.behance.net/search?field=44
https://www.behance.net/search?field=73
https://www.behance.net/search?field=51
https://www.behance.net/search?field=5
https://www.behance.net/search?field=48
https://www.behance.net/galleries
https://www.behance.net/about
http://blog.behance.net/
https://www.behance.net/dev
https://www.behance.net/reviews
https://www.behance.net/testimonials
http://99u.com/?utm_source=network&utm_medium=activity_feed_footer&utm_campaign=network_footer_references
https://www.behance.net/apps

https://www.behance.net/misc/terms
http://behancenetwork.zendesk.com/anonymous_requests/new
http://adobe.com/
https://www.behance.net/search?content=users&sort=views&time=week&location_id=245753718-en&country=IN&city=Lucknow#
https://www.behance.net/search
https://www.behance.net/galleries
https://www.behance.net/poweredby
https://www.behance.net/joblist
https://www.behance.net/apps
undefined
