var urls=$$('a');
for(url in urls)
 console.log(urls[url].href);
https://www.behance.net/
https://www.behance.net/search
https://www.behance.net/galleries
https://www.behance.net/poweredby
https://www.behance.net/joblist
https://www.behance.net/adobetalent?tracking_source=nav_button
https://www.behance.net/adobetalent?tracking_source=nav_button_logged_out

https://www.behance.net/adobetalent?tracking_source=nav_button_logged_out
https://www.adobe.com/

https://www.behance.net/

https://www.behance.net/

https://www.behance.net/iamharjotgrewal
https://www.behance.net/search?content=users&sort=appreciations&country=IN&city=Ludhiana
https://www.behance.net/search?field=44
https://www.behance.net/search?field=132
https://www.behance.net/search?field=48

https://www.behance.net/iamharjotgrewal
https://www.behance.net/watchZorawaronline
https://www.behance.net/search?content=users&sort=appreciations&country=IN&city=Ludhiana
https://www.behance.net/search?field=5
https://www.behance.net/search?field=12
https://www.behance.net/search?field=124

https://www.behance.net/watchZorawaronline
https://www.behance.net/ritazmaini41d3
https://www.behance.net/search?content=users&sort=appreciations&country=IN&city=Ludhiana
https://www.behance.net/search?field=73
https://www.behance.net/search?field=66
https://www.behance.net/search?field=44

https://www.behance.net/ritazmaini41d3
https://www.behance.net/pabbi123
https://www.behance.net/search?content=users&sort=appreciations&country=IN&city=Ludhiana
https://www.behance.net/search?field=63
https://www.behance.net/search?field=3
https://www.behance.net/search?field=12

https://www.behance.net/pabbi123
https://www.behance.net/kamalverma
https://www.behance.net/search?content=users&sort=appreciations&country=IN&city=Ludhiana
https://www.behance.net/search?field=44
https://www.behance.net/search?field=109
https://www.behance.net/search?field=78

https://www.behance.net/kamalverma
https://www.behance.net/mhtshr
https://www.behance.net/search?content=users&sort=appreciations&country=IN&city=Ludhiana
https://www.behance.net/search?field=44
https://www.behance.net/search?field=48
https://www.behance.net/search?field=122

https://www.behance.net/mhtshr
https://www.behance.net/kultarsingh
https://www.behance.net/search?content=users&sort=appreciations&country=IN&city=Ludhiana
https://www.behance.net/search?field=51
https://www.behance.net/search?field=132
https://www.behance.net/search?field=102

https://www.behance.net/kultarsingh
https://www.behance.net/white-pixels
https://www.behance.net/search?content=users&sort=appreciations&country=IN&city=Ludhiana
https://www.behance.net/search?field=109
https://www.behance.net/search?field=102
https://www.behance.net/search?field=44

https://www.behance.net/white-pixels
https://www.behance.net/abhikreationz
https://www.behance.net/search?content=users&sort=appreciations&country=IN&city=Ludhiana
https://www.behance.net/search?field=122
https://www.behance.net/search?field=48
https://www.behance.net/search?field=44

https://www.behance.net/abhikreationz
https://www.behance.net/tekkiwebsolutions
https://www.behance.net/search?content=users&sort=appreciations&country=IN&city=Ludhiana
https://www.behance.net/search?field=44
https://www.behance.net/search?field=102
https://www.behance.net/search?field=132

https://www.behance.net/tekkiwebsolutions
https://www.behance.net/Creativemistry
https://www.behance.net/search?content=users&sort=appreciations&country=IN&city=Ludhiana
https://www.behance.net/search?field=44
https://www.behance.net/search?field=48
https://www.behance.net/search?field=102

https://www.behance.net/Creativemistry
https://www.behance.net/HarjotSingh
https://www.behance.net/search?content=users&sort=appreciations&country=IN&city=Ludhiana
https://www.behance.net/search?field=52
https://www.behance.net/search?field=4
https://www.behance.net/search?field=49

https://www.behance.net/HarjotSingh
https://www.behance.net/manjitgill
https://www.behance.net/search?content=users&sort=appreciations&country=IN&city=Ludhiana
https://www.behance.net/search?field=109
https://www.behance.net/search?field=44
https://www.behance.net/search?field=132

https://www.behance.net/manjitgill
https://www.behance.net/quackartstudios
https://www.behance.net/search?content=users&sort=appreciations&country=IN&city=Ludhiana
https://www.behance.net/search?field=41
https://www.behance.net/search?field=44
https://www.behance.net/search?field=48

https://www.behance.net/quackartstudios
https://www.behance.net/Satti
https://www.behance.net/search?content=users&sort=appreciations&country=IN&city=Ludhiana
https://www.behance.net/search?field=73

https://www.behance.net/Satti
https://www.behance.net/designer4you
https://www.behance.net/search?content=users&sort=appreciations&country=IN&city=Ludhiana
https://www.behance.net/search?field=44
https://www.behance.net/search?field=133

https://www.behance.net/designer4you
https://www.behance.net/simranrandhawa
https://www.behance.net/search?content=users&sort=appreciations&country=IN&city=Ludhiana
https://www.behance.net/search?field=44
https://www.behance.net/search?field=51
https://www.behance.net/search?field=132

https://www.behance.net/simranrandhawa
https://www.behance.net/briten
https://www.behance.net/search?content=users&sort=appreciations&country=IN&city=Ludhiana
https://www.behance.net/search?field=132
https://www.behance.net/search?field=51
https://www.behance.net/search?field=44

https://www.behance.net/briten
https://www.behance.net/kamalroop
https://www.behance.net/search?content=users&sort=appreciations&country=IN&city=Ludhiana

https://www.behance.net/kamalroop
https://www.behance.net/maneetkaurbatra
https://www.behance.net/search?content=users&sort=appreciations&country=IN&city=Ludhiana

https://www.behance.net/maneetkaurbatra
https://www.behance.net/DesignerEra
https://www.behance.net/search?content=users&sort=appreciations&country=IN&city=Ludhiana

https://www.behance.net/DesignerEra
https://www.behance.net/eyedesignsin
https://www.behance.net/search?content=users&sort=appreciations&country=IN&city=Ludhiana

https://www.behance.net/eyedesignsin
https://www.behance.net/ShikhaSokhi
https://www.behance.net/search?content=users&sort=appreciations&country=IN&city=Ludhiana

https://www.behance.net/ShikhaSokhi
https://www.behance.net/McVirk
https://www.behance.net/search?content=users&sort=appreciations&country=IN&city=Ludhiana

https://www.behance.net/McVirk
https://www.behance.net/iamjasdhaliiwal
https://www.behance.net/search?content=users&sort=appreciations&country=IN&city=Ludhiana
https://www.behance.net/search?field=73
https://www.behance.net/search?field=124

https://www.behance.net/iamjasdhaliiwal
https://www.behance.net/lucentconsultants
https://www.behance.net/search?content=users&sort=appreciations&country=IN&city=Ludhiana

https://www.behance.net/lucentconsultants
https://www.behance.net/kantsurya
https://www.behance.net/search?content=users&sort=appreciations&country=IN&city=Ludhiana

https://www.behance.net/kantsurya
https://www.behance.net/jamie76800
https://www.behance.net/search?content=users&sort=appreciations&country=IN&city=Ludhiana

https://www.behance.net/jamie76800
https://www.behance.net/HSR988
https://www.behance.net/search?content=users&sort=appreciations&country=IN&city=Ludhiana

https://www.behance.net/HSR988
https://www.behance.net/jagmanjot
https://www.behance.net/search?content=users&sort=appreciations&country=IN&city=Ludhiana

https://www.behance.net/jagmanjot
https://www.behance.net/ansh_22011992
https://www.behance.net/search?content=users&sort=appreciations&country=IN&city=Ludhiana

https://www.behance.net/ansh_22011992
https://www.behance.net/egak
https://www.behance.net/search?content=users&sort=appreciations&country=IN&city=Ludhiana

https://www.behance.net/egak
https://www.behance.net/Angeesaini
https://www.behance.net/search?content=users&sort=appreciations&country=IN&city=Ludhiana

https://www.behance.net/Angeesaini
https://www.behance.net/swaroop21
https://www.behance.net/search?content=users&sort=appreciations&country=IN&city=Ludhiana

https://www.behance.net/swaroop21
https://www.behance.net/harrylumom
https://www.behance.net/search?content=users&sort=appreciations&country=IN&city=Ludhiana
https://www.behance.net/search?field=73
https://www.behance.net/search?field=44

https://www.behance.net/harrylumom
https://www.behance.net/makky_sharma
https://www.behance.net/search?content=users&sort=appreciations&country=IN&city=Ludhiana
https://www.behance.net/search?field=132
https://www.behance.net/search?field=102
https://www.behance.net/search?field=3

https://www.behance.net/makky_sharma
https://www.behance.net/search?field=44
https://www.behance.net/search?field=73
https://www.behance.net/search?field=51
https://www.behance.net/search?field=5
https://www.behance.net/search?field=48
https://www.behance.net/galleries
https://www.behance.net/about
http://blog.behance.net/
https://www.behance.net/dev
https://www.behance.net/reviews
https://www.behance.net/testimonials
http://99u.com/?utm_source=network&utm_medium=activity_feed_footer&utm_campaign=network_footer_references
https://www.behance.net/apps

https://www.behance.net/misc/terms
http://behancenetwork.zendesk.com/anonymous_requests/new
http://adobe.com/
https://www.behance.net/search?content=users&sort=appreciations&time=week&location_id=119026215-en&country=IN&city=Ludhiana#
https://www.behance.net/search
https://www.behance.net/galleries
https://www.behance.net/poweredby
https://www.behance.net/joblist
https://www.behance.net/apps
undefined
