var urls=$$('a');
for(url in urls)
 console.log(urls[url].href);
https://www.behance.net/
https://www.behance.net/search
https://www.behance.net/galleries
https://www.behance.net/poweredby
https://www.behance.net/joblist
https://www.behance.net/adobetalent?tracking_source=nav_button
https://www.behance.net/adobetalent?tracking_source=nav_button_logged_out

https://www.behance.net/adobetalent?tracking_source=nav_button_logged_out
https://www.adobe.com/

https://www.behance.net/

https://www.behance.net/

https://www.behance.net/search?sort=featured_date
https://www.behance.net/search?sort=appreciations
https://www.behance.net/search?sort=views
https://www.behance.net/search?sort=comments
https://www.behance.net/search?sort=published_date
https://www.behance.net/search?sort=followed
https://www.behance.net/search?time=all
https://www.behance.net/search?time=today
https://www.behance.net/search?time=week
https://www.behance.net/search?time=month

https://www.behance.net/HarshitaMurudkar
https://www.behance.net/search?content=users&sort=appreciations&country=IN&city=Pune
https://www.behance.net/search?field=49
https://www.behance.net/search?field=4
https://www.behance.net/search?field=48

https://www.behance.net/HarshitaMurudkar
https://www.behance.net/merooseth
https://www.behance.net/search?content=users&sort=appreciations&country=IN&city=Pune
https://www.behance.net/search?field=44
https://www.behance.net/search?field=48
https://www.behance.net/search?field=97

https://www.behance.net/merooseth
https://www.behance.net/creative-ideas
https://www.behance.net/search?content=users&sort=appreciations&country=IN&city=Pune
https://www.behance.net/search?field=51
https://www.behance.net/search?field=132
https://www.behance.net/search?field=102

https://www.behance.net/creative-ideas
https://www.behance.net/VrushankGajjar
https://www.behance.net/search?content=users&sort=appreciations&country=IN&city=Pune
https://www.behance.net/search?field=48
https://www.behance.net/search?field=9
https://www.behance.net/search?field=3

https://www.behance.net/VrushankGajjar
https://www.behance.net/nachimechi
https://www.behance.net/search?content=users&sort=appreciations&country=IN&city=Pune
https://www.behance.net/search?field=44
https://www.behance.net/search?field=48
https://www.behance.net/search?field=78

https://www.behance.net/nachimechi
https://www.behance.net/nikhilkapoor
https://www.behance.net/search?content=users&sort=appreciations&country=IN&city=Pune
https://www.behance.net/search?field=49
https://www.behance.net/search?field=79
https://www.behance.net/search?field=93

https://www.behance.net/nikhilkapoor
https://www.behance.net/rigved123
https://www.behance.net/search?content=users&sort=appreciations&country=IN&city=Pune
https://www.behance.net/search?field=44
https://www.behance.net/search?field=137
https://www.behance.net/search?field=109

https://www.behance.net/rigved123
https://www.behance.net/AniketSase
https://www.behance.net/search?content=users&sort=appreciations&country=IN&city=Pune
https://www.behance.net/search?field=79
https://www.behance.net/search?field=49
https://www.behance.net/search?field=137

https://www.behance.net/AniketSase
https://www.behance.net/yetanotherbydanica
https://www.behance.net/search?content=users&sort=appreciations&country=IN&city=Pune
https://www.behance.net/search?field=48
https://www.behance.net/search?field=44
https://www.behance.net/search?field=73

https://www.behance.net/yetanotherbydanica
https://www.behance.net/swatidharra
https://www.behance.net/search?content=users&sort=appreciations&country=IN&city=Pune
https://www.behance.net/search?field=79
https://www.behance.net/search?field=49
https://www.behance.net/search?field=51

https://www.behance.net/swatidharra
https://www.behance.net/MehakPhilip
https://www.behance.net/search?content=users&sort=appreciations&country=IN&city=Pune
https://www.behance.net/search?field=44
https://www.behance.net/search?field=73
https://www.behance.net/search?field=32

https://www.behance.net/MehakPhilip
https://www.behance.net/natashakedia
https://www.behance.net/search?content=users&sort=appreciations&country=IN&city=Pune
https://www.behance.net/search?field=44
https://www.behance.net/search?field=78
https://www.behance.net/search?field=66

https://www.behance.net/natashakedia
https://www.behance.net/devansh2594598
https://www.behance.net/search?content=users&sort=appreciations&country=IN&city=Pune
https://www.behance.net/search?field=44
https://www.behance.net/search?field=5
https://www.behance.net/search?field=122

https://www.behance.net/devansh2594598
https://www.behance.net/Jahnvi_Mudgal
https://www.behance.net/search?content=users&sort=appreciations&country=IN&city=Pune
https://www.behance.net/search?field=51
https://www.behance.net/search?field=132
https://www.behance.net/search?field=102

https://www.behance.net/Jahnvi_Mudgal
https://www.behance.net/yogesh02
https://www.behance.net/search?content=users&sort=appreciations&country=IN&city=Pune
https://www.behance.net/search?field=108
https://www.behance.net/search?field=44
https://www.behance.net/search?field=78

https://www.behance.net/yogesh02
https://www.behance.net/chandrakant
https://www.behance.net/search?content=users&sort=appreciations&country=IN&city=Pune
https://www.behance.net/search?field=132
https://www.behance.net/search?field=44
https://www.behance.net/search?field=102

https://www.behance.net/chandrakant
https://www.behance.net/bajpairuchi
https://www.behance.net/search?content=users&sort=appreciations&country=IN&city=Pune
https://www.behance.net/search?field=44
https://www.behance.net/search?field=48
https://www.behance.net/search?field=78

https://www.behance.net/bajpairuchi
https://www.behance.net/payaljagwani
https://www.behance.net/search?content=users&sort=appreciations&country=IN&city=Pune
https://www.behance.net/search?field=44
https://www.behance.net/search?field=109
https://www.behance.net/search?field=5

https://www.behance.net/payaljagwani
https://www.behance.net/Pseudogeologist
https://www.behance.net/search?content=users&sort=appreciations&country=IN&city=Pune
https://www.behance.net/search?field=44
https://www.behance.net/search?field=48
https://www.behance.net/search?field=78

https://www.behance.net/Pseudogeologist
https://www.behance.net/ParinSanghvi
https://www.behance.net/search?content=users&sort=appreciations&country=IN&city=Pune
https://www.behance.net/search?field=79
https://www.behance.net/search?field=49
https://www.behance.net/search?field=66

https://www.behance.net/ParinSanghvi
https://www.behance.net/NehaKarnik
https://www.behance.net/search?content=users&sort=appreciations&country=IN&city=Pune
https://www.behance.net/search?field=48
https://www.behance.net/search?field=73
https://www.behance.net/search?field=44

https://www.behance.net/NehaKarnik
https://www.behance.net/aniket1warade7998
https://www.behance.net/search?content=users&sort=appreciations&country=IN&city=Pune
https://www.behance.net/search?field=49
https://www.behance.net/search?field=132
https://www.behance.net/search?field=79

https://www.behance.net/aniket1warade7998
https://www.behance.net/anupreeta
https://www.behance.net/search?content=users&sort=appreciations&country=IN&city=Pune
https://www.behance.net/search?field=79
https://www.behance.net/search?field=49
https://www.behance.net/search?field=51

https://www.behance.net/anupreeta
https://www.behance.net/RD-Singh
https://www.behance.net/search?content=users&sort=appreciations&country=IN&city=Pune
https://www.behance.net/search?field=49
https://www.behance.net/search?field=130

https://www.behance.net/RD-Singh
https://www.behance.net/ManaseeWakde
https://www.behance.net/search?content=users&sort=appreciations&country=IN&city=Pune
https://www.behance.net/search?field=44
https://www.behance.net/search?field=109
https://www.behance.net/search?field=108

https://www.behance.net/ManaseeWakde
https://www.behance.net/simoneliane
https://www.behance.net/search?content=users&sort=appreciations&country=IN&city=Pune
https://www.behance.net/search?field=112
https://www.behance.net/search?field=67
https://www.behance.net/search?field=133

https://www.behance.net/simoneliane
https://www.behance.net/holesuhas
https://www.behance.net/search?content=users&sort=appreciations&country=IN&city=Pune
https://www.behance.net/search?field=102
https://www.behance.net/search?field=44
https://www.behance.net/search?field=132

https://www.behance.net/holesuhas
https://www.behance.net/sonalawasthi
https://www.behance.net/search?content=users&sort=appreciations&country=IN&city=Pune
https://www.behance.net/search?field=44
https://www.behance.net/search?field=109
https://www.behance.net/search?field=48

https://www.behance.net/sonalawasthi
https://www.behance.net/KedarK
https://www.behance.net/search?content=users&sort=appreciations&country=IN&city=Pune
https://www.behance.net/search?field=108
https://www.behance.net/search?field=44
https://www.behance.net/search?field=78

https://www.behance.net/KedarK
https://www.behance.net/chandanmishra
https://www.behance.net/search?content=users&sort=appreciations&country=IN&city=Pune
https://www.behance.net/search?field=132
https://www.behance.net/search?field=102
https://www.behance.net/search?field=103

https://www.behance.net/chandanmishra
https://www.behance.net/AnisVasave
https://www.behance.net/search?content=users&sort=appreciations&country=IN&city=Pune
https://www.behance.net/search?field=49
https://www.behance.net/search?field=130
https://www.behance.net/search?field=79

https://www.behance.net/AnisVasave
https://www.behance.net/piyakude
https://www.behance.net/search?content=users&sort=appreciations&country=IN&city=Pune
https://www.behance.net/search?field=44
https://www.behance.net/search?field=48
https://www.behance.net/search?field=109

https://www.behance.net/piyakude
https://www.behance.net/priyanshi_khemka
https://www.behance.net/search?content=users&sort=appreciations&country=IN&city=Pune
https://www.behance.net/search?field=44
https://www.behance.net/search?field=48
https://www.behance.net/search?field=112

https://www.behance.net/priyanshi_khemka
https://www.behance.net/ridhika
https://www.behance.net/search?content=users&sort=appreciations&country=IN&city=Pune
https://www.behance.net/search?field=5
https://www.behance.net/search?field=44
https://www.behance.net/search?field=109

https://www.behance.net/ridhika
https://www.behance.net/amolhadkar
https://www.behance.net/search?content=users&sort=appreciations&country=IN&city=Pune
https://www.behance.net/search?field=132
https://www.behance.net/search?field=102
https://www.behance.net/search?field=51

https://www.behance.net/amolhadkar
https://www.behance.net/PoojaGAhuja
https://www.behance.net/search?content=users&sort=appreciations&country=IN&city=Pune
https://www.behance.net/search?field=44
https://www.behance.net/search?field=78
https://www.behance.net/search?field=97

https://www.behance.net/PoojaGAhuja
https://www.behance.net/aakashsakla
https://www.behance.net/search?content=users&sort=appreciations&country=IN&city=Pune
https://www.behance.net/search?field=44
https://www.behance.net/search?field=132
https://www.behance.net/search?field=51

https://www.behance.net/aakashsakla
https://www.behance.net/SohaSavant
https://www.behance.net/search?content=users&sort=appreciations&country=IN&city=Pune
https://www.behance.net/search?field=49
https://www.behance.net/search?field=79
https://www.behance.net/search?field=66

https://www.behance.net/SohaSavant
https://www.behance.net/21tanya_kar
https://www.behance.net/search?content=users&sort=appreciations&country=IN&city=Pune
https://www.behance.net/search?field=44
https://www.behance.net/search?field=48
https://www.behance.net/search?field=109

https://www.behance.net/21tanya_kar
https://www.behance.net/Sukanta_Dasgupta
https://www.behance.net/search?content=users&sort=appreciations&country=IN&city=Pune
https://www.behance.net/search?field=112
https://www.behance.net/search?field=67
https://www.behance.net/search?field=21

https://www.behance.net/Sukanta_Dasgupta
https://www.behance.net/vallubkul
https://www.behance.net/search?content=users&sort=appreciations&country=IN&city=Pune
https://www.behance.net/search?field=44
https://www.behance.net/search?field=132
https://www.behance.net/search?field=102

https://www.behance.net/vallubkul
https://www.behance.net/ShwetaIssrani
https://www.behance.net/search?content=users&sort=appreciations&country=IN&city=Pune
https://www.behance.net/search?field=93
https://www.behance.net/search?field=37
https://www.behance.net/search?field=73

https://www.behance.net/ShwetaIssrani
https://www.behance.net/swaroopkot4c2d
https://www.behance.net/search?content=users&sort=appreciations&country=IN&city=Pune
https://www.behance.net/search?field=67
https://www.behance.net/search?field=122
https://www.behance.net/search?field=110

https://www.behance.net/swaroopkot4c2d
https://www.behance.net/Laavanya
https://www.behance.net/search?content=users&sort=appreciations&country=IN&city=Pune
https://www.behance.net/search?field=44
https://www.behance.net/search?field=73
https://www.behance.net/search?field=109

https://www.behance.net/Laavanya
https://www.behance.net/ABHIJIT_MULEY
https://www.behance.net/search?content=users&sort=appreciations&country=IN&city=Pune
https://www.behance.net/search?field=4

https://www.behance.net/ABHIJIT_MULEY
https://www.behance.net/Malleka
https://www.behance.net/search?content=users&sort=appreciations&country=IN&city=Pune
https://www.behance.net/search?field=79
https://www.behance.net/search?field=49
https://www.behance.net/search?field=21

https://www.behance.net/Malleka
https://www.behance.net/ketankurwalkar
https://www.behance.net/search?content=users&sort=appreciations&country=IN&city=Pune
https://www.behance.net/search?field=4
https://www.behance.net/search?field=52
https://www.behance.net/search?field=55

https://www.behance.net/ketankurwalkar
https://www.behance.net/bhaktisudha
https://www.behance.net/search?content=users&sort=appreciations&country=IN&city=Pune
https://www.behance.net/search?field=44
https://www.behance.net/search?field=109
https://www.behance.net/search?field=108

https://www.behance.net/bhaktisudha
https://www.behance.net/Urvil
https://www.behance.net/search?content=users&sort=appreciations&country=IN&city=Pune
https://www.behance.net/search?field=44
https://www.behance.net/search?field=122
https://www.behance.net/search?field=97

https://www.behance.net/Urvil
https://www.behance.net/anuttarage5835
https://www.behance.net/search?content=users&sort=appreciations&country=IN&city=Pune
https://www.behance.net/search?field=109
https://www.behance.net/search?field=44
https://www.behance.net/search?field=79

https://www.behance.net/anuttarage5835
https://www.behance.net/vijaypowar
https://www.behance.net/search?content=users&sort=appreciations&country=IN&city=Pune
https://www.behance.net/search?field=73
https://www.behance.net/search?field=37
https://www.behance.net/search?field=27

https://www.behance.net/vijaypowar
https://www.behance.net/Iamsonakshi
https://www.behance.net/search?content=users&sort=appreciations&country=IN&city=Pune
https://www.behance.net/search?field=44
https://www.behance.net/search?field=48
https://www.behance.net/search?field=78

https://www.behance.net/Iamsonakshi
https://www.behance.net/ruchadivekd554
https://www.behance.net/search?content=users&sort=appreciations&country=IN&city=Pune
https://www.behance.net/search?field=44
https://www.behance.net/search?field=48
https://www.behance.net/search?field=79

https://www.behance.net/ruchadivekd554
https://www.behance.net/abhishekbhandare
https://www.behance.net/search?content=users&sort=appreciations&country=IN&city=Pune
https://www.behance.net/search?field=130
https://www.behance.net/search?field=49
https://www.behance.net/search?field=51

https://www.behance.net/abhishekbhandare
https://www.behance.net/kvishwas
https://www.behance.net/search?content=users&sort=appreciations&country=IN&city=Pune
https://www.behance.net/search?field=73

https://www.behance.net/kvishwas
https://www.behance.net/poojadash
https://www.behance.net/search?content=users&sort=appreciations&country=IN&city=Pune
https://www.behance.net/search?field=73
https://www.behance.net/search?field=37
https://www.behance.net/search?field=32

https://www.behance.net/poojadash
https://www.behance.net/jsharma-designs
https://www.behance.net/search?content=users&sort=appreciations&country=IN&city=Pune
https://www.behance.net/search?field=109
https://www.behance.net/search?field=132
https://www.behance.net/search?field=108

https://www.behance.net/jsharma-designs
https://www.behance.net/shweta_artaholic
https://www.behance.net/search?content=users&sort=appreciations&country=IN&city=Pune
https://www.behance.net/search?field=48
https://www.behance.net/search?field=67
https://www.behance.net/search?field=122

https://www.behance.net/shweta_artaholic
https://www.behance.net/sankyabaglya
https://www.behance.net/search?content=users&sort=appreciations&country=IN&city=Pune
https://www.behance.net/search?field=132

https://www.behance.net/sankyabaglya
https://www.behance.net/7AishwaryaGathwala
https://www.behance.net/search?content=users&sort=appreciations&country=IN&city=Pune
https://www.behance.net/search?field=73
https://www.behance.net/search?field=5
https://www.behance.net/search?field=37

https://www.behance.net/7AishwaryaGathwala
https://www.behance.net/Neha_Nagvekar
https://www.behance.net/search?content=users&sort=appreciations&country=IN&city=Pune
https://www.behance.net/search?field=51
https://www.behance.net/search?field=132
https://www.behance.net/search?field=109

https://www.behance.net/Neha_Nagvekar
https://www.behance.net/ArtisticodopeoD
https://www.behance.net/search?content=users&sort=appreciations&country=IN&city=Pune
https://www.behance.net/search?field=44
https://www.behance.net/search?field=109
https://www.behance.net/search?field=5

https://www.behance.net/ArtisticodopeoD
https://www.behance.net/mihirjoglekar
https://www.behance.net/search?content=users&sort=appreciations&country=IN&city=Pune
https://www.behance.net/search?field=48
https://www.behance.net/search?field=5
https://www.behance.net/search?field=124

https://www.behance.net/mihirjoglekar
https://www.behance.net/yashdhavalikar
https://www.behance.net/search?content=users&sort=appreciations&country=IN&city=Pune
https://www.behance.net/search?field=44
https://www.behance.net/search?field=97
https://www.behance.net/search?field=73

https://www.behance.net/yashdhavalikar
https://www.behance.net/IamRasika
https://www.behance.net/search?content=users&sort=appreciations&country=IN&city=Pune
https://www.behance.net/search?field=44
https://www.behance.net/search?field=48
https://www.behance.net/search?field=109

https://www.behance.net/IamRasika
https://www.behance.net/nalinimangwani
https://www.behance.net/search?content=users&sort=appreciations&country=IN&city=Pune
https://www.behance.net/search?field=109
https://www.behance.net/search?field=78
https://www.behance.net/search?field=48

https://www.behance.net/nalinimangwani
https://www.behance.net/lemondesign
https://www.behance.net/search?content=users&sort=appreciations&country=IN&city=Pune
https://www.behance.net/search?field=52
https://www.behance.net/search?field=87
https://www.behance.net/search?field=36

https://www.behance.net/lemondesign
https://www.behance.net/vjakkal
https://www.behance.net/search?content=users&sort=appreciations&country=IN&city=Pune
https://www.behance.net/search?field=44
https://www.behance.net/search?field=109
https://www.behance.net/search?field=48

https://www.behance.net/vjakkal
https://www.behance.net/AasthaBhattacharya
https://www.behance.net/search?content=users&sort=appreciations&country=IN&city=Pune
https://www.behance.net/search?field=44
https://www.behance.net/search?field=48
https://www.behance.net/search?field=109

https://www.behance.net/AasthaBhattacharya
https://www.behance.net/JuhiKamdar
https://www.behance.net/search?content=users&sort=appreciations&country=IN&city=Pune
https://www.behance.net/search?field=49
https://www.behance.net/search?field=4
https://www.behance.net/search?field=79

https://www.behance.net/JuhiKamdar
https://www.behance.net/VidhiGoyal
https://www.behance.net/search?content=users&sort=appreciations&country=IN&city=Pune
https://www.behance.net/search?field=112
https://www.behance.net/search?field=5
https://www.behance.net/search?field=48

https://www.behance.net/VidhiGoyal
https://www.behance.net/Ttabraham
https://www.behance.net/search?content=users&sort=appreciations&country=IN&city=Pune
https://www.behance.net/search?field=79
https://www.behance.net/search?field=49
https://www.behance.net/search?field=126

https://www.behance.net/Ttabraham
https://www.behance.net/yohanchacko
https://www.behance.net/search?content=users&sort=appreciations&country=IN&city=Pune
https://www.behance.net/search?field=79
https://www.behance.net/search?field=49
https://www.behance.net/search?field=66

https://www.behance.net/yohanchacko
https://www.behance.net/kunalgorakh
https://www.behance.net/search?content=users&sort=appreciations&country=IN&city=Pune
https://www.behance.net/search?field=44
https://www.behance.net/search?field=108
https://www.behance.net/search?field=132

https://www.behance.net/kunalgorakh
https://www.behance.net/kirankalamdani69b5
https://www.behance.net/search?content=users&sort=appreciations&country=IN&city=Pune
https://www.behance.net/search?field=4
https://www.behance.net/search?field=21
https://www.behance.net/search?field=27

https://www.behance.net/kirankalamdani69b5
https://www.behance.net/akashak92
https://www.behance.net/search?content=users&sort=appreciations&country=IN&city=Pune
https://www.behance.net/search?field=48
https://www.behance.net/search?field=44
https://www.behance.net/search?field=9

https://www.behance.net/akashak92
https://www.behance.net/DeeptiLele
https://www.behance.net/search?content=users&sort=appreciations&country=IN&city=Pune
https://www.behance.net/search?field=49
https://www.behance.net/search?field=79
https://www.behance.net/search?field=51

https://www.behance.net/DeeptiLele
https://www.behance.net/kaleidodrama
https://www.behance.net/search?content=users&sort=appreciations&country=IN&city=Pune
https://www.behance.net/search?field=67
https://www.behance.net/search?field=112
https://www.behance.net/search?field=110

https://www.behance.net/kaleidodrama
https://www.behance.net/swapnapatwardhan
https://www.behance.net/search?content=users&sort=appreciations&country=IN&city=Pune
https://www.behance.net/search?field=44
https://www.behance.net/search?field=78
https://www.behance.net/search?field=79

https://www.behance.net/swapnapatwardhan
https://www.behance.net/Bhavatosh
https://www.behance.net/search?content=users&sort=appreciations&country=IN&city=Pune
https://www.behance.net/search?field=44
https://www.behance.net/search?field=48
https://www.behance.net/search?field=132

https://www.behance.net/Bhavatosh
https://www.behance.net/khannaabhinandan
https://www.behance.net/search?content=users&sort=appreciations&country=IN&city=Pune
https://www.behance.net/search?field=48
https://www.behance.net/search?field=5
https://www.behance.net/search?field=108

https://www.behance.net/khannaabhinandan
https://www.behance.net/adityadash
https://www.behance.net/search?content=users&sort=appreciations&country=IN&city=Pune
https://www.behance.net/search?field=44
https://www.behance.net/search?field=122
https://www.behance.net/search?field=132

https://www.behance.net/adityadash
https://www.behance.net/webdesignerinpun
https://www.behance.net/search?content=users&sort=appreciations&country=IN&city=Pune
https://www.behance.net/search?field=109
https://www.behance.net/search?field=102
https://www.behance.net/search?field=44

https://www.behance.net/webdesignerinpun
https://www.behance.net/Sagarpuranik
https://www.behance.net/search?content=users&sort=appreciations&country=IN&city=Pune
https://www.behance.net/search?field=44
https://www.behance.net/search?field=48
https://www.behance.net/search?field=63

https://www.behance.net/Sagarpuranik
https://www.behance.net/adobetalent?tracking_source=discover_location_upsell
https://www.behance.net/search?field=44
https://www.behance.net/search?field=73
https://www.behance.net/search?field=51
https://www.behance.net/search?field=5
https://www.behance.net/search?field=48
https://www.behance.net/galleries
https://www.behance.net/about
http://blog.behance.net/
https://www.behance.net/dev
https://www.behance.net/reviews
https://www.behance.net/testimonials
http://99u.com/?utm_source=network&utm_medium=activity_feed_footer&utm_campaign=network_footer_references
https://www.behance.net/apps

https://www.behance.net/misc/terms
http://behancenetwork.zendesk.com/anonymous_requests/new
http://adobe.com/
https://www.behance.net/search?content=users&sort=views&time=week&location_id=16174445-en&country=IN&city=Pune#
https://www.behance.net/search
https://www.behance.net/galleries
https://www.behance.net/poweredby
https://www.behance.net/joblist
https://www.behance.net/apps
undefined
