var urls=$$('a');
for(url in urls)
 console.log(urls[url].href);
https://www.behance.net/
https://www.behance.net/search
https://www.behance.net/galleries
https://www.behance.net/poweredby
https://www.behance.net/joblist
https://www.behance.net/adobetalent?tracking_source=nav_button
https://www.behance.net/adobetalent?tracking_source=nav_button_logged_out

https://www.behance.net/adobetalent?tracking_source=nav_button_logged_out
https://www.adobe.com/

https://www.behance.net/

https://www.behance.net/

https://www.behance.net/search?sort=featured_date
https://www.behance.net/search?sort=appreciations
https://www.behance.net/search?sort=views
https://www.behance.net/search?sort=comments
https://www.behance.net/search?sort=published_date
https://www.behance.net/search?sort=followed
https://www.behance.net/search?time=all
https://www.behance.net/search?time=today
https://www.behance.net/search?time=week
https://www.behance.net/search?time=month

https://www.behance.net/abizarsabuwala
https://www.behance.net/search?content=users&sort=appreciations&country=IN&city=Rajkot
https://www.behance.net/search?field=48
https://www.behance.net/search?field=3
https://www.behance.net/search?field=130

https://www.behance.net/abizarsabuwala
https://www.behance.net/mayurkariya
https://www.behance.net/search?content=users&sort=appreciations&country=IN&city=Rajkot
https://www.behance.net/search?field=44
https://www.behance.net/search?field=32
https://www.behance.net/search?field=97

https://www.behance.net/mayurkariya
https://www.behance.net/elluminati
https://www.behance.net/search?content=users&sort=appreciations&country=IN&city=Rajkot
https://www.behance.net/search?field=132
https://www.behance.net/search?field=44
https://www.behance.net/search?field=109

https://www.behance.net/elluminati
https://www.behance.net/jpminfotech
https://www.behance.net/search?content=users&sort=appreciations&country=IN&city=Rajkot
https://www.behance.net/search?field=102
https://www.behance.net/search?field=51
https://www.behance.net/search?field=44

https://www.behance.net/jpminfotech
https://www.behance.net/Orangecult
https://www.behance.net/search?content=users&sort=appreciations&country=IN&city=Rajkot
https://www.behance.net/search?field=109
https://www.behance.net/search?field=108
https://www.behance.net/search?field=44

https://www.behance.net/Orangecult
https://www.behance.net/Vijay-Solanki-Venus
https://www.behance.net/search?content=users&sort=appreciations&country=IN&city=Rajkot
https://www.behance.net/search?field=44
https://www.behance.net/search?field=109
https://www.behance.net/search?field=102

https://www.behance.net/Vijay-Solanki-Venus
https://www.behance.net/dbhambhlani
https://www.behance.net/search?content=users&sort=appreciations&country=IN&city=Rajkot
https://www.behance.net/search?field=3
https://www.behance.net/search?field=73
https://www.behance.net/search?field=63

https://www.behance.net/dbhambhlani
https://www.behance.net/nicepeople
https://www.behance.net/search?content=users&sort=appreciations&country=IN&city=Rajkot
https://www.behance.net/search?field=44
https://www.behance.net/search?field=108
https://www.behance.net/search?field=122

https://www.behance.net/nicepeople
https://www.behance.net/descondesign
https://www.behance.net/search?content=users&sort=appreciations&country=IN&city=Rajkot
https://www.behance.net/search?field=49
https://www.behance.net/search?field=33
https://www.behance.net/search?field=130

https://www.behance.net/descondesign
https://www.behance.net/Designzforu
https://www.behance.net/search?content=users&sort=appreciations&country=IN&city=Rajkot
https://www.behance.net/search?field=132
https://www.behance.net/search?field=44
https://www.behance.net/search?field=102

https://www.behance.net/Designzforu
https://www.behance.net/shethraj6611cf
https://www.behance.net/search?content=users&sort=appreciations&country=IN&city=Rajkot
https://www.behance.net/search?field=44
https://www.behance.net/search?field=131
https://www.behance.net/search?field=102

https://www.behance.net/shethraj6611cf
https://www.behance.net/urja
https://www.behance.net/search?content=users&sort=appreciations&country=IN&city=Rajkot
https://www.behance.net/search?field=49
https://www.behance.net/search?field=109

https://www.behance.net/urja
https://www.behance.net/vikramvarotariya
https://www.behance.net/search?content=users&sort=appreciations&country=IN&city=Rajkot
https://www.behance.net/search?field=48
https://www.behance.net/search?field=112
https://www.behance.net/search?field=44

https://www.behance.net/vikramvarotariya
https://www.behance.net/ronakjoshi
https://www.behance.net/search?content=users&sort=appreciations&country=IN&city=Rajkot
https://www.behance.net/search?field=109
https://www.behance.net/search?field=44
https://www.behance.net/search?field=66

https://www.behance.net/ronakjoshi
https://www.behance.net/maulikmehta
https://www.behance.net/search?content=users&sort=appreciations&country=IN&city=Rajkot
https://www.behance.net/search?field=48
https://www.behance.net/search?field=124
https://www.behance.net/search?field=122

https://www.behance.net/maulikmehta
https://www.behance.net/ariseinfoway
https://www.behance.net/search?content=users&sort=appreciations&country=IN&city=Rajkot
https://www.behance.net/search?field=44
https://www.behance.net/search?field=109
https://www.behance.net/search?field=66

https://www.behance.net/ariseinfoway
https://www.behance.net/wearekanvas
https://www.behance.net/search?content=users&sort=appreciations&country=IN&city=Rajkot
https://www.behance.net/search?field=44
https://www.behance.net/search?field=109
https://www.behance.net/search?field=102

https://www.behance.net/wearekanvas
https://www.behance.net/ravitanti
https://www.behance.net/search?content=users&sort=appreciations&country=IN&city=Rajkot
https://www.behance.net/search?field=66

https://www.behance.net/ravitanti
https://www.behance.net/zedisdesigns
https://www.behance.net/search?content=users&sort=appreciations&country=IN&city=Rajkot
https://www.behance.net/search?field=44
https://www.behance.net/search?field=122
https://www.behance.net/search?field=136

https://www.behance.net/zedisdesigns
https://www.behance.net/redcubesoftware
https://www.behance.net/search?content=users&sort=appreciations&country=IN&city=Rajkot
https://www.behance.net/search?field=102
https://www.behance.net/search?field=132
https://www.behance.net/search?field=103

https://www.behance.net/redcubesoftware
https://www.behance.net/enlivendc
https://www.behance.net/search?content=users&sort=appreciations&country=IN&city=Rajkot
https://www.behance.net/search?field=109
https://www.behance.net/search?field=108
https://www.behance.net/search?field=5

https://www.behance.net/enlivendc
https://www.behance.net/vitbaraiya
https://www.behance.net/search?content=users&sort=appreciations&country=IN&city=Rajkot
https://www.behance.net/search?field=109
https://www.behance.net/search?field=44

https://www.behance.net/vitbaraiya
https://www.behance.net/sandylathiya
https://www.behance.net/search?content=users&sort=appreciations&country=IN&city=Rajkot
https://www.behance.net/search?field=132
https://www.behance.net/search?field=5
https://www.behance.net/search?field=44

https://www.behance.net/sandylathiya
https://www.behance.net/chintanparmar
https://www.behance.net/search?content=users&sort=appreciations&country=IN&city=Rajkot
https://www.behance.net/search?field=102
https://www.behance.net/search?field=109
https://www.behance.net/search?field=44

https://www.behance.net/chintanparmar
https://www.behance.net/phoenixmedialab
https://www.behance.net/search?content=users&sort=appreciations&country=IN&city=Rajkot
https://www.behance.net/search?field=48
https://www.behance.net/search?field=132
https://www.behance.net/search?field=44

https://www.behance.net/phoenixmedialab
https://www.behance.net/unmeshp
https://www.behance.net/search?content=users&sort=appreciations&country=IN&city=Rajkot
https://www.behance.net/search?field=44
https://www.behance.net/search?field=36
https://www.behance.net/search?field=109

https://www.behance.net/unmeshp
https://www.behance.net/dudakiyadhaval
https://www.behance.net/search?content=users&sort=appreciations&country=IN&city=Rajkot
https://www.behance.net/search?field=102
https://www.behance.net/search?field=103
https://www.behance.net/search?field=109

https://www.behance.net/dudakiyadhaval
https://www.behance.net/nareshpsolanki
https://www.behance.net/search?content=users&sort=appreciations&country=IN&city=Rajkot
https://www.behance.net/search?field=41
https://www.behance.net/search?field=44
https://www.behance.net/search?field=48

https://www.behance.net/nareshpsolanki
https://www.behance.net/hbskit
https://www.behance.net/search?content=users&sort=appreciations&country=IN&city=Rajkot
https://www.behance.net/search?field=44
https://www.behance.net/search?field=132
https://www.behance.net/search?field=109

https://www.behance.net/hbskit
https://www.behance.net/rizwaanshaikh
https://www.behance.net/search?content=users&sort=appreciations&country=IN&city=Rajkot
https://www.behance.net/search?field=63
https://www.behance.net/search?field=44
https://www.behance.net/search?field=38

https://www.behance.net/rizwaanshaikh
https://www.behance.net/xcodesolution
https://www.behance.net/search?content=users&sort=appreciations&country=IN&city=Rajkot
https://www.behance.net/search?field=44
https://www.behance.net/search?field=132
https://www.behance.net/search?field=131

https://www.behance.net/xcodesolution
https://www.behance.net/mythicsdesign
https://www.behance.net/search?content=users&sort=appreciations&country=IN&city=Rajkot
https://www.behance.net/search?field=44
https://www.behance.net/search?field=48
https://www.behance.net/search?field=132

https://www.behance.net/mythicsdesign
https://www.behance.net/RajBorkhatariya
https://www.behance.net/search?content=users&sort=appreciations&country=IN&city=Rajkot
https://www.behance.net/search?field=44
https://www.behance.net/search?field=102
https://www.behance.net/search?field=73

https://www.behance.net/RajBorkhatariya
https://www.behance.net/rcandesign
https://www.behance.net/search?content=users&sort=appreciations&country=IN&city=Rajkot
https://www.behance.net/search?field=78
https://www.behance.net/search?field=44
https://www.behance.net/search?field=109

https://www.behance.net/rcandesign
https://www.behance.net/DivyenBhadeshiya
https://www.behance.net/search?content=users&sort=appreciations&country=IN&city=Rajkot
https://www.behance.net/search?field=109
https://www.behance.net/search?field=44
https://www.behance.net/search?field=41

https://www.behance.net/DivyenBhadeshiya
https://www.behance.net/Vidhi_Chandaria
https://www.behance.net/search?content=users&sort=appreciations&country=IN&city=Rajkot
https://www.behance.net/search?field=49
https://www.behance.net/search?field=40
https://www.behance.net/search?field=52

https://www.behance.net/Vidhi_Chandaria
https://www.behance.net/blossoms2titoo
https://www.behance.net/search?content=users&sort=appreciations&country=IN&city=Rajkot
https://www.behance.net/search?field=44
https://www.behance.net/search?field=48
https://www.behance.net/search?field=122

https://www.behance.net/blossoms2titoo
https://www.behance.net/jayvirsinh
https://www.behance.net/search?content=users&sort=appreciations&country=IN&city=Rajkot
https://www.behance.net/search?field=44
https://www.behance.net/search?field=132

https://www.behance.net/jayvirsinh
https://www.behance.net/Kishantanti
https://www.behance.net/search?content=users&sort=appreciations&country=IN&city=Rajkot
https://www.behance.net/search?field=66
https://www.behance.net/search?field=44
https://www.behance.net/search?field=108

https://www.behance.net/Kishantanti
https://www.behance.net/EarthGraphics
https://www.behance.net/search?content=users&sort=appreciations&country=IN&city=Rajkot
https://www.behance.net/search?field=73
https://www.behance.net/search?field=136

https://www.behance.net/EarthGraphics
https://www.behance.net/artoware
https://www.behance.net/search?content=users&sort=appreciations&country=IN&city=Rajkot
https://www.behance.net/search?field=102
https://www.behance.net/search?field=44
https://www.behance.net/search?field=137

https://www.behance.net/artoware
https://www.behance.net/architgaje8168
https://www.behance.net/search?content=users&sort=appreciations&country=IN&city=Rajkot
https://www.behance.net/search?field=73

https://www.behance.net/architgaje8168
https://www.behance.net/HelleySoni
https://www.behance.net/search?content=users&sort=appreciations&country=IN&city=Rajkot
https://www.behance.net/search?field=52
https://www.behance.net/search?field=53
https://www.behance.net/search?field=130

https://www.behance.net/HelleySoni
https://www.behance.net/lixtech
https://www.behance.net/search?content=users&sort=appreciations&country=IN&city=Rajkot
https://www.behance.net/search?field=102
https://www.behance.net/search?field=44
https://www.behance.net/search?field=48

https://www.behance.net/lixtech
https://www.behance.net/rcngoswami
https://www.behance.net/search?content=users&sort=appreciations&country=IN&city=Rajkot
https://www.behance.net/search?field=97
https://www.behance.net/search?field=44

https://www.behance.net/rcngoswami
https://www.behance.net/AjitRajdev
https://www.behance.net/search?content=users&sort=appreciations&country=IN&city=Rajkot

https://www.behance.net/AjitRajdev
https://www.behance.net/sunnyrathod
https://www.behance.net/search?content=users&sort=appreciations&country=IN&city=Rajkot
https://www.behance.net/search?field=102
https://www.behance.net/search?field=132
https://www.behance.net/search?field=44

https://www.behance.net/sunnyrathod
https://www.behance.net/ajaniashish
https://www.behance.net/search?content=users&sort=appreciations&country=IN&city=Rajkot
https://www.behance.net/search?field=102
https://www.behance.net/search?field=132
https://www.behance.net/search?field=103

https://www.behance.net/ajaniashish
https://www.behance.net/search?field=44
https://www.behance.net/search?field=73
https://www.behance.net/search?field=51
https://www.behance.net/search?field=5
https://www.behance.net/search?field=48
https://www.behance.net/galleries
https://www.behance.net/about
http://blog.behance.net/
https://www.behance.net/dev
https://www.behance.net/reviews
https://www.behance.net/testimonials
http://99u.com/?utm_source=network&utm_medium=activity_feed_footer&utm_campaign=network_footer_references
https://www.behance.net/apps

https://www.behance.net/misc/terms
http://behancenetwork.zendesk.com/anonymous_requests/new
http://adobe.com/
https://www.behance.net/search?content=users&sort=views&time=week&location_id=1393852189-en&country=IN&city=Rajkot#
https://www.behance.net/search
https://www.behance.net/galleries
https://www.behance.net/poweredby
https://www.behance.net/joblist
https://www.behance.net/apps
undefined
