var urls=$$('a');
for(url in urls)
 console.log(urls[url].href);
https://www.behance.net/
https://www.behance.net/search
https://www.behance.net/galleries
https://www.behance.net/poweredby
https://www.behance.net/joblist
https://www.behance.net/adobetalent?tracking_source=nav_button
https://www.behance.net/adobetalent?tracking_source=nav_button_logged_out

https://www.behance.net/adobetalent?tracking_source=nav_button_logged_out
https://www.adobe.com/

https://www.behance.net/

https://www.behance.net/

https://www.behance.net/search?sort=featured_date
https://www.behance.net/search?sort=appreciations
https://www.behance.net/search?sort=views
https://www.behance.net/search?sort=comments
https://www.behance.net/search?sort=published_date
https://www.behance.net/search?sort=followed
https://www.behance.net/search?time=all
https://www.behance.net/search?time=today
https://www.behance.net/search?time=week
https://www.behance.net/search?time=month

https://www.behance.net/vijaybhuva
https://www.behance.net/search?content=users&sort=appreciations&country=IN&city=Surat
https://www.behance.net/search?field=44
https://www.behance.net/search?field=132
https://www.behance.net/search?field=102

https://www.behance.net/vijaybhuva
https://www.behance.net/itcrux
https://www.behance.net/search?content=users&sort=appreciations&country=IN&city=Surat
https://www.behance.net/search?field=132
https://www.behance.net/search?field=44
https://www.behance.net/search?field=51

https://www.behance.net/itcrux
https://www.behance.net/balvant_ahir
https://www.behance.net/search?content=users&sort=appreciations&country=IN&city=Surat
https://www.behance.net/search?field=48
https://www.behance.net/search?field=44
https://www.behance.net/search?field=109

https://www.behance.net/balvant_ahir
https://www.behance.net/havrah
https://www.behance.net/search?content=users&sort=appreciations&country=IN&city=Surat
https://www.behance.net/search?field=73
https://www.behance.net/search?field=93
https://www.behance.net/search?field=37

https://www.behance.net/havrah
https://www.behance.net/akashpalree1be
https://www.behance.net/search?content=users&sort=appreciations&country=IN&city=Surat
https://www.behance.net/search?field=73
https://www.behance.net/search?field=44
https://www.behance.net/search?field=122

https://www.behance.net/akashpalree1be
https://www.behance.net/dalpattapaniya
https://www.behance.net/search?content=users&sort=appreciations&country=IN&city=Surat
https://www.behance.net/search?field=44
https://www.behance.net/search?field=48
https://www.behance.net/search?field=109

https://www.behance.net/dalpattapaniya
https://www.behance.net/tcsspvtltd
https://www.behance.net/search?content=users&sort=appreciations&country=IN&city=Surat
https://www.behance.net/search?field=132
https://www.behance.net/search?field=44
https://www.behance.net/search?field=123

https://www.behance.net/tcsspvtltd
https://www.behance.net/sagarprajapati
https://www.behance.net/search?content=users&sort=appreciations&country=IN&city=Surat
https://www.behance.net/search?field=44
https://www.behance.net/search?field=63
https://www.behance.net/search?field=78

https://www.behance.net/sagarprajapati
https://www.behance.net/naitikpatel
https://www.behance.net/search?content=users&sort=appreciations&country=IN&city=Surat
https://www.behance.net/search?field=44
https://www.behance.net/search?field=48
https://www.behance.net/search?field=132

https://www.behance.net/naitikpatel
https://www.behance.net/jatinlathiya
https://www.behance.net/search?content=users&sort=appreciations&country=IN&city=Surat
https://www.behance.net/search?field=132
https://www.behance.net/search?field=102
https://www.behance.net/search?field=44

https://www.behance.net/jatinlathiya
https://www.behance.net/ermanish78882d
https://www.behance.net/search?content=users&sort=appreciations&country=IN&city=Surat
https://www.behance.net/search?field=110
https://www.behance.net/search?field=67
https://www.behance.net/search?field=9

https://www.behance.net/ermanish78882d
https://www.behance.net/Shital_Patel
https://www.behance.net/search?content=users&sort=appreciations&country=IN&city=Surat
https://www.behance.net/search?field=44
https://www.behance.net/search?field=48
https://www.behance.net/search?field=131

https://www.behance.net/Shital_Patel
https://www.behance.net/prajapatiankit15d873
https://www.behance.net/search?content=users&sort=appreciations&country=IN&city=Surat
https://www.behance.net/search?field=48
https://www.behance.net/search?field=41
https://www.behance.net/search?field=9

https://www.behance.net/prajapatiankit15d873
https://www.behance.net/rasikambaliya
https://www.behance.net/search?content=users&sort=appreciations&country=IN&city=Surat
https://www.behance.net/search?field=132
https://www.behance.net/search?field=102

https://www.behance.net/rasikambaliya
https://www.behance.net/Abdulkaiyum
https://www.behance.net/search?content=users&sort=appreciations&country=IN&city=Surat
https://www.behance.net/search?field=132
https://www.behance.net/search?field=44
https://www.behance.net/search?field=103

https://www.behance.net/Abdulkaiyum
https://www.behance.net/whiteorang5fa4
https://www.behance.net/search?content=users&sort=appreciations&country=IN&city=Surat
https://www.behance.net/search?field=132
https://www.behance.net/search?field=44
https://www.behance.net/search?field=102

https://www.behance.net/whiteorang5fa4
https://www.behance.net/daddysboy
https://www.behance.net/search?content=users&sort=appreciations&country=IN&city=Surat
https://www.behance.net/search?field=44
https://www.behance.net/search?field=132
https://www.behance.net/search?field=48

https://www.behance.net/daddysboy
https://www.behance.net/chintanzaveri01a5
https://www.behance.net/search?content=users&sort=appreciations&country=IN&city=Surat
https://www.behance.net/search?field=37
https://www.behance.net/search?field=137
https://www.behance.net/search?field=73

https://www.behance.net/chintanzaveri01a5
https://www.behance.net/akunal10
https://www.behance.net/search?content=users&sort=appreciations&country=IN&city=Surat
https://www.behance.net/search?field=48
https://www.behance.net/search?field=44
https://www.behance.net/search?field=109

https://www.behance.net/akunal10
https://www.behance.net/stephen-brown
https://www.behance.net/search?content=users&sort=appreciations&country=IN&city=Surat
https://www.behance.net/search?field=102
https://www.behance.net/search?field=103
https://www.behance.net/search?field=44

https://www.behance.net/stephen-brown
https://www.behance.net/amitsurti
https://www.behance.net/search?content=users&sort=appreciations&country=IN&city=Surat
https://www.behance.net/search?field=103
https://www.behance.net/search?field=73
https://www.behance.net/search?field=38

https://www.behance.net/amitsurti
https://www.behance.net/sagarpiyush
https://www.behance.net/search?content=users&sort=appreciations&country=IN&city=Surat
https://www.behance.net/search?field=132
https://www.behance.net/search?field=102
https://www.behance.net/search?field=48

https://www.behance.net/sagarpiyush
https://www.behance.net/diyupatel38507
https://www.behance.net/search?content=users&sort=appreciations&country=IN&city=Surat
https://www.behance.net/search?field=44
https://www.behance.net/search?field=112
https://www.behance.net/search?field=108

https://www.behance.net/diyupatel38507
https://www.behance.net/JotangiyaKishan
https://www.behance.net/search?content=users&sort=appreciations&country=IN&city=Surat

https://www.behance.net/JotangiyaKishan
https://www.behance.net/mithilajariwala
https://www.behance.net/search?content=users&sort=appreciations&country=IN&city=Surat
https://www.behance.net/search?field=74
https://www.behance.net/search?field=73
https://www.behance.net/search?field=27

https://www.behance.net/mithilajariwala
https://www.behance.net/poojajariwala
https://www.behance.net/search?content=users&sort=appreciations&country=IN&city=Surat
https://www.behance.net/search?field=73
https://www.behance.net/search?field=37
https://www.behance.net/search?field=27

https://www.behance.net/poojajariwala
https://www.behance.net/templatetrip
https://www.behance.net/search?content=users&sort=appreciations&country=IN&city=Surat
https://www.behance.net/search?field=102
https://www.behance.net/search?field=37
https://www.behance.net/search?field=79

https://www.behance.net/templatetrip
https://www.behance.net/JemisMali
https://www.behance.net/search?content=users&sort=appreciations&country=IN&city=Surat
https://www.behance.net/search?field=44
https://www.behance.net/search?field=48
https://www.behance.net/search?field=131

https://www.behance.net/JemisMali
https://www.behance.net/NileshKevadiya
https://www.behance.net/search?content=users&sort=appreciations&country=IN&city=Surat
https://www.behance.net/search?field=44
https://www.behance.net/search?field=132
https://www.behance.net/search?field=102

https://www.behance.net/NileshKevadiya
https://www.behance.net/VIshalNakum_93
https://www.behance.net/search?content=users&sort=appreciations&country=IN&city=Surat
https://www.behance.net/search?field=44
https://www.behance.net/search?field=132
https://www.behance.net/search?field=51

https://www.behance.net/VIshalNakum_93
https://www.behance.net/PrakashSavaj
https://www.behance.net/search?content=users&sort=appreciations&country=IN&city=Surat
https://www.behance.net/search?field=44
https://www.behance.net/search?field=132
https://www.behance.net/search?field=102

https://www.behance.net/PrakashSavaj
https://www.behance.net/jaydeepsolanki
https://www.behance.net/search?content=users&sort=appreciations&country=IN&city=Surat
https://www.behance.net/search?field=37
https://www.behance.net/search?field=136
https://www.behance.net/search?field=109

https://www.behance.net/jaydeepsolanki
https://www.behance.net/dharmeshtandel
https://www.behance.net/search?content=users&sort=appreciations&country=IN&city=Surat
https://www.behance.net/search?field=122
https://www.behance.net/search?field=136
https://www.behance.net/search?field=37

https://www.behance.net/dharmeshtandel
https://www.behance.net/Chhabiwala_
https://www.behance.net/search?content=users&sort=appreciations&country=IN&city=Surat
https://www.behance.net/search?field=73
https://www.behance.net/search?field=4
https://www.behance.net/search?field=27

https://www.behance.net/Chhabiwala_
https://www.behance.net/Shreya1011
https://www.behance.net/search?content=users&sort=appreciations&country=IN&city=Surat
https://www.behance.net/search?field=44
https://www.behance.net/search?field=108
https://www.behance.net/search?field=78

https://www.behance.net/Shreya1011
https://www.behance.net/sagarkoladiya
https://www.behance.net/search?content=users&sort=appreciations&country=IN&city=Surat
https://www.behance.net/search?field=132

https://www.behance.net/sagarkoladiya
https://www.behance.net/gaurangrashiwala
https://www.behance.net/search?content=users&sort=appreciations&country=IN&city=Surat
https://www.behance.net/search?field=52
https://www.behance.net/search?field=40
https://www.behance.net/search?field=49

https://www.behance.net/gaurangrashiwala
https://www.behance.net/karan_khundiwala9
https://www.behance.net/search?content=users&sort=appreciations&country=IN&city=Surat
https://www.behance.net/search?field=44
https://www.behance.net/search?field=132
https://www.behance.net/search?field=131

https://www.behance.net/karan_khundiwala9
https://www.behance.net/Sharad8866
https://www.behance.net/search?content=users&sort=appreciations&country=IN&city=Surat
https://www.behance.net/search?field=4

https://www.behance.net/Sharad8866
https://www.behance.net/kaushalthakkar
https://www.behance.net/search?content=users&sort=appreciations&country=IN&city=Surat
https://www.behance.net/search?field=44
https://www.behance.net/search?field=78
https://www.behance.net/search?field=109

https://www.behance.net/kaushalthakkar
https://www.behance.net/nandvarsh6
https://www.behance.net/search?content=users&sort=appreciations&country=IN&city=Surat
https://www.behance.net/search?field=48
https://www.behance.net/search?field=97
https://www.behance.net/search?field=108

https://www.behance.net/nandvarsh6
https://www.behance.net/hardx_fab
https://www.behance.net/search?content=users&sort=appreciations&country=IN&city=surat
https://www.behance.net/search?field=44
https://www.behance.net/search?field=109
https://www.behance.net/search?field=48

https://www.behance.net/hardx_fab
https://www.behance.net/thelogstory
https://www.behance.net/search?content=users&sort=appreciations&country=IN&city=Surat
https://www.behance.net/search?field=40
https://www.behance.net/search?field=52
https://www.behance.net/search?field=79

https://www.behance.net/thelogstory
https://www.behance.net/gotitushar
https://www.behance.net/search?content=users&sort=appreciations&country=IN&city=Surat
https://www.behance.net/search?field=73
https://www.behance.net/search?field=108
https://www.behance.net/search?field=27

https://www.behance.net/gotitushar
https://www.behance.net/priyankatodariya
https://www.behance.net/search?content=users&sort=appreciations&country=IN&city=Surat
https://www.behance.net/search?field=44
https://www.behance.net/search?field=102
https://www.behance.net/search?field=109

https://www.behance.net/priyankatodariya
https://www.behance.net/luminousman
https://www.behance.net/search?content=users&sort=appreciations&country=IN&city=Surat
https://www.behance.net/search?field=132

https://www.behance.net/luminousman
https://www.behance.net/Kaushikkachhadiya
https://www.behance.net/search?content=users&sort=appreciations&country=IN&city=Surat
https://www.behance.net/search?field=132

https://www.behance.net/Kaushikkachhadiya
https://www.behance.net/hardikchanchad
https://www.behance.net/search?content=users&sort=appreciations&country=IN&city=Surat
https://www.behance.net/search?field=108
https://www.behance.net/search?field=109
https://www.behance.net/search?field=44

https://www.behance.net/hardikchanchad
https://www.behance.net/roarstudios
https://www.behance.net/search?content=users&sort=appreciations&country=IN&city=Surat
https://www.behance.net/search?field=109
https://www.behance.net/search?field=44
https://www.behance.net/search?field=102

https://www.behance.net/roarstudios
https://www.behance.net/wajidshaikh
https://www.behance.net/search?content=users&sort=appreciations&country=IN&city=Surat
https://www.behance.net/search?field=136
https://www.behance.net/search?field=109
https://www.behance.net/search?field=122

https://www.behance.net/wajidshaikh
https://www.behance.net/keypixel
https://www.behance.net/search?content=users&sort=appreciations&country=IN&city=Surat
https://www.behance.net/search?field=132
https://www.behance.net/search?field=102
https://www.behance.net/search?field=103

https://www.behance.net/keypixel
https://www.behance.net/acekillerad
https://www.behance.net/search?content=users&sort=appreciations&country=IN&city=Surat
https://www.behance.net/search?field=44
https://www.behance.net/search?field=109
https://www.behance.net/search?field=48

https://www.behance.net/acekillerad
https://www.behance.net/sd98252b3bf
https://www.behance.net/search?content=users&sort=appreciations&country=IN&city=Surat
https://www.behance.net/search?field=55
https://www.behance.net/search?field=73

https://www.behance.net/sd98252b3bf
https://www.behance.net/SagarUnagar
https://www.behance.net/search?content=users&sort=appreciations&country=IN&city=Surat
https://www.behance.net/search?field=48
https://www.behance.net/search?field=44
https://www.behance.net/search?field=131

https://www.behance.net/SagarUnagar
https://www.behance.net/RaviMadadiya
https://www.behance.net/search?content=users&sort=appreciations&country=IN&city=Surat
https://www.behance.net/search?field=44
https://www.behance.net/search?field=131
https://www.behance.net/search?field=132

https://www.behance.net/RaviMadadiya
https://www.behance.net/habibsaiyed
https://www.behance.net/search?content=users&sort=appreciations&country=IN&city=Surat
https://www.behance.net/search?field=44
https://www.behance.net/search?field=78
https://www.behance.net/search?field=108

https://www.behance.net/habibsaiyed
https://www.behance.net/krupavadadoriya
https://www.behance.net/search?content=users&sort=appreciations&country=IN&city=Surat
https://www.behance.net/search?field=44
https://www.behance.net/search?field=132
https://www.behance.net/search?field=102

https://www.behance.net/krupavadadoriya
https://www.behance.net/themecafet8fa7
https://www.behance.net/search?content=users&sort=appreciations&country=IN&city=Surat
https://www.behance.net/search?field=102
https://www.behance.net/search?field=73
https://www.behance.net/search?field=79

https://www.behance.net/themecafet8fa7
https://www.behance.net/ravidesai
https://www.behance.net/search?content=users&sort=appreciations&country=IN&city=Surat
https://www.behance.net/search?field=132
https://www.behance.net/search?field=102
https://www.behance.net/search?field=51

https://www.behance.net/ravidesai
https://www.behance.net/sonani
https://www.behance.net/search?content=users&sort=appreciations&country=IN&city=Surat
https://www.behance.net/search?field=44
https://www.behance.net/search?field=73
https://www.behance.net/search?field=49

https://www.behance.net/sonani
https://www.behance.net/ketanlakhani
https://www.behance.net/search?content=users&sort=appreciations&country=IN&city=Surat
https://www.behance.net/search?field=132
https://www.behance.net/search?field=102
https://www.behance.net/search?field=103

https://www.behance.net/ketanlakhani
https://www.behance.net/charmitrivedi
https://www.behance.net/search?content=users&sort=appreciations&country=IN&city=Surat
https://www.behance.net/search?field=109
https://www.behance.net/search?field=108
https://www.behance.net/search?field=44

https://www.behance.net/charmitrivedi
https://www.behance.net/sagarkapadiya
https://www.behance.net/search?content=users&sort=appreciations&country=IN&city=Surat
https://www.behance.net/search?field=48
https://www.behance.net/search?field=44
https://www.behance.net/search?field=132

https://www.behance.net/sagarkapadiya
https://www.behance.net/Pahini_Doshi
https://www.behance.net/search?content=users&sort=appreciations&country=IN&city=Surat
https://www.behance.net/search?field=5
https://www.behance.net/search?field=93
https://www.behance.net/search?field=87

https://www.behance.net/Pahini_Doshi
https://www.behance.net/patel_jigar
https://www.behance.net/search?content=users&sort=appreciations&country=IN&city=Surat
https://www.behance.net/search?field=44
https://www.behance.net/search?field=122
https://www.behance.net/search?field=48

https://www.behance.net/patel_jigar
https://www.behance.net/drashtibor2aa6
https://www.behance.net/search?content=users&sort=appreciations&country=IN&city=Surat
https://www.behance.net/search?field=108
https://www.behance.net/search?field=44
https://www.behance.net/search?field=97

https://www.behance.net/drashtibor2aa6
https://www.behance.net/yogeshmendapra
https://www.behance.net/search?content=users&sort=appreciations&country=IN&city=Surat
https://www.behance.net/search?field=44
https://www.behance.net/search?field=78
https://www.behance.net/search?field=109

https://www.behance.net/yogeshmendapra
https://www.behance.net/pateljiten9720
https://www.behance.net/search?content=users&sort=appreciations&country=IN&city=Surat
https://www.behance.net/search?field=37
https://www.behance.net/search?field=136
https://www.behance.net/search?field=122

https://www.behance.net/pateljiten9720
https://www.behance.net/pujakedia
https://www.behance.net/search?content=users&sort=appreciations&country=IN&city=Surat
https://www.behance.net/search?field=73
https://www.behance.net/search?field=37

https://www.behance.net/pujakedia
https://www.behance.net/pradipmalaviya
https://www.behance.net/search?content=users&sort=appreciations&country=IN&city=Surat
https://www.behance.net/search?field=132
https://www.behance.net/search?field=102
https://www.behance.net/search?field=103

https://www.behance.net/pradipmalaviya
https://www.behance.net/JayeetaCreations
https://www.behance.net/search?content=users&sort=appreciations&country=IN&city=Surat
https://www.behance.net/search?field=44
https://www.behance.net/search?field=48
https://www.behance.net/search?field=110

https://www.behance.net/JayeetaCreations
https://www.behance.net/snehasarang
https://www.behance.net/search?content=users&sort=appreciations&country=IN&city=Surat
https://www.behance.net/search?field=73
https://www.behance.net/search?field=5
https://www.behance.net/search?field=48

https://www.behance.net/snehasarang
https://www.behance.net/ShaivalMehta
https://www.behance.net/search?content=users&sort=appreciations&country=IN&city=Surat
https://www.behance.net/search?field=44
https://www.behance.net/search?field=109
https://www.behance.net/search?field=93

https://www.behance.net/ShaivalMehta
https://www.behance.net/ankiitamaskara
https://www.behance.net/search?content=users&sort=appreciations&country=IN&city=Surat
https://www.behance.net/search?field=109
https://www.behance.net/search?field=102

https://www.behance.net/ankiitamaskara
https://www.behance.net/shivamprints
https://www.behance.net/search?content=users&sort=appreciations&country=IN&city=Surat
https://www.behance.net/search?field=93
https://www.behance.net/search?field=37

https://www.behance.net/shivamprints
https://www.behance.net/Trimantrafb41
https://www.behance.net/search?content=users&sort=appreciations&country=IN&city=Surat
https://www.behance.net/search?field=103
https://www.behance.net/search?field=102
https://www.behance.net/search?field=123

https://www.behance.net/Trimantrafb41
https://www.behance.net/rohannanavati
https://www.behance.net/search?content=users&sort=appreciations&country=IN&city=Surat
https://www.behance.net/search?field=44
https://www.behance.net/search?field=109

https://www.behance.net/rohannanavati
https://www.behance.net/nikhil_vaghela
https://www.behance.net/search?content=users&sort=appreciations&country=IN&city=Surat
https://www.behance.net/search?field=102

https://www.behance.net/nikhil_vaghela
https://www.behance.net/nikunj-gandhi
https://www.behance.net/search?content=users&sort=appreciations&country=IN&city=Surat
https://www.behance.net/search?field=103
https://www.behance.net/search?field=123

https://www.behance.net/nikunj-gandhi
https://www.behance.net/bhavijari
https://www.behance.net/search?content=users&sort=appreciations&country=IN&city=Surat
https://www.behance.net/search?field=44
https://www.behance.net/search?field=48
https://www.behance.net/search?field=131

https://www.behance.net/bhavijari
https://www.behance.net/krunal20189
https://www.behance.net/search?content=users&sort=appreciations&country=IN&city=Surat
https://www.behance.net/search?field=109
https://www.behance.net/search?field=44
https://www.behance.net/search?field=48

https://www.behance.net/krunal20189
https://www.behance.net/Harsh_Soni
https://www.behance.net/search?content=users&sort=appreciations&country=IN&city=Surat
https://www.behance.net/search?field=73
https://www.behance.net/search?field=44
https://www.behance.net/search?field=48

https://www.behance.net/Harsh_Soni
https://www.behance.net/umangsethia
https://www.behance.net/search?content=users&sort=appreciations&country=IN&city=Surat
https://www.behance.net/search?field=73
https://www.behance.net/search?field=122
https://www.behance.net/search?field=67

https://www.behance.net/umangsethia
https://www.behance.net/tlucasjeffrey196
https://www.behance.net/search?content=users&sort=appreciations&country=IN&city=Surat
https://www.behance.net/search?field=44
https://www.behance.net/search?field=15
https://www.behance.net/search?field=131

https://www.behance.net/tlucasjeffrey196
https://www.behance.net/search?field=44
https://www.behance.net/search?field=73
https://www.behance.net/search?field=51
https://www.behance.net/search?field=5
https://www.behance.net/search?field=48
https://www.behance.net/galleries
https://www.behance.net/about
http://blog.behance.net/
https://www.behance.net/dev
https://www.behance.net/reviews
https://www.behance.net/testimonials
http://99u.com/?utm_source=network&utm_medium=activity_feed_footer&utm_campaign=network_footer_references
https://www.behance.net/apps

https://www.behance.net/misc/terms
http://behancenetwork.zendesk.com/anonymous_requests/new
http://adobe.com/
https://www.behance.net/search?content=users&sort=views&time=week&location_id=391034125-en&country=IN&city=Surat#
https://www.behance.net/search
https://www.behance.net/galleries
https://www.behance.net/poweredby
https://www.behance.net/joblist
https://www.behance.net/apps
undefined
